[0.299s] DEBUG:colcon:Command line arguments: ['/usr/bin/colcon', 'build']
[0.299s] DEBUG:colcon:Parsed command line arguments: Namespace(log_base=None, log_level=None, verb_name='build', build_base='build', install_base='install', merge_install=False, symlink_install=False, test_result_base=None, continue_on_error=False, executor='parallel', parallel_workers=16, event_handlers=None, ignore_user_meta=False, metas=['./colcon.meta'], base_paths=['.'], packages_ignore=None, packages_ignore_regex=None, paths=None, packages_up_to=None, packages_up_to_regex=None, packages_above=None, packages_above_and_dependencies=None, packages_above_depth=None, packages_select_by_dep=None, packages_skip_by_dep=None, packages_skip_up_to=None, packages_select_build_failed=False, packages_skip_build_finished=False, packages_select_test_failures=False, packages_skip_test_passed=False, packages_select=None, packages_skip=None, packages_select_regex=None, packages_skip_regex=None, packages_start=None, packages_end=None, allow_overriding=[], cmake_args=None, cmake_target=None, cmake_target_skip_unavailable=False, cmake_clean_cache=False, cmake_clean_first=False, cmake_force_configure=False, ament_cmake_args=None, catkin_cmake_args=None, catkin_skip_building_tests=False, mixin_files=None, mixin=None, verb_parser=<colcon_mixin.mixin.mixin_argument.MixinArgumentDecorator object at 0x71d49a01dc40>, verb_extension=<colcon_core.verb.build.BuildVerb object at 0x71d49a01d760>, main=<bound method BuildVerb.main of <colcon_core.verb.build.BuildVerb object at 0x71d49a01d760>>, mixin_verb=('build',))
[0.368s] Level 1:colcon.colcon_core.package_discovery:discover_packages(colcon_meta) check parameters
[0.368s] Level 1:colcon.colcon_core.package_discovery:discover_packages(recursive) check parameters
[0.368s] Level 1:colcon.colcon_core.package_discovery:discover_packages(ignore) check parameters
[0.368s] Level 1:colcon.colcon_core.package_discovery:discover_packages(path) check parameters
[0.368s] Level 1:colcon.colcon_core.package_discovery:discover_packages(colcon_meta) discover
[0.368s] Level 1:colcon.colcon_core.package_discovery:discover_packages(recursive) discover
[0.368s] INFO:colcon.colcon_core.package_discovery:Crawling recursively for packages in '/home/duy/ros2_ws/src/my_robot_localization'
[0.368s] Level 1:colcon.colcon_core.package_identification:_identify(.) by extensions ['ignore', 'ignore_ament_install']
[0.368s] Level 1:colcon.colcon_core.package_identification:_identify(.) by extension 'ignore'
[0.369s] Level 1:colcon.colcon_core.package_identification:_identify(.) by extension 'ignore_ament_install'
[0.369s] Level 1:colcon.colcon_core.package_identification:_identify(.) by extensions ['colcon_pkg']
[0.369s] Level 1:colcon.colcon_core.package_identification:_identify(.) by extension 'colcon_pkg'
[0.369s] Level 1:colcon.colcon_core.package_identification:_identify(.) by extensions ['colcon_meta']
[0.369s] Level 1:colcon.colcon_core.package_identification:_identify(.) by extension 'colcon_meta'
[0.369s] Level 1:colcon.colcon_core.package_identification:_identify(.) by extensions ['ros']
[0.369s] Level 1:colcon.colcon_core.package_identification:_identify(.) by extension 'ros'
[0.412s] DEBUG:colcon.colcon_core.package_identification:Package '.' with type 'ros.ament_cmake' and name 'my_robot_localization'
[0.412s] Level 1:colcon.colcon_core.package_discovery:discover_packages(recursive) using defaults
[0.412s] Level 1:colcon.colcon_core.package_discovery:discover_packages(ignore) discover
[0.412s] Level 1:colcon.colcon_core.package_discovery:discover_packages(ignore) using defaults
[0.412s] Level 1:colcon.colcon_core.package_discovery:discover_packages(path) discover
[0.412s] Level 1:colcon.colcon_core.package_discovery:discover_packages(path) using defaults
[0.442s] Level 1:colcon.colcon_core.package_discovery:discover_packages(prefix_path) check parameters
[0.442s] Level 1:colcon.colcon_core.package_discovery:discover_packages(prefix_path) discover
[0.445s] WARNING:colcon.colcon_core.prefix_path.colcon:The path '/home/duy/ros2_ws/src/qt_rviz_dashboard/install' in the environment variable COLCON_PREFIX_PATH doesn't exist
[0.446s] WARNING:colcon.colcon_ros.prefix_path.ament:The path '/home/duy/ros2_ws/install/qt_rviz_dashboard' in the environment variable AMENT_PREFIX_PATH doesn't exist
[0.447s] WARNING:colcon.colcon_ros.prefix_path.ament:The path '/home/duy/ros2_ws/src/qt_rviz_dashboard/install/qt_rviz_dashboard' in the environment variable AMENT_PREFIX_PATH doesn't exist
[0.447s] WARNING:colcon.colcon_ros.prefix_path.catkin:The path '/home/duy/ros2_ws/install/qt_rviz_dashboard' in the environment variable CMAKE_PREFIX_PATH doesn't exist
[0.448s] WARNING:colcon.colcon_ros.prefix_path.catkin:The path '/home/duy/ros2_ws/src/qt_rviz_dashboard/install/qt_rviz_dashboard' in the environment variable CMAKE_PREFIX_PATH doesn't exist
[0.450s] DEBUG:colcon.colcon_installed_package_information.package_discovery:Found 4 installed packages in /home/duy/ros2_ws/src/imu_tools/install
[0.451s] DEBUG:colcon.colcon_installed_package_information.package_discovery:Found 8 installed packages in /home/duy/ros2_ws/install
[0.452s] DEBUG:colcon.colcon_installed_package_information.package_discovery:Found 1 installed packages in /home/duy/ros2_ws/src/odom_encoder/install
[0.453s] DEBUG:colcon.colcon_installed_package_information.package_discovery:Found 12 installed packages in /home/duy/ros2_ws/src/install
[0.457s] DEBUG:colcon.colcon_installed_package_information.package_discovery:Found 397 installed packages in /opt/ros/jazzy
[0.459s] Level 1:colcon.colcon_core.package_discovery:discover_packages(prefix_path) using defaults
[0.543s] Level 5:colcon.colcon_core.verb:set package 'my_robot_localization' build argument 'cmake_args' from command line to 'None'
[0.543s] Level 5:colcon.colcon_core.verb:set package 'my_robot_localization' build argument 'cmake_target' from command line to 'None'
[0.543s] Level 5:colcon.colcon_core.verb:set package 'my_robot_localization' build argument 'cmake_target_skip_unavailable' from command line to 'False'
[0.543s] Level 5:colcon.colcon_core.verb:set package 'my_robot_localization' build argument 'cmake_clean_cache' from command line to 'False'
[0.543s] Level 5:colcon.colcon_core.verb:set package 'my_robot_localization' build argument 'cmake_clean_first' from command line to 'False'
[0.543s] Level 5:colcon.colcon_core.verb:set package 'my_robot_localization' build argument 'cmake_force_configure' from command line to 'False'
[0.543s] Level 5:colcon.colcon_core.verb:set package 'my_robot_localization' build argument 'ament_cmake_args' from command line to 'None'
[0.543s] Level 5:colcon.colcon_core.verb:set package 'my_robot_localization' build argument 'catkin_cmake_args' from command line to 'None'
[0.543s] Level 5:colcon.colcon_core.verb:set package 'my_robot_localization' build argument 'catkin_skip_building_tests' from command line to 'False'
[0.543s] DEBUG:colcon.colcon_core.verb:Building package 'my_robot_localization' with the following arguments: {'ament_cmake_args': None, 'build_base': '/home/duy/ros2_ws/src/my_robot_localization/build/my_robot_localization', 'catkin_cmake_args': None, 'catkin_skip_building_tests': False, 'cmake_args': None, 'cmake_clean_cache': False, 'cmake_clean_first': False, 'cmake_force_configure': False, 'cmake_target': None, 'cmake_target_skip_unavailable': False, 'install_base': '/home/duy/ros2_ws/src/my_robot_localization/install/my_robot_localization', 'merge_install': False, 'path': '/home/duy/ros2_ws/src/my_robot_localization', 'symlink_install': False, 'test_result_base': None}
[0.544s] INFO:colcon.colcon_core.executor:Executing jobs using 'parallel' executor
[0.545s] DEBUG:colcon.colcon_parallel_executor.executor.parallel:run_until_complete
[0.545s] INFO:colcon.colcon_ros.task.ament_cmake.build:Building ROS package in '/home/duy/ros2_ws/src/my_robot_localization' with build type 'ament_cmake'
[0.545s] INFO:colcon.colcon_cmake.task.cmake.build:Building CMake package in '/home/duy/ros2_ws/src/my_robot_localization'
[0.554s] INFO:colcon.colcon_core.plugin_system:Skipping extension 'colcon_core.shell.bat': Not used on non-Windows systems
[0.554s] INFO:colcon.colcon_core.shell:Skip shell extension 'powershell' for command environment: Not usable outside of PowerShell
[0.554s] DEBUG:colcon.colcon_core.shell:Skip shell extension 'dsv' for command environment
[0.573s] DEBUG:colcon.colcon_core.event_handler.log_command:Invoking command in '/home/duy/ros2_ws/src/my_robot_localization/build/my_robot_localization': CMAKE_PREFIX_PATH=${CMAKE_PREFIX_PATH}:/home/duy/ros2_ws/src/odom_encoder/install/odom_encoder:/home/duy/ros2_ws/install/odom_encoder:/home/duy/ros2_ws/src/install/ros2_opencv:/home/duy/ros2_ws/src/install/odom_encoder:/opt/ros/jazzy DEBUGINFOD_URLS=https://debuginfod.ubuntu.com /usr/bin/cmake /home/duy/ros2_ws/src/my_robot_localization -DCMAKE_INSTALL_PREFIX=/home/duy/ros2_ws/src/my_robot_localization/install/my_robot_localization
[2.724s] DEBUG:colcon.colcon_core.event_handler.log_command:Invoked command in '/home/duy/ros2_ws/src/my_robot_localization/build/my_robot_localization' returned '0': CMAKE_PREFIX_PATH=${CMAKE_PREFIX_PATH}:/home/duy/ros2_ws/src/odom_encoder/install/odom_encoder:/home/duy/ros2_ws/install/odom_encoder:/home/duy/ros2_ws/src/install/ros2_opencv:/home/duy/ros2_ws/src/install/odom_encoder:/opt/ros/jazzy DEBUGINFOD_URLS=https://debuginfod.ubuntu.com /usr/bin/cmake /home/duy/ros2_ws/src/my_robot_localization -DCMAKE_INSTALL_PREFIX=/home/duy/ros2_ws/src/my_robot_localization/install/my_robot_localization
[2.726s] DEBUG:colcon.colcon_core.event_handler.log_command:Invoking command in '/home/duy/ros2_ws/src/my_robot_localization/build/my_robot_localization': CMAKE_PREFIX_PATH=${CMAKE_PREFIX_PATH}:/home/duy/ros2_ws/src/odom_encoder/install/odom_encoder:/home/duy/ros2_ws/install/odom_encoder:/home/duy/ros2_ws/src/install/ros2_opencv:/home/duy/ros2_ws/src/install/odom_encoder:/opt/ros/jazzy DEBUGINFOD_URLS=https://debuginfod.ubuntu.com /usr/bin/cmake --build /home/duy/ros2_ws/src/my_robot_localization/build/my_robot_localization -- -j16 -l16
[2.780s] DEBUG:colcon.colcon_core.event_handler.log_command:Invoked command in '/home/duy/ros2_ws/src/my_robot_localization/build/my_robot_localization' returned '0': CMAKE_PREFIX_PATH=${CMAKE_PREFIX_PATH}:/home/duy/ros2_ws/src/odom_encoder/install/odom_encoder:/home/duy/ros2_ws/install/odom_encoder:/home/duy/ros2_ws/src/install/ros2_opencv:/home/duy/ros2_ws/src/install/odom_encoder:/opt/ros/jazzy DEBUGINFOD_URLS=https://debuginfod.ubuntu.com /usr/bin/cmake --build /home/duy/ros2_ws/src/my_robot_localization/build/my_robot_localization -- -j16 -l16
[2.794s] DEBUG:colcon.colcon_core.event_handler.log_command:Invoking command in '/home/duy/ros2_ws/src/my_robot_localization/build/my_robot_localization': CMAKE_PREFIX_PATH=${CMAKE_PREFIX_PATH}:/home/duy/ros2_ws/src/odom_encoder/install/odom_encoder:/home/duy/ros2_ws/install/odom_encoder:/home/duy/ros2_ws/src/install/ros2_opencv:/home/duy/ros2_ws/src/install/odom_encoder:/opt/ros/jazzy DEBUGINFOD_URLS=https://debuginfod.ubuntu.com /usr/bin/cmake --install /home/duy/ros2_ws/src/my_robot_localization/build/my_robot_localization
[2.809s] Level 1:colcon.colcon_core.environment:create_environment_scripts_only(my_robot_localization)
[2.810s] DEBUG:colcon.colcon_core.event_handler.log_command:Invoked command in '/home/duy/ros2_ws/src/my_robot_localization/build/my_robot_localization' returned '0': CMAKE_PREFIX_PATH=${CMAKE_PREFIX_PATH}:/home/duy/ros2_ws/src/odom_encoder/install/odom_encoder:/home/duy/ros2_ws/install/odom_encoder:/home/duy/ros2_ws/src/install/ros2_opencv:/home/duy/ros2_ws/src/install/odom_encoder:/opt/ros/jazzy DEBUGINFOD_URLS=https://debuginfod.ubuntu.com /usr/bin/cmake --install /home/duy/ros2_ws/src/my_robot_localization/build/my_robot_localization
[2.814s] Level 1:colcon.colcon_core.environment:checking '/home/duy/ros2_ws/src/my_robot_localization/install/my_robot_localization' for CMake module files
[2.814s] Level 1:colcon.colcon_core.environment:checking '/home/duy/ros2_ws/src/my_robot_localization/install/my_robot_localization' for CMake config files
[2.814s] Level 1:colcon.colcon_core.shell:create_environment_hook('my_robot_localization', 'cmake_prefix_path')
[2.815s] INFO:colcon.colcon_core.shell:Creating environment hook '/home/duy/ros2_ws/src/my_robot_localization/install/my_robot_localization/share/my_robot_localization/hook/cmake_prefix_path.ps1'
[2.815s] INFO:colcon.colcon_core.shell:Creating environment descriptor '/home/duy/ros2_ws/src/my_robot_localization/install/my_robot_localization/share/my_robot_localization/hook/cmake_prefix_path.dsv'
[2.815s] INFO:colcon.colcon_core.shell:Creating environment hook '/home/duy/ros2_ws/src/my_robot_localization/install/my_robot_localization/share/my_robot_localization/hook/cmake_prefix_path.sh'
[2.816s] Level 1:colcon.colcon_core.environment:checking '/home/duy/ros2_ws/src/my_robot_localization/install/my_robot_localization/bin'
[2.816s] Level 1:colcon.colcon_core.environment:checking '/home/duy/ros2_ws/src/my_robot_localization/install/my_robot_localization/lib/pkgconfig/my_robot_localization.pc'
[2.816s] Level 1:colcon.colcon_core.environment:checking '/home/duy/ros2_ws/src/my_robot_localization/install/my_robot_localization/lib/python3.12/site-packages'
[2.816s] Level 1:colcon.colcon_core.environment:checking '/home/duy/ros2_ws/src/my_robot_localization/install/my_robot_localization/bin'
[2.817s] INFO:colcon.colcon_core.shell:Creating package script '/home/duy/ros2_ws/src/my_robot_localization/install/my_robot_localization/share/my_robot_localization/package.ps1'
[2.817s] INFO:colcon.colcon_core.shell:Creating package descriptor '/home/duy/ros2_ws/src/my_robot_localization/install/my_robot_localization/share/my_robot_localization/package.dsv'
[2.817s] INFO:colcon.colcon_core.shell:Creating package script '/home/duy/ros2_ws/src/my_robot_localization/install/my_robot_localization/share/my_robot_localization/package.sh'
[2.818s] INFO:colcon.colcon_core.shell:Creating package script '/home/duy/ros2_ws/src/my_robot_localization/install/my_robot_localization/share/my_robot_localization/package.bash'
[2.818s] INFO:colcon.colcon_core.shell:Creating package script '/home/duy/ros2_ws/src/my_robot_localization/install/my_robot_localization/share/my_robot_localization/package.zsh'
[2.819s] Level 1:colcon.colcon_core.environment:create_file_with_runtime_dependencies(/home/duy/ros2_ws/src/my_robot_localization/install/my_robot_localization/share/colcon-core/packages/my_robot_localization)
[2.819s] Level 1:colcon.colcon_core.environment:create_environment_scripts_only(my_robot_localization)
[2.819s] Level 1:colcon.colcon_core.environment:checking '/home/duy/ros2_ws/src/my_robot_localization/install/my_robot_localization' for CMake module files
[2.820s] Level 1:colcon.colcon_core.environment:checking '/home/duy/ros2_ws/src/my_robot_localization/install/my_robot_localization' for CMake config files
[2.820s] Level 1:colcon.colcon_core.shell:create_environment_hook('my_robot_localization', 'cmake_prefix_path')
[2.820s] INFO:colcon.colcon_core.shell:Creating environment hook '/home/duy/ros2_ws/src/my_robot_localization/install/my_robot_localization/share/my_robot_localization/hook/cmake_prefix_path.ps1'
[2.820s] INFO:colcon.colcon_core.shell:Creating environment descriptor '/home/duy/ros2_ws/src/my_robot_localization/install/my_robot_localization/share/my_robot_localization/hook/cmake_prefix_path.dsv'
[2.820s] INFO:colcon.colcon_core.shell:Creating environment hook '/home/duy/ros2_ws/src/my_robot_localization/install/my_robot_localization/share/my_robot_localization/hook/cmake_prefix_path.sh'
[2.821s] Level 1:colcon.colcon_core.environment:checking '/home/duy/ros2_ws/src/my_robot_localization/install/my_robot_localization/bin'
[2.821s] Level 1:colcon.colcon_core.environment:checking '/home/duy/ros2_ws/src/my_robot_localization/install/my_robot_localization/lib/pkgconfig/my_robot_localization.pc'
[2.821s] Level 1:colcon.colcon_core.environment:checking '/home/duy/ros2_ws/src/my_robot_localization/install/my_robot_localization/lib/python3.12/site-packages'
[2.821s] Level 1:colcon.colcon_core.environment:checking '/home/duy/ros2_ws/src/my_robot_localization/install/my_robot_localization/bin'
[2.821s] INFO:colcon.colcon_core.shell:Creating package script '/home/duy/ros2_ws/src/my_robot_localization/install/my_robot_localization/share/my_robot_localization/package.ps1'
[2.821s] INFO:colcon.colcon_core.shell:Creating package descriptor '/home/duy/ros2_ws/src/my_robot_localization/install/my_robot_localization/share/my_robot_localization/package.dsv'
[2.822s] INFO:colcon.colcon_core.shell:Creating package script '/home/duy/ros2_ws/src/my_robot_localization/install/my_robot_localization/share/my_robot_localization/package.sh'
[2.822s] INFO:colcon.colcon_core.shell:Creating package script '/home/duy/ros2_ws/src/my_robot_localization/install/my_robot_localization/share/my_robot_localization/package.bash'
[2.822s] INFO:colcon.colcon_core.shell:Creating package script '/home/duy/ros2_ws/src/my_robot_localization/install/my_robot_localization/share/my_robot_localization/package.zsh'
[2.823s] Level 1:colcon.colcon_core.environment:create_file_with_runtime_dependencies(/home/duy/ros2_ws/src/my_robot_localization/install/my_robot_localization/share/colcon-core/packages/my_robot_localization)
[2.823s] DEBUG:colcon.colcon_parallel_executor.executor.parallel:closing loop
[2.823s] DEBUG:colcon.colcon_parallel_executor.executor.parallel:loop closed
[2.823s] DEBUG:colcon.colcon_parallel_executor.executor.parallel:run_until_complete finished with '0'
[2.823s] DEBUG:colcon.colcon_core.event_reactor:joining thread
[2.831s] INFO:colcon.colcon_core.plugin_system:Skipping extension 'colcon_notification.desktop_notification.terminal_notifier': Not used on non-Darwin systems
[2.831s] INFO:colcon.colcon_core.plugin_system:Skipping extension 'colcon_notification.desktop_notification.win32': Not used on non-Windows systems
[2.831s] INFO:colcon.colcon_notification.desktop_notification:Sending desktop notification using 'notify2'
[2.850s] DEBUG:colcon.colcon_core.event_reactor:joined thread
[2.850s] INFO:colcon.colcon_core.shell:Creating prefix script '/home/duy/ros2_ws/src/my_robot_localization/install/local_setup.ps1'
[2.851s] INFO:colcon.colcon_core.shell:Creating prefix util module '/home/duy/ros2_ws/src/my_robot_localization/install/_local_setup_util_ps1.py'
[2.852s] INFO:colcon.colcon_core.shell:Creating prefix chain script '/home/duy/ros2_ws/src/my_robot_localization/install/setup.ps1'
[2.853s] INFO:colcon.colcon_core.shell:Creating prefix script '/home/duy/ros2_ws/src/my_robot_localization/install/local_setup.sh'
[2.854s] INFO:colcon.colcon_core.shell:Creating prefix util module '/home/duy/ros2_ws/src/my_robot_localization/install/_local_setup_util_sh.py'
[2.854s] INFO:colcon.colcon_core.shell:Creating prefix chain script '/home/duy/ros2_ws/src/my_robot_localization/install/setup.sh'
[2.855s] INFO:colcon.colcon_core.shell:Creating prefix script '/home/duy/ros2_ws/src/my_robot_localization/install/local_setup.bash'
[2.856s] INFO:colcon.colcon_core.shell:Creating prefix chain script '/home/duy/ros2_ws/src/my_robot_localization/install/setup.bash'
[2.857s] INFO:colcon.colcon_core.shell:Creating prefix script '/home/duy/ros2_ws/src/my_robot_localization/install/local_setup.zsh'
[2.857s] INFO:colcon.colcon_core.shell:Creating prefix chain script '/home/duy/ros2_ws/src/my_robot_localization/install/setup.zsh'
