[0.021s] Invoking command in '/home/duy/ros2_ws/src/imu_tools/build/rviz_imu_plugin': CMAKE_PREFIX_PATH=${CMAKE_PREFIX_PATH}:/home/duy/ros2_ws/install/odom_encoder:/opt/ros/jazzy DEBUGINFOD_URLS=https://debuginfod.ubuntu.com /usr/bin/cmake /home/duy/ros2_ws/src/imu_tools/rviz_imu_plugin -DCMAKE_INSTALL_PREFIX=/home/duy/ros2_ws/src/imu_tools/install/rviz_imu_plugin
[0.172s] -- The C compiler identification is GNU 13.3.0
[0.304s] -- The CXX compiler identification is GNU 13.3.0
[0.342s] -- Detecting C compiler ABI info
[0.528s] -- Detecting C compiler ABI info - done
[0.543s] -- Check for working C compiler: /usr/bin/cc - skipped
[0.544s] -- Detecting C compile features
[0.545s] -- Detecting C compile features - done
[0.563s] -- Detecting CXX compiler ABI info
[0.761s] -- Detecting CXX compiler ABI info - done
[0.777s] -- Check for working CXX compiler: /usr/bin/c++ - skipped
[0.777s] -- Detecting CXX compile features
[0.778s] -- Detecting CXX compile features - done
[0.806s] -- Found ament_cmake: 2.5.4 (/opt/ros/jazzy/share/ament_cmake/cmake)
[1.132s] -- Found Python3: /usr/bin/python3 (found version "3.12.3") found components: Interpreter 
[1.430s] -- Found message_filters: 4.11.8 (/opt/ros/jazzy/share/message_filters/cmake)
[1.566s] -- Found rosidl_generator_c: 4.6.6 (/opt/ros/jazzy/share/rosidl_generator_c/cmake)
[1.610s] -- Found rosidl_generator_cpp: 4.6.6 (/opt/ros/jazzy/share/rosidl_generator_cpp/cmake)
[1.660s] -- Using all available rosidl_typesupport_c: rosidl_typesupport_fastrtps_c;rosidl_typesupport_introspection_c
[1.711s] -- Using all available rosidl_typesupport_cpp: rosidl_typesupport_fastrtps_cpp;rosidl_typesupport_introspection_cpp
[1.855s] -- Found rmw_implementation_cmake: 7.3.2 (/opt/ros/jazzy/share/rmw_implementation_cmake/cmake)
[1.861s] -- Found rmw_fastrtps_cpp: 8.4.3 (/opt/ros/jazzy/share/rmw_fastrtps_cpp/cmake)
[1.985s] -- Found OpenSSL: /usr/lib/x86_64-linux-gnu/libcrypto.so (found version "3.0.13")  
[2.008s] -- Found FastRTPS: /opt/ros/jazzy/include (Required is at least version "2.13") 
[2.033s] -- Using RMW implementation 'rmw_fastrtps_cpp' as default
[2.170s] -- Found rviz_common: 14.1.16 (/opt/ros/jazzy/share/rviz_common/cmake)
[2.218s] -- Setting OGRE_DIR to: '/opt/ros/jazzy/share/rviz_ogre_vendor/cmake/../../../opt/rviz_ogre_vendor/lib/OGRE/cmake'
[2.220s] -- Found OGRE
[2.220s] --   static     : OFF
[2.220s] --   components : MeshLodGenerator;Overlay;Paging;Property;RTShaderSystem;Terrain;Volume
[2.220s] --   plugins    : Plugin_BSPSceneManager;Plugin_OctreeSceneManager;Plugin_PCZSceneManager;Plugin_ParticleFX;RenderSystem_GL;RenderSystem_GL3Plus;Codec_STBI
[2.220s] --   media      : /opt/ros/jazzy/opt/rviz_ogre_vendor/share/OGRE/Media
[2.220s] -- OGRE_LIBRARIES: OgreMeshLodGenerator;OgreOverlay;OgrePaging;OgreProperty;OgreRTShaderSystem;OgreTerrain;OgreVolume;OgreMain
[2.220s] -- OGRE_LIBRARY_DIRS: /opt/ros/jazzy/opt/rviz_ogre_vendor/lib
[2.220s] -- OGRE_PLUGINS: Plugin_BSPSceneManager;Plugin_OctreeSceneManager;Plugin_PCZSceneManager;Plugin_ParticleFX;RenderSystem_GL;RenderSystem_GL3Plus;Codec_STBI
[2.220s] -- OGRE_PLUGIN_DIR: /opt/ros/jazzy/opt/rviz_ogre_vendor/lib/OGRE
[2.220s] -- rviz_ogre_vendor::OgreOverlay for IMPORTED_LOCATION_RELEASE: /opt/ros/jazzy/opt/rviz_ogre_vendor/lib/libOgreOverlay.so
[2.221s] -- rviz_ogre_vendor::OgreOverlay for IMPORTED_LOCATION_DEBUG: /opt/ros/jazzy/opt/rviz_ogre_vendor/lib/libOgreOverlay.so
[2.221s] -- rviz_ogre_vendor::OgreMain for IMPORTED_LOCATION_RELEASE: /opt/ros/jazzy/opt/rviz_ogre_vendor/lib/libOgreMain.so
[2.221s] -- rviz_ogre_vendor::OgreMain for IMPORTED_LOCATION_DEBUG: /opt/ros/jazzy/opt/rviz_ogre_vendor/lib/libOgreMain.so
[2.255s] -- Found ZLIB: /usr/lib/x86_64-linux-gnu/libz.so (found version "1.3")  
[2.267s] -- Found OpenGL: /usr/lib/x86_64-linux-gnu/libOpenGL.so   
[2.453s] -- Found X11: /usr/include   
[2.453s] -- Looking for XOpenDisplay in /usr/lib/x86_64-linux-gnu/libX11.so;/usr/lib/x86_64-linux-gnu/libXext.so
[2.556s] -- Looking for XOpenDisplay in /usr/lib/x86_64-linux-gnu/libX11.so;/usr/lib/x86_64-linux-gnu/libXext.so - found
[2.556s] -- Looking for gethostbyname
[2.652s] -- Looking for gethostbyname - found
[2.652s] -- Looking for connect
[2.742s] -- Looking for connect - found
[2.743s] -- Looking for remove
[2.849s] -- Looking for remove - found
[2.850s] -- Looking for shmat
[2.962s] -- Looking for shmat - found
[2.962s] -- Looking for IceConnectionNumber in ICE
[3.069s] -- Looking for IceConnectionNumber in ICE - found
[3.322s] -- Setting yaml-cpp_DIR to: '/opt/ros/jazzy/share/yaml_cpp_vendor/cmake/../../../opt/yaml_cpp_vendor/share/cmake/yaml-cpp'
[3.438s] -- Configuring done (3.4s)
[3.483s] -- Generating done (0.0s)
[3.488s] -- Build files have been written to: /home/duy/ros2_ws/src/imu_tools/build/rviz_imu_plugin
[3.505s] Invoked command in '/home/duy/ros2_ws/src/imu_tools/build/rviz_imu_plugin' returned '0': CMAKE_PREFIX_PATH=${CMAKE_PREFIX_PATH}:/home/duy/ros2_ws/install/odom_encoder:/opt/ros/jazzy DEBUGINFOD_URLS=https://debuginfod.ubuntu.com /usr/bin/cmake /home/duy/ros2_ws/src/imu_tools/rviz_imu_plugin -DCMAKE_INSTALL_PREFIX=/home/duy/ros2_ws/src/imu_tools/install/rviz_imu_plugin
[3.507s] Invoking command in '/home/duy/ros2_ws/src/imu_tools/build/rviz_imu_plugin': CMAKE_PREFIX_PATH=${CMAKE_PREFIX_PATH}:/home/duy/ros2_ws/install/odom_encoder:/opt/ros/jazzy DEBUGINFOD_URLS=https://debuginfod.ubuntu.com /usr/bin/cmake --build /home/duy/ros2_ws/src/imu_tools/build/rviz_imu_plugin -- -j16 -l16
[3.578s] [  0%] Built target rviz_imu_plugin_autogen_timestamp_deps
[3.606s] [ 10%] [34m[1mAutomatic MOC for target rviz_imu_plugin[0m
[4.292s] [ 10%] Built target rviz_imu_plugin_autogen
[4.342s] [ 50%] [32mBuilding CXX object CMakeFiles/rviz_imu_plugin.dir/rviz_imu_plugin_autogen/mocs_compilation.cpp.o[0m
[4.342s] [ 50%] [32mBuilding CXX object CMakeFiles/rviz_imu_plugin.dir/src/mag_display.cpp.o[0m
[4.343s] [ 50%] [32mBuilding CXX object CMakeFiles/rviz_imu_plugin.dir/src/mag_visual.cpp.o[0m
[4.343s] [ 50%] [32mBuilding CXX object CMakeFiles/rviz_imu_plugin.dir/src/imu_acc_visual.cpp.o[0m
[4.344s] [ 80%] [32mBuilding CXX object CMakeFiles/rviz_imu_plugin.dir/src/imu_orientation_visual.cpp.o[0m
[4.344s] [ 80%] [32mBuilding CXX object CMakeFiles/rviz_imu_plugin.dir/src/imu_display.cpp.o[0m
[4.344s] [ 80%] [32mBuilding CXX object CMakeFiles/rviz_imu_plugin.dir/src/imu_axes_visual.cpp.o[0m
[18.896s] [ 90%] [32m[1mLinking CXX shared library librviz_imu_plugin.so[0m
[21.150s] [100%] Built target rviz_imu_plugin
[21.174s] Invoked command in '/home/duy/ros2_ws/src/imu_tools/build/rviz_imu_plugin' returned '0': CMAKE_PREFIX_PATH=${CMAKE_PREFIX_PATH}:/home/duy/ros2_ws/install/odom_encoder:/opt/ros/jazzy DEBUGINFOD_URLS=https://debuginfod.ubuntu.com /usr/bin/cmake --build /home/duy/ros2_ws/src/imu_tools/build/rviz_imu_plugin -- -j16 -l16
[21.190s] Invoking command in '/home/duy/ros2_ws/src/imu_tools/build/rviz_imu_plugin': CMAKE_PREFIX_PATH=${CMAKE_PREFIX_PATH}:/home/duy/ros2_ws/install/odom_encoder:/opt/ros/jazzy DEBUGINFOD_URLS=https://debuginfod.ubuntu.com /usr/bin/cmake --install /home/duy/ros2_ws/src/imu_tools/build/rviz_imu_plugin
[21.201s] -- Install configuration: ""
[21.202s] -- Installing: /home/duy/ros2_ws/src/imu_tools/install/rviz_imu_plugin/share/rviz_imu_plugin/plugin_description.xml
[21.202s] -- Installing: /home/duy/ros2_ws/src/imu_tools/install/rviz_imu_plugin/share/rviz_imu_plugin/environment/library_path.sh
[21.203s] -- Installing: /home/duy/ros2_ws/src/imu_tools/install/rviz_imu_plugin/share/rviz_imu_plugin/environment/library_path.dsv
[21.203s] -- Installing: /home/duy/ros2_ws/src/imu_tools/install/rviz_imu_plugin/lib/librviz_imu_plugin.so
[21.215s] -- Set non-toolchain portion of runtime path of "/home/duy/ros2_ws/src/imu_tools/install/rviz_imu_plugin/lib/librviz_imu_plugin.so" to ""
[21.215s] -- Installing: /home/duy/ros2_ws/src/imu_tools/install/rviz_imu_plugin/share/ament_index/resource_index/package_run_dependencies/rviz_imu_plugin
[21.215s] -- Installing: /home/duy/ros2_ws/src/imu_tools/install/rviz_imu_plugin/share/ament_index/resource_index/parent_prefix_path/rviz_imu_plugin
[21.215s] -- Installing: /home/duy/ros2_ws/src/imu_tools/install/rviz_imu_plugin/share/rviz_imu_plugin/environment/ament_prefix_path.sh
[21.215s] -- Installing: /home/duy/ros2_ws/src/imu_tools/install/rviz_imu_plugin/share/rviz_imu_plugin/environment/ament_prefix_path.dsv
[21.216s] -- Installing: /home/duy/ros2_ws/src/imu_tools/install/rviz_imu_plugin/share/rviz_imu_plugin/environment/path.sh
[21.216s] -- Installing: /home/duy/ros2_ws/src/imu_tools/install/rviz_imu_plugin/share/rviz_imu_plugin/environment/path.dsv
[21.216s] -- Installing: /home/duy/ros2_ws/src/imu_tools/install/rviz_imu_plugin/share/rviz_imu_plugin/local_setup.bash
[21.216s] -- Installing: /home/duy/ros2_ws/src/imu_tools/install/rviz_imu_plugin/share/rviz_imu_plugin/local_setup.sh
[21.216s] -- Installing: /home/duy/ros2_ws/src/imu_tools/install/rviz_imu_plugin/share/rviz_imu_plugin/local_setup.zsh
[21.217s] -- Installing: /home/duy/ros2_ws/src/imu_tools/install/rviz_imu_plugin/share/rviz_imu_plugin/local_setup.dsv
[21.217s] -- Installing: /home/duy/ros2_ws/src/imu_tools/install/rviz_imu_plugin/share/rviz_imu_plugin/package.dsv
[21.217s] -- Installing: /home/duy/ros2_ws/src/imu_tools/install/rviz_imu_plugin/share/ament_index/resource_index/packages/rviz_imu_plugin
[21.217s] -- Installing: /home/duy/ros2_ws/src/imu_tools/install/rviz_imu_plugin/share/ament_index/resource_index/rviz_common__pluginlib__plugin/rviz_imu_plugin
[21.218s] -- Installing: /home/duy/ros2_ws/src/imu_tools/install/rviz_imu_plugin/share/rviz_imu_plugin/cmake/ament_cmake_export_include_directories-extras.cmake
[21.218s] -- Installing: /home/duy/ros2_ws/src/imu_tools/install/rviz_imu_plugin/share/rviz_imu_plugin/cmake/ament_cmake_export_libraries-extras.cmake
[21.218s] -- Installing: /home/duy/ros2_ws/src/imu_tools/install/rviz_imu_plugin/share/rviz_imu_plugin/cmake/ament_cmake_export_dependencies-extras.cmake
[21.219s] -- Installing: /home/duy/ros2_ws/src/imu_tools/install/rviz_imu_plugin/share/rviz_imu_plugin/cmake/rviz_imu_pluginConfig.cmake
[21.219s] -- Installing: /home/duy/ros2_ws/src/imu_tools/install/rviz_imu_plugin/share/rviz_imu_plugin/cmake/rviz_imu_pluginConfig-version.cmake
[21.219s] -- Installing: /home/duy/ros2_ws/src/imu_tools/install/rviz_imu_plugin/share/rviz_imu_plugin/package.xml
[21.226s] Invoked command in '/home/duy/ros2_ws/src/imu_tools/build/rviz_imu_plugin' returned '0': CMAKE_PREFIX_PATH=${CMAKE_PREFIX_PATH}:/home/duy/ros2_ws/install/odom_encoder:/opt/ros/jazzy DEBUGINFOD_URLS=https://debuginfod.ubuntu.com /usr/bin/cmake --install /home/duy/ros2_ws/src/imu_tools/build/rviz_imu_plugin
