[0.319s] DEBUG:colcon:Command line arguments: ['/usr/bin/colcon', 'build']
[0.319s] DEBUG:colcon:Parsed command line arguments: Namespace(log_base=None, log_level=None, verb_name='build', build_base='build', install_base='install', merge_install=False, symlink_install=False, test_result_base=None, continue_on_error=False, executor='parallel', parallel_workers=16, event_handlers=None, ignore_user_meta=False, metas=['./colcon.meta'], base_paths=['.'], packages_ignore=None, packages_ignore_regex=None, paths=None, packages_up_to=None, packages_up_to_regex=None, packages_above=None, packages_above_and_dependencies=None, packages_above_depth=None, packages_select_by_dep=None, packages_skip_by_dep=None, packages_skip_up_to=None, packages_select_build_failed=False, packages_skip_build_finished=False, packages_select_test_failures=False, packages_skip_test_passed=False, packages_select=None, packages_skip=None, packages_select_regex=None, packages_skip_regex=None, packages_start=None, packages_end=None, allow_overriding=[], cmake_args=None, cmake_target=None, cmake_target_skip_unavailable=False, cmake_clean_cache=False, cmake_clean_first=False, cmake_force_configure=False, ament_cmake_args=None, catkin_cmake_args=None, catkin_skip_building_tests=False, mixin_files=None, mixin=None, verb_parser=<colcon_mixin.mixin.mixin_argument.MixinArgumentDecorator object at 0x78369d5ede20>, verb_extension=<colcon_core.verb.build.BuildVerb object at 0x78369d5eda90>, main=<bound method BuildVerb.main of <colcon_core.verb.build.BuildVerb object at 0x78369d5eda90>>, mixin_verb=('build',))
[0.403s] Level 1:colcon.colcon_core.package_discovery:discover_packages(colcon_meta) check parameters
[0.403s] Level 1:colcon.colcon_core.package_discovery:discover_packages(recursive) check parameters
[0.403s] Level 1:colcon.colcon_core.package_discovery:discover_packages(ignore) check parameters
[0.403s] Level 1:colcon.colcon_core.package_discovery:discover_packages(path) check parameters
[0.403s] Level 1:colcon.colcon_core.package_discovery:discover_packages(colcon_meta) discover
[0.403s] Level 1:colcon.colcon_core.package_discovery:discover_packages(recursive) discover
[0.403s] INFO:colcon.colcon_core.package_discovery:Crawling recursively for packages in '/home/duy/ros2_ws/src/imu_tools'
[0.404s] Level 1:colcon.colcon_core.package_identification:_identify(.) by extensions ['ignore', 'ignore_ament_install']
[0.404s] Level 1:colcon.colcon_core.package_identification:_identify(.) by extension 'ignore'
[0.404s] Level 1:colcon.colcon_core.package_identification:_identify(.) by extension 'ignore_ament_install'
[0.404s] Level 1:colcon.colcon_core.package_identification:_identify(.) by extensions ['colcon_pkg']
[0.404s] Level 1:colcon.colcon_core.package_identification:_identify(.) by extension 'colcon_pkg'
[0.404s] Level 1:colcon.colcon_core.package_identification:_identify(.) by extensions ['colcon_meta']
[0.404s] Level 1:colcon.colcon_core.package_identification:_identify(.) by extension 'colcon_meta'
[0.404s] Level 1:colcon.colcon_core.package_identification:_identify(.) by extensions ['ros']
[0.404s] Level 1:colcon.colcon_core.package_identification:_identify(.) by extension 'ros'
[0.445s] Level 1:colcon.colcon_core.package_identification:_identify(.) by extensions ['cmake', 'python']
[0.445s] Level 1:colcon.colcon_core.package_identification:_identify(.) by extension 'cmake'
[0.446s] Level 1:colcon.colcon_core.package_identification:_identify(.) by extension 'python'
[0.446s] Level 1:colcon.colcon_core.package_identification:_identify(.) by extensions ['python_setup_py']
[0.446s] Level 1:colcon.colcon_core.package_identification:_identify(.) by extension 'python_setup_py'
[0.446s] Level 1:colcon.colcon_core.package_identification:_identify(build) by extensions ['ignore', 'ignore_ament_install']
[0.446s] Level 1:colcon.colcon_core.package_identification:_identify(build) by extension 'ignore'
[0.446s] Level 1:colcon.colcon_core.package_identification:_identify(build) ignored
[0.446s] Level 1:colcon.colcon_core.package_identification:_identify(imu_complementary_filter) by extensions ['ignore', 'ignore_ament_install']
[0.447s] Level 1:colcon.colcon_core.package_identification:_identify(imu_complementary_filter) by extension 'ignore'
[0.447s] Level 1:colcon.colcon_core.package_identification:_identify(imu_complementary_filter) by extension 'ignore_ament_install'
[0.447s] Level 1:colcon.colcon_core.package_identification:_identify(imu_complementary_filter) by extensions ['colcon_pkg']
[0.447s] Level 1:colcon.colcon_core.package_identification:_identify(imu_complementary_filter) by extension 'colcon_pkg'
[0.447s] Level 1:colcon.colcon_core.package_identification:_identify(imu_complementary_filter) by extensions ['colcon_meta']
[0.447s] Level 1:colcon.colcon_core.package_identification:_identify(imu_complementary_filter) by extension 'colcon_meta'
[0.447s] Level 1:colcon.colcon_core.package_identification:_identify(imu_complementary_filter) by extensions ['ros']
[0.447s] Level 1:colcon.colcon_core.package_identification:_identify(imu_complementary_filter) by extension 'ros'
[0.452s] DEBUG:colcon.colcon_core.package_identification:Package 'imu_complementary_filter' with type 'ros.ament_cmake' and name 'imu_complementary_filter'
[0.453s] Level 1:colcon.colcon_core.package_identification:_identify(imu_filter_madgwick) by extensions ['ignore', 'ignore_ament_install']
[0.453s] Level 1:colcon.colcon_core.package_identification:_identify(imu_filter_madgwick) by extension 'ignore'
[0.453s] Level 1:colcon.colcon_core.package_identification:_identify(imu_filter_madgwick) by extension 'ignore_ament_install'
[0.453s] Level 1:colcon.colcon_core.package_identification:_identify(imu_filter_madgwick) by extensions ['colcon_pkg']
[0.453s] Level 1:colcon.colcon_core.package_identification:_identify(imu_filter_madgwick) by extension 'colcon_pkg'
[0.453s] Level 1:colcon.colcon_core.package_identification:_identify(imu_filter_madgwick) by extensions ['colcon_meta']
[0.453s] Level 1:colcon.colcon_core.package_identification:_identify(imu_filter_madgwick) by extension 'colcon_meta'
[0.453s] Level 1:colcon.colcon_core.package_identification:_identify(imu_filter_madgwick) by extensions ['ros']
[0.454s] Level 1:colcon.colcon_core.package_identification:_identify(imu_filter_madgwick) by extension 'ros'
[0.455s] DEBUG:colcon.colcon_core.package_identification:Package 'imu_filter_madgwick' with type 'ros.ament_cmake' and name 'imu_filter_madgwick'
[0.456s] Level 1:colcon.colcon_core.package_identification:_identify(imu_tools) by extensions ['ignore', 'ignore_ament_install']
[0.456s] Level 1:colcon.colcon_core.package_identification:_identify(imu_tools) by extension 'ignore'
[0.456s] Level 1:colcon.colcon_core.package_identification:_identify(imu_tools) by extension 'ignore_ament_install'
[0.456s] Level 1:colcon.colcon_core.package_identification:_identify(imu_tools) by extensions ['colcon_pkg']
[0.456s] Level 1:colcon.colcon_core.package_identification:_identify(imu_tools) by extension 'colcon_pkg'
[0.456s] Level 1:colcon.colcon_core.package_identification:_identify(imu_tools) by extensions ['colcon_meta']
[0.456s] Level 1:colcon.colcon_core.package_identification:_identify(imu_tools) by extension 'colcon_meta'
[0.456s] Level 1:colcon.colcon_core.package_identification:_identify(imu_tools) by extensions ['ros']
[0.456s] Level 1:colcon.colcon_core.package_identification:_identify(imu_tools) by extension 'ros'
[0.457s] DEBUG:colcon.colcon_core.package_identification:Package 'imu_tools' with type 'ros.ament_cmake' and name 'imu_tools'
[0.457s] Level 1:colcon.colcon_core.package_identification:_identify(install) by extensions ['ignore', 'ignore_ament_install']
[0.458s] Level 1:colcon.colcon_core.package_identification:_identify(install) by extension 'ignore'
[0.458s] Level 1:colcon.colcon_core.package_identification:_identify(install) ignored
[0.458s] Level 1:colcon.colcon_core.package_identification:_identify(log) by extensions ['ignore', 'ignore_ament_install']
[0.458s] Level 1:colcon.colcon_core.package_identification:_identify(log) by extension 'ignore'
[0.458s] Level 1:colcon.colcon_core.package_identification:_identify(log) ignored
[0.458s] Level 1:colcon.colcon_core.package_identification:_identify(rviz_imu_plugin) by extensions ['ignore', 'ignore_ament_install']
[0.459s] Level 1:colcon.colcon_core.package_identification:_identify(rviz_imu_plugin) by extension 'ignore'
[0.459s] Level 1:colcon.colcon_core.package_identification:_identify(rviz_imu_plugin) by extension 'ignore_ament_install'
[0.459s] Level 1:colcon.colcon_core.package_identification:_identify(rviz_imu_plugin) by extensions ['colcon_pkg']
[0.459s] Level 1:colcon.colcon_core.package_identification:_identify(rviz_imu_plugin) by extension 'colcon_pkg'
[0.459s] Level 1:colcon.colcon_core.package_identification:_identify(rviz_imu_plugin) by extensions ['colcon_meta']
[0.459s] Level 1:colcon.colcon_core.package_identification:_identify(rviz_imu_plugin) by extension 'colcon_meta'
[0.459s] Level 1:colcon.colcon_core.package_identification:_identify(rviz_imu_plugin) by extensions ['ros']
[0.459s] Level 1:colcon.colcon_core.package_identification:_identify(rviz_imu_plugin) by extension 'ros'
[0.461s] DEBUG:colcon.colcon_core.package_identification:Package 'rviz_imu_plugin' with type 'ros.ament_cmake' and name 'rviz_imu_plugin'
[0.461s] Level 1:colcon.colcon_core.package_discovery:discover_packages(recursive) using defaults
[0.461s] Level 1:colcon.colcon_core.package_discovery:discover_packages(ignore) discover
[0.461s] Level 1:colcon.colcon_core.package_discovery:discover_packages(ignore) using defaults
[0.461s] Level 1:colcon.colcon_core.package_discovery:discover_packages(path) discover
[0.461s] Level 1:colcon.colcon_core.package_discovery:discover_packages(path) using defaults
[0.498s] Level 1:colcon.colcon_core.package_discovery:discover_packages(prefix_path) check parameters
[0.498s] Level 1:colcon.colcon_core.package_discovery:discover_packages(prefix_path) discover
[0.502s] WARNING:colcon.colcon_core.prefix_path.colcon:The path '/home/duy/ros2_ws/src/qt_rviz_dashboard/install' in the environment variable COLCON_PREFIX_PATH doesn't exist
[0.502s] WARNING:colcon.colcon_ros.prefix_path.ament:The path '/home/duy/ros2_ws/install/qt_rviz_dashboard' in the environment variable AMENT_PREFIX_PATH doesn't exist
[0.503s] WARNING:colcon.colcon_ros.prefix_path.ament:The path '/home/duy/ros2_ws/src/qt_rviz_dashboard/install/qt_rviz_dashboard' in the environment variable AMENT_PREFIX_PATH doesn't exist
[0.504s] WARNING:colcon.colcon_ros.prefix_path.catkin:The path '/home/duy/ros2_ws/install/qt_rviz_dashboard' in the environment variable CMAKE_PREFIX_PATH doesn't exist
[0.504s] WARNING:colcon.colcon_ros.prefix_path.catkin:The path '/home/duy/ros2_ws/src/qt_rviz_dashboard/install/qt_rviz_dashboard' in the environment variable CMAKE_PREFIX_PATH doesn't exist
[0.506s] DEBUG:colcon.colcon_installed_package_information.package_discovery:Found 8 installed packages in /home/duy/ros2_ws/install
[0.507s] DEBUG:colcon.colcon_installed_package_information.package_discovery:Found 1 installed packages in /home/duy/ros2_ws/src/odom_encoder/install
[0.508s] DEBUG:colcon.colcon_installed_package_information.package_discovery:Found 12 installed packages in /home/duy/ros2_ws/src/install
[0.512s] DEBUG:colcon.colcon_installed_package_information.package_discovery:Found 397 installed packages in /opt/ros/jazzy
[0.514s] Level 1:colcon.colcon_core.package_discovery:discover_packages(prefix_path) using defaults
[0.600s] Level 5:colcon.colcon_core.verb:set package 'imu_complementary_filter' build argument 'cmake_args' from command line to 'None'
[0.600s] Level 5:colcon.colcon_core.verb:set package 'imu_complementary_filter' build argument 'cmake_target' from command line to 'None'
[0.600s] Level 5:colcon.colcon_core.verb:set package 'imu_complementary_filter' build argument 'cmake_target_skip_unavailable' from command line to 'False'
[0.600s] Level 5:colcon.colcon_core.verb:set package 'imu_complementary_filter' build argument 'cmake_clean_cache' from command line to 'False'
[0.600s] Level 5:colcon.colcon_core.verb:set package 'imu_complementary_filter' build argument 'cmake_clean_first' from command line to 'False'
[0.600s] Level 5:colcon.colcon_core.verb:set package 'imu_complementary_filter' build argument 'cmake_force_configure' from command line to 'False'
[0.600s] Level 5:colcon.colcon_core.verb:set package 'imu_complementary_filter' build argument 'ament_cmake_args' from command line to 'None'
[0.600s] Level 5:colcon.colcon_core.verb:set package 'imu_complementary_filter' build argument 'catkin_cmake_args' from command line to 'None'
[0.600s] Level 5:colcon.colcon_core.verb:set package 'imu_complementary_filter' build argument 'catkin_skip_building_tests' from command line to 'False'
[0.600s] DEBUG:colcon.colcon_core.verb:Building package 'imu_complementary_filter' with the following arguments: {'ament_cmake_args': None, 'build_base': '/home/duy/ros2_ws/src/imu_tools/build/imu_complementary_filter', 'catkin_cmake_args': None, 'catkin_skip_building_tests': False, 'cmake_args': None, 'cmake_clean_cache': False, 'cmake_clean_first': False, 'cmake_force_configure': False, 'cmake_target': None, 'cmake_target_skip_unavailable': False, 'install_base': '/home/duy/ros2_ws/src/imu_tools/install/imu_complementary_filter', 'merge_install': False, 'path': '/home/duy/ros2_ws/src/imu_tools/imu_complementary_filter', 'symlink_install': False, 'test_result_base': None}
[0.601s] Level 5:colcon.colcon_core.verb:set package 'imu_filter_madgwick' build argument 'cmake_args' from command line to 'None'
[0.601s] Level 5:colcon.colcon_core.verb:set package 'imu_filter_madgwick' build argument 'cmake_target' from command line to 'None'
[0.601s] Level 5:colcon.colcon_core.verb:set package 'imu_filter_madgwick' build argument 'cmake_target_skip_unavailable' from command line to 'False'
[0.601s] Level 5:colcon.colcon_core.verb:set package 'imu_filter_madgwick' build argument 'cmake_clean_cache' from command line to 'False'
[0.601s] Level 5:colcon.colcon_core.verb:set package 'imu_filter_madgwick' build argument 'cmake_clean_first' from command line to 'False'
[0.601s] Level 5:colcon.colcon_core.verb:set package 'imu_filter_madgwick' build argument 'cmake_force_configure' from command line to 'False'
[0.601s] Level 5:colcon.colcon_core.verb:set package 'imu_filter_madgwick' build argument 'ament_cmake_args' from command line to 'None'
[0.601s] Level 5:colcon.colcon_core.verb:set package 'imu_filter_madgwick' build argument 'catkin_cmake_args' from command line to 'None'
[0.601s] Level 5:colcon.colcon_core.verb:set package 'imu_filter_madgwick' build argument 'catkin_skip_building_tests' from command line to 'False'
[0.601s] DEBUG:colcon.colcon_core.verb:Building package 'imu_filter_madgwick' with the following arguments: {'ament_cmake_args': None, 'build_base': '/home/duy/ros2_ws/src/imu_tools/build/imu_filter_madgwick', 'catkin_cmake_args': None, 'catkin_skip_building_tests': False, 'cmake_args': None, 'cmake_clean_cache': False, 'cmake_clean_first': False, 'cmake_force_configure': False, 'cmake_target': None, 'cmake_target_skip_unavailable': False, 'install_base': '/home/duy/ros2_ws/src/imu_tools/install/imu_filter_madgwick', 'merge_install': False, 'path': '/home/duy/ros2_ws/src/imu_tools/imu_filter_madgwick', 'symlink_install': False, 'test_result_base': None}
[0.601s] Level 5:colcon.colcon_core.verb:set package 'rviz_imu_plugin' build argument 'cmake_args' from command line to 'None'
[0.601s] Level 5:colcon.colcon_core.verb:set package 'rviz_imu_plugin' build argument 'cmake_target' from command line to 'None'
[0.601s] Level 5:colcon.colcon_core.verb:set package 'rviz_imu_plugin' build argument 'cmake_target_skip_unavailable' from command line to 'False'
[0.601s] Level 5:colcon.colcon_core.verb:set package 'rviz_imu_plugin' build argument 'cmake_clean_cache' from command line to 'False'
[0.601s] Level 5:colcon.colcon_core.verb:set package 'rviz_imu_plugin' build argument 'cmake_clean_first' from command line to 'False'
[0.601s] Level 5:colcon.colcon_core.verb:set package 'rviz_imu_plugin' build argument 'cmake_force_configure' from command line to 'False'
[0.601s] Level 5:colcon.colcon_core.verb:set package 'rviz_imu_plugin' build argument 'ament_cmake_args' from command line to 'None'
[0.601s] Level 5:colcon.colcon_core.verb:set package 'rviz_imu_plugin' build argument 'catkin_cmake_args' from command line to 'None'
[0.601s] Level 5:colcon.colcon_core.verb:set package 'rviz_imu_plugin' build argument 'catkin_skip_building_tests' from command line to 'False'
[0.602s] DEBUG:colcon.colcon_core.verb:Building package 'rviz_imu_plugin' with the following arguments: {'ament_cmake_args': None, 'build_base': '/home/duy/ros2_ws/src/imu_tools/build/rviz_imu_plugin', 'catkin_cmake_args': None, 'catkin_skip_building_tests': False, 'cmake_args': None, 'cmake_clean_cache': False, 'cmake_clean_first': False, 'cmake_force_configure': False, 'cmake_target': None, 'cmake_target_skip_unavailable': False, 'install_base': '/home/duy/ros2_ws/src/imu_tools/install/rviz_imu_plugin', 'merge_install': False, 'path': '/home/duy/ros2_ws/src/imu_tools/rviz_imu_plugin', 'symlink_install': False, 'test_result_base': None}
[0.602s] Level 5:colcon.colcon_core.verb:set package 'imu_tools' build argument 'cmake_args' from command line to 'None'
[0.602s] Level 5:colcon.colcon_core.verb:set package 'imu_tools' build argument 'cmake_target' from command line to 'None'
[0.602s] Level 5:colcon.colcon_core.verb:set package 'imu_tools' build argument 'cmake_target_skip_unavailable' from command line to 'False'
[0.602s] Level 5:colcon.colcon_core.verb:set package 'imu_tools' build argument 'cmake_clean_cache' from command line to 'False'
[0.602s] Level 5:colcon.colcon_core.verb:set package 'imu_tools' build argument 'cmake_clean_first' from command line to 'False'
[0.602s] Level 5:colcon.colcon_core.verb:set package 'imu_tools' build argument 'cmake_force_configure' from command line to 'False'
[0.602s] Level 5:colcon.colcon_core.verb:set package 'imu_tools' build argument 'ament_cmake_args' from command line to 'None'
[0.602s] Level 5:colcon.colcon_core.verb:set package 'imu_tools' build argument 'catkin_cmake_args' from command line to 'None'
[0.602s] Level 5:colcon.colcon_core.verb:set package 'imu_tools' build argument 'catkin_skip_building_tests' from command line to 'False'
[0.602s] DEBUG:colcon.colcon_core.verb:Building package 'imu_tools' with the following arguments: {'ament_cmake_args': None, 'build_base': '/home/duy/ros2_ws/src/imu_tools/build/imu_tools', 'catkin_cmake_args': None, 'catkin_skip_building_tests': False, 'cmake_args': None, 'cmake_clean_cache': False, 'cmake_clean_first': False, 'cmake_force_configure': False, 'cmake_target': None, 'cmake_target_skip_unavailable': False, 'install_base': '/home/duy/ros2_ws/src/imu_tools/install/imu_tools', 'merge_install': False, 'path': '/home/duy/ros2_ws/src/imu_tools/imu_tools', 'symlink_install': False, 'test_result_base': None}
[0.602s] INFO:colcon.colcon_core.executor:Executing jobs using 'parallel' executor
[0.604s] DEBUG:colcon.colcon_parallel_executor.executor.parallel:run_until_complete
[0.604s] INFO:colcon.colcon_ros.task.ament_cmake.build:Building ROS package in '/home/duy/ros2_ws/src/imu_tools/imu_complementary_filter' with build type 'ament_cmake'
[0.604s] INFO:colcon.colcon_cmake.task.cmake.build:Building CMake package in '/home/duy/ros2_ws/src/imu_tools/imu_complementary_filter'
[0.614s] INFO:colcon.colcon_core.plugin_system:Skipping extension 'colcon_core.shell.bat': Not used on non-Windows systems
[0.614s] INFO:colcon.colcon_core.shell:Skip shell extension 'powershell' for command environment: Not usable outside of PowerShell
[0.614s] DEBUG:colcon.colcon_core.shell:Skip shell extension 'dsv' for command environment
[0.623s] INFO:colcon.colcon_ros.task.ament_cmake.build:Building ROS package in '/home/duy/ros2_ws/src/imu_tools/imu_filter_madgwick' with build type 'ament_cmake'
[0.624s] INFO:colcon.colcon_cmake.task.cmake.build:Building CMake package in '/home/duy/ros2_ws/src/imu_tools/imu_filter_madgwick'
[0.624s] INFO:colcon.colcon_core.shell:Skip shell extension 'powershell' for command environment: Not usable outside of PowerShell
[0.624s] DEBUG:colcon.colcon_core.shell:Skip shell extension 'dsv' for command environment
[0.634s] INFO:colcon.colcon_ros.task.ament_cmake.build:Building ROS package in '/home/duy/ros2_ws/src/imu_tools/rviz_imu_plugin' with build type 'ament_cmake'
[0.634s] INFO:colcon.colcon_cmake.task.cmake.build:Building CMake package in '/home/duy/ros2_ws/src/imu_tools/rviz_imu_plugin'
[0.634s] INFO:colcon.colcon_core.shell:Skip shell extension 'powershell' for command environment: Not usable outside of PowerShell
[0.634s] DEBUG:colcon.colcon_core.shell:Skip shell extension 'dsv' for command environment
[0.654s] DEBUG:colcon.colcon_core.event_handler.log_command:Invoking command in '/home/duy/ros2_ws/src/imu_tools/build/imu_complementary_filter': CMAKE_PREFIX_PATH=${CMAKE_PREFIX_PATH}:/home/duy/ros2_ws/src/odom_encoder/install/odom_encoder:/home/duy/ros2_ws/install/odom_encoder:/home/duy/ros2_ws/src/install/ros2_opencv:/home/duy/ros2_ws/src/install/odom_encoder:/opt/ros/jazzy DEBUGINFOD_URLS=https://debuginfod.ubuntu.com /usr/bin/cmake --build /home/duy/ros2_ws/src/imu_tools/build/imu_complementary_filter -- -j16 -l16
[0.659s] DEBUG:colcon.colcon_core.event_handler.log_command:Invoking command in '/home/duy/ros2_ws/src/imu_tools/build/imu_filter_madgwick': CMAKE_PREFIX_PATH=${CMAKE_PREFIX_PATH}:/home/duy/ros2_ws/src/odom_encoder/install/odom_encoder:/home/duy/ros2_ws/install/odom_encoder:/home/duy/ros2_ws/src/install/ros2_opencv:/home/duy/ros2_ws/src/install/odom_encoder:/opt/ros/jazzy DEBUGINFOD_URLS=https://debuginfod.ubuntu.com /usr/bin/cmake --build /home/duy/ros2_ws/src/imu_tools/build/imu_filter_madgwick -- -j16 -l16
[0.668s] DEBUG:colcon.colcon_core.event_handler.log_command:Invoking command in '/home/duy/ros2_ws/src/imu_tools/build/rviz_imu_plugin': CMAKE_PREFIX_PATH=${CMAKE_PREFIX_PATH}:/home/duy/ros2_ws/src/odom_encoder/install/odom_encoder:/home/duy/ros2_ws/install/odom_encoder:/home/duy/ros2_ws/src/install/ros2_opencv:/home/duy/ros2_ws/src/install/odom_encoder:/opt/ros/jazzy DEBUGINFOD_URLS=https://debuginfod.ubuntu.com /usr/bin/cmake --build /home/duy/ros2_ws/src/imu_tools/build/rviz_imu_plugin -- -j16 -l16
[0.904s] DEBUG:colcon.colcon_core.event_handler.log_command:Invoked command in '/home/duy/ros2_ws/src/imu_tools/build/imu_filter_madgwick' returned '0': CMAKE_PREFIX_PATH=${CMAKE_PREFIX_PATH}:/home/duy/ros2_ws/src/odom_encoder/install/odom_encoder:/home/duy/ros2_ws/install/odom_encoder:/home/duy/ros2_ws/src/install/ros2_opencv:/home/duy/ros2_ws/src/install/odom_encoder:/opt/ros/jazzy DEBUGINFOD_URLS=https://debuginfod.ubuntu.com /usr/bin/cmake --build /home/duy/ros2_ws/src/imu_tools/build/imu_filter_madgwick -- -j16 -l16
[0.928s] DEBUG:colcon.colcon_core.event_handler.log_command:Invoking command in '/home/duy/ros2_ws/src/imu_tools/build/imu_filter_madgwick': CMAKE_PREFIX_PATH=${CMAKE_PREFIX_PATH}:/home/duy/ros2_ws/src/odom_encoder/install/odom_encoder:/home/duy/ros2_ws/install/odom_encoder:/home/duy/ros2_ws/src/install/ros2_opencv:/home/duy/ros2_ws/src/install/odom_encoder:/opt/ros/jazzy DEBUGINFOD_URLS=https://debuginfod.ubuntu.com /usr/bin/cmake --install /home/duy/ros2_ws/src/imu_tools/build/imu_filter_madgwick
[0.959s] Level 1:colcon.colcon_core.environment:create_environment_scripts_only(imu_filter_madgwick)
[0.960s] DEBUG:colcon.colcon_core.event_handler.log_command:Invoked command in '/home/duy/ros2_ws/src/imu_tools/build/imu_filter_madgwick' returned '0': CMAKE_PREFIX_PATH=${CMAKE_PREFIX_PATH}:/home/duy/ros2_ws/src/odom_encoder/install/odom_encoder:/home/duy/ros2_ws/install/odom_encoder:/home/duy/ros2_ws/src/install/ros2_opencv:/home/duy/ros2_ws/src/install/odom_encoder:/opt/ros/jazzy DEBUGINFOD_URLS=https://debuginfod.ubuntu.com /usr/bin/cmake --install /home/duy/ros2_ws/src/imu_tools/build/imu_filter_madgwick
[0.972s] Level 1:colcon.colcon_core.environment:checking '/home/duy/ros2_ws/src/imu_tools/install/imu_filter_madgwick' for CMake module files
[0.973s] Level 1:colcon.colcon_core.environment:checking '/home/duy/ros2_ws/src/imu_tools/install/imu_filter_madgwick' for CMake config files
[0.975s] Level 1:colcon.colcon_core.shell:create_environment_hook('imu_filter_madgwick', 'cmake_prefix_path')
[0.975s] INFO:colcon.colcon_core.shell:Creating environment hook '/home/duy/ros2_ws/src/imu_tools/install/imu_filter_madgwick/share/imu_filter_madgwick/hook/cmake_prefix_path.ps1'
[0.976s] INFO:colcon.colcon_core.shell:Creating environment descriptor '/home/duy/ros2_ws/src/imu_tools/install/imu_filter_madgwick/share/imu_filter_madgwick/hook/cmake_prefix_path.dsv'
[0.977s] INFO:colcon.colcon_core.shell:Creating environment hook '/home/duy/ros2_ws/src/imu_tools/install/imu_filter_madgwick/share/imu_filter_madgwick/hook/cmake_prefix_path.sh'
[0.978s] Level 1:colcon.colcon_core.environment:checking '/home/duy/ros2_ws/src/imu_tools/install/imu_filter_madgwick/lib'
[0.978s] Level 1:colcon.colcon_core.shell:create_environment_hook('imu_filter_madgwick', 'ld_library_path_lib')
[0.979s] INFO:colcon.colcon_core.shell:Creating environment hook '/home/duy/ros2_ws/src/imu_tools/install/imu_filter_madgwick/share/imu_filter_madgwick/hook/ld_library_path_lib.ps1'
[0.979s] INFO:colcon.colcon_core.shell:Creating environment descriptor '/home/duy/ros2_ws/src/imu_tools/install/imu_filter_madgwick/share/imu_filter_madgwick/hook/ld_library_path_lib.dsv'
[0.980s] INFO:colcon.colcon_core.shell:Creating environment hook '/home/duy/ros2_ws/src/imu_tools/install/imu_filter_madgwick/share/imu_filter_madgwick/hook/ld_library_path_lib.sh'
[0.980s] Level 1:colcon.colcon_core.environment:checking '/home/duy/ros2_ws/src/imu_tools/install/imu_filter_madgwick/bin'
[0.981s] Level 1:colcon.colcon_core.environment:checking '/home/duy/ros2_ws/src/imu_tools/install/imu_filter_madgwick/lib/pkgconfig/imu_filter_madgwick.pc'
[0.981s] Level 1:colcon.colcon_core.environment:checking '/home/duy/ros2_ws/src/imu_tools/install/imu_filter_madgwick/lib/python3.12/site-packages'
[0.981s] Level 1:colcon.colcon_core.environment:checking '/home/duy/ros2_ws/src/imu_tools/install/imu_filter_madgwick/bin'
[0.982s] INFO:colcon.colcon_core.shell:Creating package script '/home/duy/ros2_ws/src/imu_tools/install/imu_filter_madgwick/share/imu_filter_madgwick/package.ps1'
[0.983s] INFO:colcon.colcon_core.shell:Creating package descriptor '/home/duy/ros2_ws/src/imu_tools/install/imu_filter_madgwick/share/imu_filter_madgwick/package.dsv'
[0.984s] INFO:colcon.colcon_core.shell:Creating package script '/home/duy/ros2_ws/src/imu_tools/install/imu_filter_madgwick/share/imu_filter_madgwick/package.sh'
[0.985s] INFO:colcon.colcon_core.shell:Creating package script '/home/duy/ros2_ws/src/imu_tools/install/imu_filter_madgwick/share/imu_filter_madgwick/package.bash'
[0.986s] INFO:colcon.colcon_core.shell:Creating package script '/home/duy/ros2_ws/src/imu_tools/install/imu_filter_madgwick/share/imu_filter_madgwick/package.zsh'
[0.986s] Level 1:colcon.colcon_core.environment:create_file_with_runtime_dependencies(/home/duy/ros2_ws/src/imu_tools/install/imu_filter_madgwick/share/colcon-core/packages/imu_filter_madgwick)
[0.987s] Level 1:colcon.colcon_core.environment:create_environment_scripts_only(imu_filter_madgwick)
[0.988s] Level 1:colcon.colcon_core.environment:checking '/home/duy/ros2_ws/src/imu_tools/install/imu_filter_madgwick' for CMake module files
[0.988s] Level 1:colcon.colcon_core.environment:checking '/home/duy/ros2_ws/src/imu_tools/install/imu_filter_madgwick' for CMake config files
[0.989s] Level 1:colcon.colcon_core.shell:create_environment_hook('imu_filter_madgwick', 'cmake_prefix_path')
[0.989s] INFO:colcon.colcon_core.shell:Creating environment hook '/home/duy/ros2_ws/src/imu_tools/install/imu_filter_madgwick/share/imu_filter_madgwick/hook/cmake_prefix_path.ps1'
[0.990s] INFO:colcon.colcon_core.shell:Creating environment descriptor '/home/duy/ros2_ws/src/imu_tools/install/imu_filter_madgwick/share/imu_filter_madgwick/hook/cmake_prefix_path.dsv'
[0.990s] INFO:colcon.colcon_core.shell:Creating environment hook '/home/duy/ros2_ws/src/imu_tools/install/imu_filter_madgwick/share/imu_filter_madgwick/hook/cmake_prefix_path.sh'
[0.991s] Level 1:colcon.colcon_core.environment:checking '/home/duy/ros2_ws/src/imu_tools/install/imu_filter_madgwick/lib'
[0.991s] Level 1:colcon.colcon_core.shell:create_environment_hook('imu_filter_madgwick', 'ld_library_path_lib')
[0.992s] INFO:colcon.colcon_core.shell:Creating environment hook '/home/duy/ros2_ws/src/imu_tools/install/imu_filter_madgwick/share/imu_filter_madgwick/hook/ld_library_path_lib.ps1'
[0.992s] INFO:colcon.colcon_core.shell:Creating environment descriptor '/home/duy/ros2_ws/src/imu_tools/install/imu_filter_madgwick/share/imu_filter_madgwick/hook/ld_library_path_lib.dsv'
[0.993s] INFO:colcon.colcon_core.shell:Creating environment hook '/home/duy/ros2_ws/src/imu_tools/install/imu_filter_madgwick/share/imu_filter_madgwick/hook/ld_library_path_lib.sh'
[0.993s] Level 1:colcon.colcon_core.environment:checking '/home/duy/ros2_ws/src/imu_tools/install/imu_filter_madgwick/bin'
[0.993s] Level 1:colcon.colcon_core.environment:checking '/home/duy/ros2_ws/src/imu_tools/install/imu_filter_madgwick/lib/pkgconfig/imu_filter_madgwick.pc'
[0.994s] Level 1:colcon.colcon_core.environment:checking '/home/duy/ros2_ws/src/imu_tools/install/imu_filter_madgwick/lib/python3.12/site-packages'
[0.994s] Level 1:colcon.colcon_core.environment:checking '/home/duy/ros2_ws/src/imu_tools/install/imu_filter_madgwick/bin'
[0.995s] INFO:colcon.colcon_core.shell:Creating package script '/home/duy/ros2_ws/src/imu_tools/install/imu_filter_madgwick/share/imu_filter_madgwick/package.ps1'
[0.995s] INFO:colcon.colcon_core.shell:Creating package descriptor '/home/duy/ros2_ws/src/imu_tools/install/imu_filter_madgwick/share/imu_filter_madgwick/package.dsv'
[0.996s] INFO:colcon.colcon_core.shell:Creating package script '/home/duy/ros2_ws/src/imu_tools/install/imu_filter_madgwick/share/imu_filter_madgwick/package.sh'
[0.997s] INFO:colcon.colcon_core.shell:Creating package script '/home/duy/ros2_ws/src/imu_tools/install/imu_filter_madgwick/share/imu_filter_madgwick/package.bash'
[0.997s] INFO:colcon.colcon_core.shell:Creating package script '/home/duy/ros2_ws/src/imu_tools/install/imu_filter_madgwick/share/imu_filter_madgwick/package.zsh'
[0.998s] Level 1:colcon.colcon_core.environment:create_file_with_runtime_dependencies(/home/duy/ros2_ws/src/imu_tools/install/imu_filter_madgwick/share/colcon-core/packages/imu_filter_madgwick)
[1.098s] DEBUG:colcon.colcon_core.event_handler.log_command:Invoked command in '/home/duy/ros2_ws/src/imu_tools/build/rviz_imu_plugin' returned '0': CMAKE_PREFIX_PATH=${CMAKE_PREFIX_PATH}:/home/duy/ros2_ws/src/odom_encoder/install/odom_encoder:/home/duy/ros2_ws/install/odom_encoder:/home/duy/ros2_ws/src/install/ros2_opencv:/home/duy/ros2_ws/src/install/odom_encoder:/opt/ros/jazzy DEBUGINFOD_URLS=https://debuginfod.ubuntu.com /usr/bin/cmake --build /home/duy/ros2_ws/src/imu_tools/build/rviz_imu_plugin -- -j16 -l16
[1.100s] DEBUG:colcon.colcon_core.event_handler.log_command:Invoking command in '/home/duy/ros2_ws/src/imu_tools/build/rviz_imu_plugin': CMAKE_PREFIX_PATH=${CMAKE_PREFIX_PATH}:/home/duy/ros2_ws/src/odom_encoder/install/odom_encoder:/home/duy/ros2_ws/install/odom_encoder:/home/duy/ros2_ws/src/install/ros2_opencv:/home/duy/ros2_ws/src/install/odom_encoder:/opt/ros/jazzy DEBUGINFOD_URLS=https://debuginfod.ubuntu.com /usr/bin/cmake --install /home/duy/ros2_ws/src/imu_tools/build/rviz_imu_plugin
[1.126s] Level 1:colcon.colcon_core.environment:create_environment_scripts_only(rviz_imu_plugin)
[1.126s] Level 1:colcon.colcon_core.environment:checking '/home/duy/ros2_ws/src/imu_tools/install/rviz_imu_plugin' for CMake module files
[1.127s] DEBUG:colcon.colcon_core.event_handler.log_command:Invoked command in '/home/duy/ros2_ws/src/imu_tools/build/rviz_imu_plugin' returned '0': CMAKE_PREFIX_PATH=${CMAKE_PREFIX_PATH}:/home/duy/ros2_ws/src/odom_encoder/install/odom_encoder:/home/duy/ros2_ws/install/odom_encoder:/home/duy/ros2_ws/src/install/ros2_opencv:/home/duy/ros2_ws/src/install/odom_encoder:/opt/ros/jazzy DEBUGINFOD_URLS=https://debuginfod.ubuntu.com /usr/bin/cmake --install /home/duy/ros2_ws/src/imu_tools/build/rviz_imu_plugin
[1.129s] Level 1:colcon.colcon_core.environment:checking '/home/duy/ros2_ws/src/imu_tools/install/rviz_imu_plugin' for CMake config files
[1.130s] Level 1:colcon.colcon_core.shell:create_environment_hook('rviz_imu_plugin', 'cmake_prefix_path')
[1.130s] INFO:colcon.colcon_core.shell:Creating environment hook '/home/duy/ros2_ws/src/imu_tools/install/rviz_imu_plugin/share/rviz_imu_plugin/hook/cmake_prefix_path.ps1'
[1.131s] INFO:colcon.colcon_core.shell:Creating environment descriptor '/home/duy/ros2_ws/src/imu_tools/install/rviz_imu_plugin/share/rviz_imu_plugin/hook/cmake_prefix_path.dsv'
[1.132s] INFO:colcon.colcon_core.shell:Creating environment hook '/home/duy/ros2_ws/src/imu_tools/install/rviz_imu_plugin/share/rviz_imu_plugin/hook/cmake_prefix_path.sh'
[1.133s] Level 1:colcon.colcon_core.environment:checking '/home/duy/ros2_ws/src/imu_tools/install/rviz_imu_plugin/lib'
[1.133s] Level 1:colcon.colcon_core.shell:create_environment_hook('rviz_imu_plugin', 'ld_library_path_lib')
[1.133s] INFO:colcon.colcon_core.shell:Creating environment hook '/home/duy/ros2_ws/src/imu_tools/install/rviz_imu_plugin/share/rviz_imu_plugin/hook/ld_library_path_lib.ps1'
[1.134s] INFO:colcon.colcon_core.shell:Creating environment descriptor '/home/duy/ros2_ws/src/imu_tools/install/rviz_imu_plugin/share/rviz_imu_plugin/hook/ld_library_path_lib.dsv'
[1.135s] INFO:colcon.colcon_core.shell:Creating environment hook '/home/duy/ros2_ws/src/imu_tools/install/rviz_imu_plugin/share/rviz_imu_plugin/hook/ld_library_path_lib.sh'
[1.135s] Level 1:colcon.colcon_core.environment:checking '/home/duy/ros2_ws/src/imu_tools/install/rviz_imu_plugin/bin'
[1.135s] Level 1:colcon.colcon_core.environment:checking '/home/duy/ros2_ws/src/imu_tools/install/rviz_imu_plugin/lib/pkgconfig/rviz_imu_plugin.pc'
[1.136s] Level 1:colcon.colcon_core.environment:checking '/home/duy/ros2_ws/src/imu_tools/install/rviz_imu_plugin/lib/python3.12/site-packages'
[1.136s] Level 1:colcon.colcon_core.environment:checking '/home/duy/ros2_ws/src/imu_tools/install/rviz_imu_plugin/bin'
[1.137s] INFO:colcon.colcon_core.shell:Creating package script '/home/duy/ros2_ws/src/imu_tools/install/rviz_imu_plugin/share/rviz_imu_plugin/package.ps1'
[1.138s] INFO:colcon.colcon_core.shell:Creating package descriptor '/home/duy/ros2_ws/src/imu_tools/install/rviz_imu_plugin/share/rviz_imu_plugin/package.dsv'
[1.138s] INFO:colcon.colcon_core.shell:Creating package script '/home/duy/ros2_ws/src/imu_tools/install/rviz_imu_plugin/share/rviz_imu_plugin/package.sh'
[1.139s] INFO:colcon.colcon_core.shell:Creating package script '/home/duy/ros2_ws/src/imu_tools/install/rviz_imu_plugin/share/rviz_imu_plugin/package.bash'
[1.139s] INFO:colcon.colcon_core.shell:Creating package script '/home/duy/ros2_ws/src/imu_tools/install/rviz_imu_plugin/share/rviz_imu_plugin/package.zsh'
[1.140s] Level 1:colcon.colcon_core.environment:create_file_with_runtime_dependencies(/home/duy/ros2_ws/src/imu_tools/install/rviz_imu_plugin/share/colcon-core/packages/rviz_imu_plugin)
[1.140s] Level 1:colcon.colcon_core.environment:create_environment_scripts_only(rviz_imu_plugin)
[1.141s] Level 1:colcon.colcon_core.environment:checking '/home/duy/ros2_ws/src/imu_tools/install/rviz_imu_plugin' for CMake module files
[1.141s] Level 1:colcon.colcon_core.environment:checking '/home/duy/ros2_ws/src/imu_tools/install/rviz_imu_plugin' for CMake config files
[1.142s] Level 1:colcon.colcon_core.shell:create_environment_hook('rviz_imu_plugin', 'cmake_prefix_path')
[1.142s] INFO:colcon.colcon_core.shell:Creating environment hook '/home/duy/ros2_ws/src/imu_tools/install/rviz_imu_plugin/share/rviz_imu_plugin/hook/cmake_prefix_path.ps1'
[1.143s] INFO:colcon.colcon_core.shell:Creating environment descriptor '/home/duy/ros2_ws/src/imu_tools/install/rviz_imu_plugin/share/rviz_imu_plugin/hook/cmake_prefix_path.dsv'
[1.143s] INFO:colcon.colcon_core.shell:Creating environment hook '/home/duy/ros2_ws/src/imu_tools/install/rviz_imu_plugin/share/rviz_imu_plugin/hook/cmake_prefix_path.sh'
[1.144s] Level 1:colcon.colcon_core.environment:checking '/home/duy/ros2_ws/src/imu_tools/install/rviz_imu_plugin/lib'
[1.144s] Level 1:colcon.colcon_core.shell:create_environment_hook('rviz_imu_plugin', 'ld_library_path_lib')
[1.144s] INFO:colcon.colcon_core.shell:Creating environment hook '/home/duy/ros2_ws/src/imu_tools/install/rviz_imu_plugin/share/rviz_imu_plugin/hook/ld_library_path_lib.ps1'
[1.145s] INFO:colcon.colcon_core.shell:Creating environment descriptor '/home/duy/ros2_ws/src/imu_tools/install/rviz_imu_plugin/share/rviz_imu_plugin/hook/ld_library_path_lib.dsv'
[1.145s] INFO:colcon.colcon_core.shell:Creating environment hook '/home/duy/ros2_ws/src/imu_tools/install/rviz_imu_plugin/share/rviz_imu_plugin/hook/ld_library_path_lib.sh'
[1.146s] Level 1:colcon.colcon_core.environment:checking '/home/duy/ros2_ws/src/imu_tools/install/rviz_imu_plugin/bin'
[1.146s] Level 1:colcon.colcon_core.environment:checking '/home/duy/ros2_ws/src/imu_tools/install/rviz_imu_plugin/lib/pkgconfig/rviz_imu_plugin.pc'
[1.147s] Level 1:colcon.colcon_core.environment:checking '/home/duy/ros2_ws/src/imu_tools/install/rviz_imu_plugin/lib/python3.12/site-packages'
[1.147s] Level 1:colcon.colcon_core.environment:checking '/home/duy/ros2_ws/src/imu_tools/install/rviz_imu_plugin/bin'
[1.147s] INFO:colcon.colcon_core.shell:Creating package script '/home/duy/ros2_ws/src/imu_tools/install/rviz_imu_plugin/share/rviz_imu_plugin/package.ps1'
[1.148s] INFO:colcon.colcon_core.shell:Creating package descriptor '/home/duy/ros2_ws/src/imu_tools/install/rviz_imu_plugin/share/rviz_imu_plugin/package.dsv'
[1.149s] INFO:colcon.colcon_core.shell:Creating package script '/home/duy/ros2_ws/src/imu_tools/install/rviz_imu_plugin/share/rviz_imu_plugin/package.sh'
[1.150s] INFO:colcon.colcon_core.shell:Creating package script '/home/duy/ros2_ws/src/imu_tools/install/rviz_imu_plugin/share/rviz_imu_plugin/package.bash'
[1.150s] INFO:colcon.colcon_core.shell:Creating package script '/home/duy/ros2_ws/src/imu_tools/install/rviz_imu_plugin/share/rviz_imu_plugin/package.zsh'
[1.151s] Level 1:colcon.colcon_core.environment:create_file_with_runtime_dependencies(/home/duy/ros2_ws/src/imu_tools/install/rviz_imu_plugin/share/colcon-core/packages/rviz_imu_plugin)
[15.391s] DEBUG:colcon.colcon_core.event_handler.log_command:Invoked command in '/home/duy/ros2_ws/src/imu_tools/build/imu_complementary_filter' returned '0': CMAKE_PREFIX_PATH=${CMAKE_PREFIX_PATH}:/home/duy/ros2_ws/src/odom_encoder/install/odom_encoder:/home/duy/ros2_ws/install/odom_encoder:/home/duy/ros2_ws/src/install/ros2_opencv:/home/duy/ros2_ws/src/install/odom_encoder:/opt/ros/jazzy DEBUGINFOD_URLS=https://debuginfod.ubuntu.com /usr/bin/cmake --build /home/duy/ros2_ws/src/imu_tools/build/imu_complementary_filter -- -j16 -l16
[15.393s] DEBUG:colcon.colcon_core.event_handler.log_command:Invoking command in '/home/duy/ros2_ws/src/imu_tools/build/imu_complementary_filter': CMAKE_PREFIX_PATH=${CMAKE_PREFIX_PATH}:/home/duy/ros2_ws/src/odom_encoder/install/odom_encoder:/home/duy/ros2_ws/install/odom_encoder:/home/duy/ros2_ws/src/install/ros2_opencv:/home/duy/ros2_ws/src/install/odom_encoder:/opt/ros/jazzy DEBUGINFOD_URLS=https://debuginfod.ubuntu.com /usr/bin/cmake --install /home/duy/ros2_ws/src/imu_tools/build/imu_complementary_filter
[15.421s] Level 1:colcon.colcon_core.environment:create_environment_scripts_only(imu_complementary_filter)
[15.421s] Level 1:colcon.colcon_core.environment:checking '/home/duy/ros2_ws/src/imu_tools/install/imu_complementary_filter' for CMake module files
[15.422s] DEBUG:colcon.colcon_core.event_handler.log_command:Invoked command in '/home/duy/ros2_ws/src/imu_tools/build/imu_complementary_filter' returned '0': CMAKE_PREFIX_PATH=${CMAKE_PREFIX_PATH}:/home/duy/ros2_ws/src/odom_encoder/install/odom_encoder:/home/duy/ros2_ws/install/odom_encoder:/home/duy/ros2_ws/src/install/ros2_opencv:/home/duy/ros2_ws/src/install/odom_encoder:/opt/ros/jazzy DEBUGINFOD_URLS=https://debuginfod.ubuntu.com /usr/bin/cmake --install /home/duy/ros2_ws/src/imu_tools/build/imu_complementary_filter
[15.422s] Level 1:colcon.colcon_core.environment:checking '/home/duy/ros2_ws/src/imu_tools/install/imu_complementary_filter' for CMake config files
[15.423s] Level 1:colcon.colcon_core.shell:create_environment_hook('imu_complementary_filter', 'cmake_prefix_path')
[15.423s] INFO:colcon.colcon_core.shell:Creating environment hook '/home/duy/ros2_ws/src/imu_tools/install/imu_complementary_filter/share/imu_complementary_filter/hook/cmake_prefix_path.ps1'
[15.424s] INFO:colcon.colcon_core.shell:Creating environment descriptor '/home/duy/ros2_ws/src/imu_tools/install/imu_complementary_filter/share/imu_complementary_filter/hook/cmake_prefix_path.dsv'
[15.424s] INFO:colcon.colcon_core.shell:Creating environment hook '/home/duy/ros2_ws/src/imu_tools/install/imu_complementary_filter/share/imu_complementary_filter/hook/cmake_prefix_path.sh'
[15.424s] Level 1:colcon.colcon_core.environment:checking '/home/duy/ros2_ws/src/imu_tools/install/imu_complementary_filter/lib'
[15.424s] Level 1:colcon.colcon_core.shell:create_environment_hook('imu_complementary_filter', 'ld_library_path_lib')
[15.424s] INFO:colcon.colcon_core.shell:Creating environment hook '/home/duy/ros2_ws/src/imu_tools/install/imu_complementary_filter/share/imu_complementary_filter/hook/ld_library_path_lib.ps1'
[15.425s] INFO:colcon.colcon_core.shell:Creating environment descriptor '/home/duy/ros2_ws/src/imu_tools/install/imu_complementary_filter/share/imu_complementary_filter/hook/ld_library_path_lib.dsv'
[15.425s] INFO:colcon.colcon_core.shell:Creating environment hook '/home/duy/ros2_ws/src/imu_tools/install/imu_complementary_filter/share/imu_complementary_filter/hook/ld_library_path_lib.sh'
[15.425s] Level 1:colcon.colcon_core.environment:checking '/home/duy/ros2_ws/src/imu_tools/install/imu_complementary_filter/bin'
[15.425s] Level 1:colcon.colcon_core.environment:checking '/home/duy/ros2_ws/src/imu_tools/install/imu_complementary_filter/lib/pkgconfig/imu_complementary_filter.pc'
[15.426s] Level 1:colcon.colcon_core.environment:checking '/home/duy/ros2_ws/src/imu_tools/install/imu_complementary_filter/lib/python3.12/site-packages'
[15.426s] Level 1:colcon.colcon_core.environment:checking '/home/duy/ros2_ws/src/imu_tools/install/imu_complementary_filter/bin'
[15.426s] INFO:colcon.colcon_core.shell:Creating package script '/home/duy/ros2_ws/src/imu_tools/install/imu_complementary_filter/share/imu_complementary_filter/package.ps1'
[15.426s] INFO:colcon.colcon_core.shell:Creating package descriptor '/home/duy/ros2_ws/src/imu_tools/install/imu_complementary_filter/share/imu_complementary_filter/package.dsv'
[15.427s] INFO:colcon.colcon_core.shell:Creating package script '/home/duy/ros2_ws/src/imu_tools/install/imu_complementary_filter/share/imu_complementary_filter/package.sh'
[15.427s] INFO:colcon.colcon_core.shell:Creating package script '/home/duy/ros2_ws/src/imu_tools/install/imu_complementary_filter/share/imu_complementary_filter/package.bash'
[15.427s] INFO:colcon.colcon_core.shell:Creating package script '/home/duy/ros2_ws/src/imu_tools/install/imu_complementary_filter/share/imu_complementary_filter/package.zsh'
[15.427s] Level 1:colcon.colcon_core.environment:create_file_with_runtime_dependencies(/home/duy/ros2_ws/src/imu_tools/install/imu_complementary_filter/share/colcon-core/packages/imu_complementary_filter)
[15.428s] Level 1:colcon.colcon_core.environment:create_environment_scripts_only(imu_complementary_filter)
[15.428s] Level 1:colcon.colcon_core.environment:checking '/home/duy/ros2_ws/src/imu_tools/install/imu_complementary_filter' for CMake module files
[15.428s] Level 1:colcon.colcon_core.environment:checking '/home/duy/ros2_ws/src/imu_tools/install/imu_complementary_filter' for CMake config files
[15.428s] Level 1:colcon.colcon_core.shell:create_environment_hook('imu_complementary_filter', 'cmake_prefix_path')
[15.428s] INFO:colcon.colcon_core.shell:Creating environment hook '/home/duy/ros2_ws/src/imu_tools/install/imu_complementary_filter/share/imu_complementary_filter/hook/cmake_prefix_path.ps1'
[15.429s] INFO:colcon.colcon_core.shell:Creating environment descriptor '/home/duy/ros2_ws/src/imu_tools/install/imu_complementary_filter/share/imu_complementary_filter/hook/cmake_prefix_path.dsv'
[15.429s] INFO:colcon.colcon_core.shell:Creating environment hook '/home/duy/ros2_ws/src/imu_tools/install/imu_complementary_filter/share/imu_complementary_filter/hook/cmake_prefix_path.sh'
[15.429s] Level 1:colcon.colcon_core.environment:checking '/home/duy/ros2_ws/src/imu_tools/install/imu_complementary_filter/lib'
[15.429s] Level 1:colcon.colcon_core.shell:create_environment_hook('imu_complementary_filter', 'ld_library_path_lib')
[15.429s] INFO:colcon.colcon_core.shell:Creating environment hook '/home/duy/ros2_ws/src/imu_tools/install/imu_complementary_filter/share/imu_complementary_filter/hook/ld_library_path_lib.ps1'
[15.430s] INFO:colcon.colcon_core.shell:Creating environment descriptor '/home/duy/ros2_ws/src/imu_tools/install/imu_complementary_filter/share/imu_complementary_filter/hook/ld_library_path_lib.dsv'
[15.430s] INFO:colcon.colcon_core.shell:Creating environment hook '/home/duy/ros2_ws/src/imu_tools/install/imu_complementary_filter/share/imu_complementary_filter/hook/ld_library_path_lib.sh'
[15.430s] Level 1:colcon.colcon_core.environment:checking '/home/duy/ros2_ws/src/imu_tools/install/imu_complementary_filter/bin'
[15.430s] Level 1:colcon.colcon_core.environment:checking '/home/duy/ros2_ws/src/imu_tools/install/imu_complementary_filter/lib/pkgconfig/imu_complementary_filter.pc'
[15.430s] Level 1:colcon.colcon_core.environment:checking '/home/duy/ros2_ws/src/imu_tools/install/imu_complementary_filter/lib/python3.12/site-packages'
[15.431s] Level 1:colcon.colcon_core.environment:checking '/home/duy/ros2_ws/src/imu_tools/install/imu_complementary_filter/bin'
[15.431s] INFO:colcon.colcon_core.shell:Creating package script '/home/duy/ros2_ws/src/imu_tools/install/imu_complementary_filter/share/imu_complementary_filter/package.ps1'
[15.431s] INFO:colcon.colcon_core.shell:Creating package descriptor '/home/duy/ros2_ws/src/imu_tools/install/imu_complementary_filter/share/imu_complementary_filter/package.dsv'
[15.432s] INFO:colcon.colcon_core.shell:Creating package script '/home/duy/ros2_ws/src/imu_tools/install/imu_complementary_filter/share/imu_complementary_filter/package.sh'
[15.432s] INFO:colcon.colcon_core.shell:Creating package script '/home/duy/ros2_ws/src/imu_tools/install/imu_complementary_filter/share/imu_complementary_filter/package.bash'
[15.432s] INFO:colcon.colcon_core.shell:Creating package script '/home/duy/ros2_ws/src/imu_tools/install/imu_complementary_filter/share/imu_complementary_filter/package.zsh'
[15.432s] Level 1:colcon.colcon_core.environment:create_file_with_runtime_dependencies(/home/duy/ros2_ws/src/imu_tools/install/imu_complementary_filter/share/colcon-core/packages/imu_complementary_filter)
[15.433s] INFO:colcon.colcon_ros.task.ament_cmake.build:Building ROS package in '/home/duy/ros2_ws/src/imu_tools/imu_tools' with build type 'ament_cmake'
[15.433s] INFO:colcon.colcon_cmake.task.cmake.build:Building CMake package in '/home/duy/ros2_ws/src/imu_tools/imu_tools'
[15.433s] INFO:colcon.colcon_core.shell:Skip shell extension 'powershell' for command environment: Not usable outside of PowerShell
[15.433s] DEBUG:colcon.colcon_core.shell:Skip shell extension 'dsv' for command environment
[15.455s] DEBUG:colcon.colcon_core.event_handler.log_command:Invoking command in '/home/duy/ros2_ws/src/imu_tools/build/imu_tools': AMENT_PREFIX_PATH=/home/duy/ros2_ws/src/imu_tools/install/rviz_imu_plugin:/home/duy/ros2_ws/src/imu_tools/install/imu_filter_madgwick:/home/duy/ros2_ws/src/imu_tools/install/imu_complementary_filter:${AMENT_PREFIX_PATH} CMAKE_PREFIX_PATH=/home/duy/ros2_ws/src/imu_tools/install/rviz_imu_plugin:/home/duy/ros2_ws/src/imu_tools/install/imu_filter_madgwick:/home/duy/ros2_ws/src/imu_tools/install/imu_complementary_filter:/home/duy/ros2_ws/install/imu_tools:/home/duy/ros2_ws/install/rviz_imu_plugin:/home/duy/ros2_ws/install/imu_filter_madgwick:/home/duy/ros2_ws/install/imu_complementary_filter:/home/duy/ros2_ws/install/qt_rviz_dashboard:/home/duy/ros2_ws/install/my_robot_navigation:/home/duy/ros2_ws/install/my_robot_model:/home/duy/ros2_ws/install/my_robot_localization:/home/duy/ros2_ws/src/install/imu_tools:/home/duy/ros2_ws/src/install/rviz_imu_plugin:/home/duy/ros2_ws/src/install/qt_rviz_dashboard:/home/duy/ros2_ws/src/install/odom_to_tf_ros2:/home/duy/ros2_ws/src/install/nav2_simple_astar_planner:/home/duy/ros2_ws/src/install/my_robot_navigation:/home/duy/ros2_ws/src/install/my_robot_model:/home/duy/ros2_ws/src/install/my_robot_localization:/home/duy/ros2_ws/src/install/imu_filter_madgwick:/home/duy/ros2_ws/src/install/imu_complementary_filter:/home/duy/ros2_ws/src/qt_rviz_dashboard/install/qt_rviz_dashboard:/opt/ros/jazzy/opt/gz_sim_vendor:/opt/ros/jazzy/opt/gz_sensors_vendor:/opt/ros/jazzy/opt/gz_physics_vendor:/opt/ros/jazzy/opt/sdformat_vendor:/opt/ros/jazzy/opt/gz_gui_vendor:/opt/ros/jazzy/opt/gz_transport_vendor:/opt/ros/jazzy/opt/gz_rendering_vendor:/opt/ros/jazzy/opt/gz_plugin_vendor:/opt/ros/jazzy/opt/gz_fuel_tools_vendor:/opt/ros/jazzy/opt/gz_msgs_vendor:/opt/ros/jazzy/opt/gz_common_vendor:/opt/ros/jazzy/opt/gz_math_vendor:/opt/ros/jazzy/opt/gz_utils_vendor:/opt/ros/jazzy/opt/gz_tools_vendor:/opt/ros/jazzy/opt/gz_ogre_next_vendor:/opt/ros/jazzy/opt/gz_dartsim_vendor:/opt/ros/jazzy/opt/gz_cmake_vendor:/home/duy/ros2_ws/src/odom_encoder/install/odom_encoder:/home/duy/ros2_ws/install/odom_encoder:/home/duy/ros2_ws/src/install/ros2_opencv:/home/duy/ros2_ws/src/install/odom_encoder:/opt/ros/jazzy DEBUGINFOD_URLS=https://debuginfod.ubuntu.com LD_LIBRARY_PATH=/home/duy/ros2_ws/src/imu_tools/install/rviz_imu_plugin/lib:/home/duy/ros2_ws/src/imu_tools/install/imu_filter_madgwick/lib:/home/duy/ros2_ws/src/imu_tools/install/imu_complementary_filter/lib:${LD_LIBRARY_PATH} /usr/bin/cmake --build /home/duy/ros2_ws/src/imu_tools/build/imu_tools -- -j16 -l16
[15.503s] DEBUG:colcon.colcon_core.event_handler.log_command:Invoked command in '/home/duy/ros2_ws/src/imu_tools/build/imu_tools' returned '0': AMENT_PREFIX_PATH=/home/duy/ros2_ws/src/imu_tools/install/rviz_imu_plugin:/home/duy/ros2_ws/src/imu_tools/install/imu_filter_madgwick:/home/duy/ros2_ws/src/imu_tools/install/imu_complementary_filter:${AMENT_PREFIX_PATH} CMAKE_PREFIX_PATH=/home/duy/ros2_ws/src/imu_tools/install/rviz_imu_plugin:/home/duy/ros2_ws/src/imu_tools/install/imu_filter_madgwick:/home/duy/ros2_ws/src/imu_tools/install/imu_complementary_filter:/home/duy/ros2_ws/install/imu_tools:/home/duy/ros2_ws/install/rviz_imu_plugin:/home/duy/ros2_ws/install/imu_filter_madgwick:/home/duy/ros2_ws/install/imu_complementary_filter:/home/duy/ros2_ws/install/qt_rviz_dashboard:/home/duy/ros2_ws/install/my_robot_navigation:/home/duy/ros2_ws/install/my_robot_model:/home/duy/ros2_ws/install/my_robot_localization:/home/duy/ros2_ws/src/install/imu_tools:/home/duy/ros2_ws/src/install/rviz_imu_plugin:/home/duy/ros2_ws/src/install/qt_rviz_dashboard:/home/duy/ros2_ws/src/install/odom_to_tf_ros2:/home/duy/ros2_ws/src/install/nav2_simple_astar_planner:/home/duy/ros2_ws/src/install/my_robot_navigation:/home/duy/ros2_ws/src/install/my_robot_model:/home/duy/ros2_ws/src/install/my_robot_localization:/home/duy/ros2_ws/src/install/imu_filter_madgwick:/home/duy/ros2_ws/src/install/imu_complementary_filter:/home/duy/ros2_ws/src/qt_rviz_dashboard/install/qt_rviz_dashboard:/opt/ros/jazzy/opt/gz_sim_vendor:/opt/ros/jazzy/opt/gz_sensors_vendor:/opt/ros/jazzy/opt/gz_physics_vendor:/opt/ros/jazzy/opt/sdformat_vendor:/opt/ros/jazzy/opt/gz_gui_vendor:/opt/ros/jazzy/opt/gz_transport_vendor:/opt/ros/jazzy/opt/gz_rendering_vendor:/opt/ros/jazzy/opt/gz_plugin_vendor:/opt/ros/jazzy/opt/gz_fuel_tools_vendor:/opt/ros/jazzy/opt/gz_msgs_vendor:/opt/ros/jazzy/opt/gz_common_vendor:/opt/ros/jazzy/opt/gz_math_vendor:/opt/ros/jazzy/opt/gz_utils_vendor:/opt/ros/jazzy/opt/gz_tools_vendor:/opt/ros/jazzy/opt/gz_ogre_next_vendor:/opt/ros/jazzy/opt/gz_dartsim_vendor:/opt/ros/jazzy/opt/gz_cmake_vendor:/home/duy/ros2_ws/src/odom_encoder/install/odom_encoder:/home/duy/ros2_ws/install/odom_encoder:/home/duy/ros2_ws/src/install/ros2_opencv:/home/duy/ros2_ws/src/install/odom_encoder:/opt/ros/jazzy DEBUGINFOD_URLS=https://debuginfod.ubuntu.com LD_LIBRARY_PATH=/home/duy/ros2_ws/src/imu_tools/install/rviz_imu_plugin/lib:/home/duy/ros2_ws/src/imu_tools/install/imu_filter_madgwick/lib:/home/duy/ros2_ws/src/imu_tools/install/imu_complementary_filter/lib:${LD_LIBRARY_PATH} /usr/bin/cmake --build /home/duy/ros2_ws/src/imu_tools/build/imu_tools -- -j16 -l16
[15.504s] DEBUG:colcon.colcon_core.event_handler.log_command:Invoking command in '/home/duy/ros2_ws/src/imu_tools/build/imu_tools': AMENT_PREFIX_PATH=/home/duy/ros2_ws/src/imu_tools/install/rviz_imu_plugin:/home/duy/ros2_ws/src/imu_tools/install/imu_filter_madgwick:/home/duy/ros2_ws/src/imu_tools/install/imu_complementary_filter:${AMENT_PREFIX_PATH} CMAKE_PREFIX_PATH=/home/duy/ros2_ws/src/imu_tools/install/rviz_imu_plugin:/home/duy/ros2_ws/src/imu_tools/install/imu_filter_madgwick:/home/duy/ros2_ws/src/imu_tools/install/imu_complementary_filter:/home/duy/ros2_ws/install/imu_tools:/home/duy/ros2_ws/install/rviz_imu_plugin:/home/duy/ros2_ws/install/imu_filter_madgwick:/home/duy/ros2_ws/install/imu_complementary_filter:/home/duy/ros2_ws/install/qt_rviz_dashboard:/home/duy/ros2_ws/install/my_robot_navigation:/home/duy/ros2_ws/install/my_robot_model:/home/duy/ros2_ws/install/my_robot_localization:/home/duy/ros2_ws/src/install/imu_tools:/home/duy/ros2_ws/src/install/rviz_imu_plugin:/home/duy/ros2_ws/src/install/qt_rviz_dashboard:/home/duy/ros2_ws/src/install/odom_to_tf_ros2:/home/duy/ros2_ws/src/install/nav2_simple_astar_planner:/home/duy/ros2_ws/src/install/my_robot_navigation:/home/duy/ros2_ws/src/install/my_robot_model:/home/duy/ros2_ws/src/install/my_robot_localization:/home/duy/ros2_ws/src/install/imu_filter_madgwick:/home/duy/ros2_ws/src/install/imu_complementary_filter:/home/duy/ros2_ws/src/qt_rviz_dashboard/install/qt_rviz_dashboard:/opt/ros/jazzy/opt/gz_sim_vendor:/opt/ros/jazzy/opt/gz_sensors_vendor:/opt/ros/jazzy/opt/gz_physics_vendor:/opt/ros/jazzy/opt/sdformat_vendor:/opt/ros/jazzy/opt/gz_gui_vendor:/opt/ros/jazzy/opt/gz_transport_vendor:/opt/ros/jazzy/opt/gz_rendering_vendor:/opt/ros/jazzy/opt/gz_plugin_vendor:/opt/ros/jazzy/opt/gz_fuel_tools_vendor:/opt/ros/jazzy/opt/gz_msgs_vendor:/opt/ros/jazzy/opt/gz_common_vendor:/opt/ros/jazzy/opt/gz_math_vendor:/opt/ros/jazzy/opt/gz_utils_vendor:/opt/ros/jazzy/opt/gz_tools_vendor:/opt/ros/jazzy/opt/gz_ogre_next_vendor:/opt/ros/jazzy/opt/gz_dartsim_vendor:/opt/ros/jazzy/opt/gz_cmake_vendor:/home/duy/ros2_ws/src/odom_encoder/install/odom_encoder:/home/duy/ros2_ws/install/odom_encoder:/home/duy/ros2_ws/src/install/ros2_opencv:/home/duy/ros2_ws/src/install/odom_encoder:/opt/ros/jazzy DEBUGINFOD_URLS=https://debuginfod.ubuntu.com LD_LIBRARY_PATH=/home/duy/ros2_ws/src/imu_tools/install/rviz_imu_plugin/lib:/home/duy/ros2_ws/src/imu_tools/install/imu_filter_madgwick/lib:/home/duy/ros2_ws/src/imu_tools/install/imu_complementary_filter/lib:${LD_LIBRARY_PATH} /usr/bin/cmake --install /home/duy/ros2_ws/src/imu_tools/build/imu_tools
[15.516s] Level 1:colcon.colcon_core.environment:create_environment_scripts_only(imu_tools)
[15.517s] DEBUG:colcon.colcon_core.event_handler.log_command:Invoked command in '/home/duy/ros2_ws/src/imu_tools/build/imu_tools' returned '0': AMENT_PREFIX_PATH=/home/duy/ros2_ws/src/imu_tools/install/rviz_imu_plugin:/home/duy/ros2_ws/src/imu_tools/install/imu_filter_madgwick:/home/duy/ros2_ws/src/imu_tools/install/imu_complementary_filter:${AMENT_PREFIX_PATH} CMAKE_PREFIX_PATH=/home/duy/ros2_ws/src/imu_tools/install/rviz_imu_plugin:/home/duy/ros2_ws/src/imu_tools/install/imu_filter_madgwick:/home/duy/ros2_ws/src/imu_tools/install/imu_complementary_filter:/home/duy/ros2_ws/install/imu_tools:/home/duy/ros2_ws/install/rviz_imu_plugin:/home/duy/ros2_ws/install/imu_filter_madgwick:/home/duy/ros2_ws/install/imu_complementary_filter:/home/duy/ros2_ws/install/qt_rviz_dashboard:/home/duy/ros2_ws/install/my_robot_navigation:/home/duy/ros2_ws/install/my_robot_model:/home/duy/ros2_ws/install/my_robot_localization:/home/duy/ros2_ws/src/install/imu_tools:/home/duy/ros2_ws/src/install/rviz_imu_plugin:/home/duy/ros2_ws/src/install/qt_rviz_dashboard:/home/duy/ros2_ws/src/install/odom_to_tf_ros2:/home/duy/ros2_ws/src/install/nav2_simple_astar_planner:/home/duy/ros2_ws/src/install/my_robot_navigation:/home/duy/ros2_ws/src/install/my_robot_model:/home/duy/ros2_ws/src/install/my_robot_localization:/home/duy/ros2_ws/src/install/imu_filter_madgwick:/home/duy/ros2_ws/src/install/imu_complementary_filter:/home/duy/ros2_ws/src/qt_rviz_dashboard/install/qt_rviz_dashboard:/opt/ros/jazzy/opt/gz_sim_vendor:/opt/ros/jazzy/opt/gz_sensors_vendor:/opt/ros/jazzy/opt/gz_physics_vendor:/opt/ros/jazzy/opt/sdformat_vendor:/opt/ros/jazzy/opt/gz_gui_vendor:/opt/ros/jazzy/opt/gz_transport_vendor:/opt/ros/jazzy/opt/gz_rendering_vendor:/opt/ros/jazzy/opt/gz_plugin_vendor:/opt/ros/jazzy/opt/gz_fuel_tools_vendor:/opt/ros/jazzy/opt/gz_msgs_vendor:/opt/ros/jazzy/opt/gz_common_vendor:/opt/ros/jazzy/opt/gz_math_vendor:/opt/ros/jazzy/opt/gz_utils_vendor:/opt/ros/jazzy/opt/gz_tools_vendor:/opt/ros/jazzy/opt/gz_ogre_next_vendor:/opt/ros/jazzy/opt/gz_dartsim_vendor:/opt/ros/jazzy/opt/gz_cmake_vendor:/home/duy/ros2_ws/src/odom_encoder/install/odom_encoder:/home/duy/ros2_ws/install/odom_encoder:/home/duy/ros2_ws/src/install/ros2_opencv:/home/duy/ros2_ws/src/install/odom_encoder:/opt/ros/jazzy DEBUGINFOD_URLS=https://debuginfod.ubuntu.com LD_LIBRARY_PATH=/home/duy/ros2_ws/src/imu_tools/install/rviz_imu_plugin/lib:/home/duy/ros2_ws/src/imu_tools/install/imu_filter_madgwick/lib:/home/duy/ros2_ws/src/imu_tools/install/imu_complementary_filter/lib:${LD_LIBRARY_PATH} /usr/bin/cmake --install /home/duy/ros2_ws/src/imu_tools/build/imu_tools
[15.517s] Level 1:colcon.colcon_core.environment:checking '/home/duy/ros2_ws/src/imu_tools/install/imu_tools' for CMake module files
[15.518s] Level 1:colcon.colcon_core.environment:checking '/home/duy/ros2_ws/src/imu_tools/install/imu_tools' for CMake config files
[15.518s] Level 1:colcon.colcon_core.shell:create_environment_hook('imu_tools', 'cmake_prefix_path')
[15.519s] INFO:colcon.colcon_core.shell:Creating environment hook '/home/duy/ros2_ws/src/imu_tools/install/imu_tools/share/imu_tools/hook/cmake_prefix_path.ps1'
[15.519s] INFO:colcon.colcon_core.shell:Creating environment descriptor '/home/duy/ros2_ws/src/imu_tools/install/imu_tools/share/imu_tools/hook/cmake_prefix_path.dsv'
[15.519s] INFO:colcon.colcon_core.shell:Creating environment hook '/home/duy/ros2_ws/src/imu_tools/install/imu_tools/share/imu_tools/hook/cmake_prefix_path.sh'
[15.520s] Level 1:colcon.colcon_core.environment:checking '/home/duy/ros2_ws/src/imu_tools/install/imu_tools/bin'
[15.520s] Level 1:colcon.colcon_core.environment:checking '/home/duy/ros2_ws/src/imu_tools/install/imu_tools/lib/pkgconfig/imu_tools.pc'
[15.520s] Level 1:colcon.colcon_core.environment:checking '/home/duy/ros2_ws/src/imu_tools/install/imu_tools/lib/python3.12/site-packages'
[15.520s] Level 1:colcon.colcon_core.environment:checking '/home/duy/ros2_ws/src/imu_tools/install/imu_tools/bin'
[15.520s] INFO:colcon.colcon_core.shell:Creating package script '/home/duy/ros2_ws/src/imu_tools/install/imu_tools/share/imu_tools/package.ps1'
[15.520s] INFO:colcon.colcon_core.shell:Creating package descriptor '/home/duy/ros2_ws/src/imu_tools/install/imu_tools/share/imu_tools/package.dsv'
[15.521s] INFO:colcon.colcon_core.shell:Creating package script '/home/duy/ros2_ws/src/imu_tools/install/imu_tools/share/imu_tools/package.sh'
[15.521s] INFO:colcon.colcon_core.shell:Creating package script '/home/duy/ros2_ws/src/imu_tools/install/imu_tools/share/imu_tools/package.bash'
[15.521s] INFO:colcon.colcon_core.shell:Creating package script '/home/duy/ros2_ws/src/imu_tools/install/imu_tools/share/imu_tools/package.zsh'
[15.522s] Level 1:colcon.colcon_core.environment:create_file_with_runtime_dependencies(/home/duy/ros2_ws/src/imu_tools/install/imu_tools/share/colcon-core/packages/imu_tools)
[15.522s] Level 1:colcon.colcon_core.environment:create_environment_scripts_only(imu_tools)
[15.522s] Level 1:colcon.colcon_core.environment:checking '/home/duy/ros2_ws/src/imu_tools/install/imu_tools' for CMake module files
[15.522s] Level 1:colcon.colcon_core.environment:checking '/home/duy/ros2_ws/src/imu_tools/install/imu_tools' for CMake config files
[15.523s] Level 1:colcon.colcon_core.shell:create_environment_hook('imu_tools', 'cmake_prefix_path')
[15.523s] INFO:colcon.colcon_core.shell:Creating environment hook '/home/duy/ros2_ws/src/imu_tools/install/imu_tools/share/imu_tools/hook/cmake_prefix_path.ps1'
[15.523s] INFO:colcon.colcon_core.shell:Creating environment descriptor '/home/duy/ros2_ws/src/imu_tools/install/imu_tools/share/imu_tools/hook/cmake_prefix_path.dsv'
[15.523s] INFO:colcon.colcon_core.shell:Creating environment hook '/home/duy/ros2_ws/src/imu_tools/install/imu_tools/share/imu_tools/hook/cmake_prefix_path.sh'
[15.524s] Level 1:colcon.colcon_core.environment:checking '/home/duy/ros2_ws/src/imu_tools/install/imu_tools/bin'
[15.524s] Level 1:colcon.colcon_core.environment:checking '/home/duy/ros2_ws/src/imu_tools/install/imu_tools/lib/pkgconfig/imu_tools.pc'
[15.524s] Level 1:colcon.colcon_core.environment:checking '/home/duy/ros2_ws/src/imu_tools/install/imu_tools/lib/python3.12/site-packages'
[15.524s] Level 1:colcon.colcon_core.environment:checking '/home/duy/ros2_ws/src/imu_tools/install/imu_tools/bin'
[15.524s] INFO:colcon.colcon_core.shell:Creating package script '/home/duy/ros2_ws/src/imu_tools/install/imu_tools/share/imu_tools/package.ps1'
[15.524s] INFO:colcon.colcon_core.shell:Creating package descriptor '/home/duy/ros2_ws/src/imu_tools/install/imu_tools/share/imu_tools/package.dsv'
[15.525s] INFO:colcon.colcon_core.shell:Creating package script '/home/duy/ros2_ws/src/imu_tools/install/imu_tools/share/imu_tools/package.sh'
[15.525s] INFO:colcon.colcon_core.shell:Creating package script '/home/duy/ros2_ws/src/imu_tools/install/imu_tools/share/imu_tools/package.bash'
[15.525s] INFO:colcon.colcon_core.shell:Creating package script '/home/duy/ros2_ws/src/imu_tools/install/imu_tools/share/imu_tools/package.zsh'
[15.526s] Level 1:colcon.colcon_core.environment:create_file_with_runtime_dependencies(/home/duy/ros2_ws/src/imu_tools/install/imu_tools/share/colcon-core/packages/imu_tools)
[15.526s] DEBUG:colcon.colcon_parallel_executor.executor.parallel:closing loop
[15.526s] DEBUG:colcon.colcon_parallel_executor.executor.parallel:loop closed
[15.526s] DEBUG:colcon.colcon_parallel_executor.executor.parallel:run_until_complete finished with '0'
[15.526s] DEBUG:colcon.colcon_core.event_reactor:joining thread
[15.534s] INFO:colcon.colcon_core.plugin_system:Skipping extension 'colcon_notification.desktop_notification.terminal_notifier': Not used on non-Darwin systems
[15.534s] INFO:colcon.colcon_core.plugin_system:Skipping extension 'colcon_notification.desktop_notification.win32': Not used on non-Windows systems
[15.534s] INFO:colcon.colcon_notification.desktop_notification:Sending desktop notification using 'notify2'
[15.553s] DEBUG:colcon.colcon_core.event_reactor:joined thread
[15.553s] INFO:colcon.colcon_core.shell:Creating prefix script '/home/duy/ros2_ws/src/imu_tools/install/local_setup.ps1'
[15.554s] INFO:colcon.colcon_core.shell:Creating prefix util module '/home/duy/ros2_ws/src/imu_tools/install/_local_setup_util_ps1.py'
[15.555s] INFO:colcon.colcon_core.shell:Creating prefix chain script '/home/duy/ros2_ws/src/imu_tools/install/setup.ps1'
[15.556s] INFO:colcon.colcon_core.shell:Creating prefix script '/home/duy/ros2_ws/src/imu_tools/install/local_setup.sh'
[15.557s] INFO:colcon.colcon_core.shell:Creating prefix util module '/home/duy/ros2_ws/src/imu_tools/install/_local_setup_util_sh.py'
[15.557s] INFO:colcon.colcon_core.shell:Creating prefix chain script '/home/duy/ros2_ws/src/imu_tools/install/setup.sh'
[15.558s] INFO:colcon.colcon_core.shell:Creating prefix script '/home/duy/ros2_ws/src/imu_tools/install/local_setup.bash'
[15.559s] INFO:colcon.colcon_core.shell:Creating prefix chain script '/home/duy/ros2_ws/src/imu_tools/install/setup.bash'
[15.560s] INFO:colcon.colcon_core.shell:Creating prefix script '/home/duy/ros2_ws/src/imu_tools/install/local_setup.zsh'
[15.561s] INFO:colcon.colcon_core.shell:Creating prefix chain script '/home/duy/ros2_ws/src/imu_tools/install/setup.zsh'
