[0.341s] DEBUG:colcon:Command line arguments: ['/usr/bin/colcon', 'build']
[0.341s] DEBUG:colcon:Parsed command line arguments: Namespace(log_base=None, log_level=None, verb_name='build', build_base='build', install_base='install', merge_install=False, symlink_install=False, test_result_base=None, continue_on_error=False, executor='parallel', parallel_workers=16, event_handlers=None, ignore_user_meta=False, metas=['./colcon.meta'], base_paths=['.'], packages_ignore=None, packages_ignore_regex=None, paths=None, packages_up_to=None, packages_up_to_regex=None, packages_above=None, packages_above_and_dependencies=None, packages_above_depth=None, packages_select_by_dep=None, packages_skip_by_dep=None, packages_skip_up_to=None, packages_select_build_failed=False, packages_skip_build_finished=False, packages_select_test_failures=False, packages_skip_test_passed=False, packages_select=None, packages_skip=None, packages_select_regex=None, packages_skip_regex=None, packages_start=None, packages_end=None, allow_overriding=[], cmake_args=None, cmake_target=None, cmake_target_skip_unavailable=False, cmake_clean_cache=False, cmake_clean_first=False, cmake_force_configure=False, ament_cmake_args=None, catkin_cmake_args=None, catkin_skip_building_tests=False, mixin_files=None, mixin=None, verb_parser=<colcon_mixin.mixin.mixin_argument.MixinArgumentDecorator object at 0x755920a198e0>, verb_extension=<colcon_core.verb.build.BuildVerb object at 0x755920a194c0>, main=<bound method BuildVerb.main of <colcon_core.verb.build.BuildVerb object at 0x755920a194c0>>, mixin_verb=('build',))
[0.428s] Level 1:colcon.colcon_core.package_discovery:discover_packages(colcon_meta) check parameters
[0.428s] Level 1:colcon.colcon_core.package_discovery:discover_packages(recursive) check parameters
[0.428s] Level 1:colcon.colcon_core.package_discovery:discover_packages(ignore) check parameters
[0.428s] Level 1:colcon.colcon_core.package_discovery:discover_packages(path) check parameters
[0.428s] Level 1:colcon.colcon_core.package_discovery:discover_packages(colcon_meta) discover
[0.428s] Level 1:colcon.colcon_core.package_discovery:discover_packages(recursive) discover
[0.428s] INFO:colcon.colcon_core.package_discovery:Crawling recursively for packages in '/home/duy/ros2_ws/src/imu_tools'
[0.428s] Level 1:colcon.colcon_core.package_identification:_identify(.) by extensions ['ignore', 'ignore_ament_install']
[0.429s] Level 1:colcon.colcon_core.package_identification:_identify(.) by extension 'ignore'
[0.429s] Level 1:colcon.colcon_core.package_identification:_identify(.) by extension 'ignore_ament_install'
[0.429s] Level 1:colcon.colcon_core.package_identification:_identify(.) by extensions ['colcon_pkg']
[0.429s] Level 1:colcon.colcon_core.package_identification:_identify(.) by extension 'colcon_pkg'
[0.429s] Level 1:colcon.colcon_core.package_identification:_identify(.) by extensions ['colcon_meta']
[0.429s] Level 1:colcon.colcon_core.package_identification:_identify(.) by extension 'colcon_meta'
[0.429s] Level 1:colcon.colcon_core.package_identification:_identify(.) by extensions ['ros']
[0.429s] Level 1:colcon.colcon_core.package_identification:_identify(.) by extension 'ros'
[0.465s] Level 1:colcon.colcon_core.package_identification:_identify(.) by extensions ['cmake', 'python']
[0.465s] Level 1:colcon.colcon_core.package_identification:_identify(.) by extension 'cmake'
[0.465s] Level 1:colcon.colcon_core.package_identification:_identify(.) by extension 'python'
[0.465s] Level 1:colcon.colcon_core.package_identification:_identify(.) by extensions ['python_setup_py']
[0.465s] Level 1:colcon.colcon_core.package_identification:_identify(.) by extension 'python_setup_py'
[0.465s] Level 1:colcon.colcon_core.package_identification:_identify(build) by extensions ['ignore', 'ignore_ament_install']
[0.465s] Level 1:colcon.colcon_core.package_identification:_identify(build) by extension 'ignore'
[0.465s] Level 1:colcon.colcon_core.package_identification:_identify(build) ignored
[0.465s] Level 1:colcon.colcon_core.package_identification:_identify(imu_complementary_filter) by extensions ['ignore', 'ignore_ament_install']
[0.466s] Level 1:colcon.colcon_core.package_identification:_identify(imu_complementary_filter) by extension 'ignore'
[0.466s] Level 1:colcon.colcon_core.package_identification:_identify(imu_complementary_filter) by extension 'ignore_ament_install'
[0.466s] Level 1:colcon.colcon_core.package_identification:_identify(imu_complementary_filter) by extensions ['colcon_pkg']
[0.466s] Level 1:colcon.colcon_core.package_identification:_identify(imu_complementary_filter) by extension 'colcon_pkg'
[0.466s] Level 1:colcon.colcon_core.package_identification:_identify(imu_complementary_filter) by extensions ['colcon_meta']
[0.466s] Level 1:colcon.colcon_core.package_identification:_identify(imu_complementary_filter) by extension 'colcon_meta'
[0.466s] Level 1:colcon.colcon_core.package_identification:_identify(imu_complementary_filter) by extensions ['ros']
[0.466s] Level 1:colcon.colcon_core.package_identification:_identify(imu_complementary_filter) by extension 'ros'
[0.471s] DEBUG:colcon.colcon_core.package_identification:Package 'imu_complementary_filter' with type 'ros.ament_cmake' and name 'imu_complementary_filter'
[0.471s] Level 1:colcon.colcon_core.package_identification:_identify(imu_filter_madgwick) by extensions ['ignore', 'ignore_ament_install']
[0.471s] Level 1:colcon.colcon_core.package_identification:_identify(imu_filter_madgwick) by extension 'ignore'
[0.471s] Level 1:colcon.colcon_core.package_identification:_identify(imu_filter_madgwick) by extension 'ignore_ament_install'
[0.471s] Level 1:colcon.colcon_core.package_identification:_identify(imu_filter_madgwick) by extensions ['colcon_pkg']
[0.471s] Level 1:colcon.colcon_core.package_identification:_identify(imu_filter_madgwick) by extension 'colcon_pkg'
[0.471s] Level 1:colcon.colcon_core.package_identification:_identify(imu_filter_madgwick) by extensions ['colcon_meta']
[0.471s] Level 1:colcon.colcon_core.package_identification:_identify(imu_filter_madgwick) by extension 'colcon_meta'
[0.471s] Level 1:colcon.colcon_core.package_identification:_identify(imu_filter_madgwick) by extensions ['ros']
[0.471s] Level 1:colcon.colcon_core.package_identification:_identify(imu_filter_madgwick) by extension 'ros'
[0.473s] DEBUG:colcon.colcon_core.package_identification:Package 'imu_filter_madgwick' with type 'ros.ament_cmake' and name 'imu_filter_madgwick'
[0.473s] Level 1:colcon.colcon_core.package_identification:_identify(imu_tools) by extensions ['ignore', 'ignore_ament_install']
[0.473s] Level 1:colcon.colcon_core.package_identification:_identify(imu_tools) by extension 'ignore'
[0.473s] Level 1:colcon.colcon_core.package_identification:_identify(imu_tools) by extension 'ignore_ament_install'
[0.474s] Level 1:colcon.colcon_core.package_identification:_identify(imu_tools) by extensions ['colcon_pkg']
[0.474s] Level 1:colcon.colcon_core.package_identification:_identify(imu_tools) by extension 'colcon_pkg'
[0.474s] Level 1:colcon.colcon_core.package_identification:_identify(imu_tools) by extensions ['colcon_meta']
[0.474s] Level 1:colcon.colcon_core.package_identification:_identify(imu_tools) by extension 'colcon_meta'
[0.474s] Level 1:colcon.colcon_core.package_identification:_identify(imu_tools) by extensions ['ros']
[0.474s] Level 1:colcon.colcon_core.package_identification:_identify(imu_tools) by extension 'ros'
[0.475s] DEBUG:colcon.colcon_core.package_identification:Package 'imu_tools' with type 'ros.ament_cmake' and name 'imu_tools'
[0.475s] Level 1:colcon.colcon_core.package_identification:_identify(install) by extensions ['ignore', 'ignore_ament_install']
[0.475s] Level 1:colcon.colcon_core.package_identification:_identify(install) by extension 'ignore'
[0.475s] Level 1:colcon.colcon_core.package_identification:_identify(install) ignored
[0.475s] Level 1:colcon.colcon_core.package_identification:_identify(log) by extensions ['ignore', 'ignore_ament_install']
[0.475s] Level 1:colcon.colcon_core.package_identification:_identify(log) by extension 'ignore'
[0.475s] Level 1:colcon.colcon_core.package_identification:_identify(log) ignored
[0.475s] Level 1:colcon.colcon_core.package_identification:_identify(rviz_imu_plugin) by extensions ['ignore', 'ignore_ament_install']
[0.475s] Level 1:colcon.colcon_core.package_identification:_identify(rviz_imu_plugin) by extension 'ignore'
[0.476s] Level 1:colcon.colcon_core.package_identification:_identify(rviz_imu_plugin) by extension 'ignore_ament_install'
[0.476s] Level 1:colcon.colcon_core.package_identification:_identify(rviz_imu_plugin) by extensions ['colcon_pkg']
[0.476s] Level 1:colcon.colcon_core.package_identification:_identify(rviz_imu_plugin) by extension 'colcon_pkg'
[0.476s] Level 1:colcon.colcon_core.package_identification:_identify(rviz_imu_plugin) by extensions ['colcon_meta']
[0.476s] Level 1:colcon.colcon_core.package_identification:_identify(rviz_imu_plugin) by extension 'colcon_meta'
[0.476s] Level 1:colcon.colcon_core.package_identification:_identify(rviz_imu_plugin) by extensions ['ros']
[0.476s] Level 1:colcon.colcon_core.package_identification:_identify(rviz_imu_plugin) by extension 'ros'
[0.477s] DEBUG:colcon.colcon_core.package_identification:Package 'rviz_imu_plugin' with type 'ros.ament_cmake' and name 'rviz_imu_plugin'
[0.477s] Level 1:colcon.colcon_core.package_discovery:discover_packages(recursive) using defaults
[0.477s] Level 1:colcon.colcon_core.package_discovery:discover_packages(ignore) discover
[0.477s] Level 1:colcon.colcon_core.package_discovery:discover_packages(ignore) using defaults
[0.477s] Level 1:colcon.colcon_core.package_discovery:discover_packages(path) discover
[0.477s] Level 1:colcon.colcon_core.package_discovery:discover_packages(path) using defaults
[0.514s] Level 1:colcon.colcon_core.package_discovery:discover_packages(prefix_path) check parameters
[0.514s] Level 1:colcon.colcon_core.package_discovery:discover_packages(prefix_path) discover
[0.523s] DEBUG:colcon.colcon_installed_package_information.package_discovery:Found 9 installed packages in /home/duy/ros2_ws/install
[0.526s] DEBUG:colcon.colcon_installed_package_information.package_discovery:Found 397 installed packages in /opt/ros/jazzy
[0.527s] Level 1:colcon.colcon_core.package_discovery:discover_packages(prefix_path) using defaults
[0.614s] Level 5:colcon.colcon_core.verb:set package 'imu_complementary_filter' build argument 'cmake_args' from command line to 'None'
[0.614s] Level 5:colcon.colcon_core.verb:set package 'imu_complementary_filter' build argument 'cmake_target' from command line to 'None'
[0.614s] Level 5:colcon.colcon_core.verb:set package 'imu_complementary_filter' build argument 'cmake_target_skip_unavailable' from command line to 'False'
[0.614s] Level 5:colcon.colcon_core.verb:set package 'imu_complementary_filter' build argument 'cmake_clean_cache' from command line to 'False'
[0.614s] Level 5:colcon.colcon_core.verb:set package 'imu_complementary_filter' build argument 'cmake_clean_first' from command line to 'False'
[0.614s] Level 5:colcon.colcon_core.verb:set package 'imu_complementary_filter' build argument 'cmake_force_configure' from command line to 'False'
[0.614s] Level 5:colcon.colcon_core.verb:set package 'imu_complementary_filter' build argument 'ament_cmake_args' from command line to 'None'
[0.614s] Level 5:colcon.colcon_core.verb:set package 'imu_complementary_filter' build argument 'catkin_cmake_args' from command line to 'None'
[0.614s] Level 5:colcon.colcon_core.verb:set package 'imu_complementary_filter' build argument 'catkin_skip_building_tests' from command line to 'False'
[0.615s] DEBUG:colcon.colcon_core.verb:Building package 'imu_complementary_filter' with the following arguments: {'ament_cmake_args': None, 'build_base': '/home/duy/ros2_ws/src/imu_tools/build/imu_complementary_filter', 'catkin_cmake_args': None, 'catkin_skip_building_tests': False, 'cmake_args': None, 'cmake_clean_cache': False, 'cmake_clean_first': False, 'cmake_force_configure': False, 'cmake_target': None, 'cmake_target_skip_unavailable': False, 'install_base': '/home/duy/ros2_ws/src/imu_tools/install/imu_complementary_filter', 'merge_install': False, 'path': '/home/duy/ros2_ws/src/imu_tools/imu_complementary_filter', 'symlink_install': False, 'test_result_base': None}
[0.615s] Level 5:colcon.colcon_core.verb:set package 'imu_filter_madgwick' build argument 'cmake_args' from command line to 'None'
[0.615s] Level 5:colcon.colcon_core.verb:set package 'imu_filter_madgwick' build argument 'cmake_target' from command line to 'None'
[0.615s] Level 5:colcon.colcon_core.verb:set package 'imu_filter_madgwick' build argument 'cmake_target_skip_unavailable' from command line to 'False'
[0.615s] Level 5:colcon.colcon_core.verb:set package 'imu_filter_madgwick' build argument 'cmake_clean_cache' from command line to 'False'
[0.615s] Level 5:colcon.colcon_core.verb:set package 'imu_filter_madgwick' build argument 'cmake_clean_first' from command line to 'False'
[0.615s] Level 5:colcon.colcon_core.verb:set package 'imu_filter_madgwick' build argument 'cmake_force_configure' from command line to 'False'
[0.615s] Level 5:colcon.colcon_core.verb:set package 'imu_filter_madgwick' build argument 'ament_cmake_args' from command line to 'None'
[0.615s] Level 5:colcon.colcon_core.verb:set package 'imu_filter_madgwick' build argument 'catkin_cmake_args' from command line to 'None'
[0.615s] Level 5:colcon.colcon_core.verb:set package 'imu_filter_madgwick' build argument 'catkin_skip_building_tests' from command line to 'False'
[0.615s] DEBUG:colcon.colcon_core.verb:Building package 'imu_filter_madgwick' with the following arguments: {'ament_cmake_args': None, 'build_base': '/home/duy/ros2_ws/src/imu_tools/build/imu_filter_madgwick', 'catkin_cmake_args': None, 'catkin_skip_building_tests': False, 'cmake_args': None, 'cmake_clean_cache': False, 'cmake_clean_first': False, 'cmake_force_configure': False, 'cmake_target': None, 'cmake_target_skip_unavailable': False, 'install_base': '/home/duy/ros2_ws/src/imu_tools/install/imu_filter_madgwick', 'merge_install': False, 'path': '/home/duy/ros2_ws/src/imu_tools/imu_filter_madgwick', 'symlink_install': False, 'test_result_base': None}
[0.616s] Level 5:colcon.colcon_core.verb:set package 'rviz_imu_plugin' build argument 'cmake_args' from command line to 'None'
[0.616s] Level 5:colcon.colcon_core.verb:set package 'rviz_imu_plugin' build argument 'cmake_target' from command line to 'None'
[0.616s] Level 5:colcon.colcon_core.verb:set package 'rviz_imu_plugin' build argument 'cmake_target_skip_unavailable' from command line to 'False'
[0.616s] Level 5:colcon.colcon_core.verb:set package 'rviz_imu_plugin' build argument 'cmake_clean_cache' from command line to 'False'
[0.616s] Level 5:colcon.colcon_core.verb:set package 'rviz_imu_plugin' build argument 'cmake_clean_first' from command line to 'False'
[0.616s] Level 5:colcon.colcon_core.verb:set package 'rviz_imu_plugin' build argument 'cmake_force_configure' from command line to 'False'
[0.616s] Level 5:colcon.colcon_core.verb:set package 'rviz_imu_plugin' build argument 'ament_cmake_args' from command line to 'None'
[0.616s] Level 5:colcon.colcon_core.verb:set package 'rviz_imu_plugin' build argument 'catkin_cmake_args' from command line to 'None'
[0.616s] Level 5:colcon.colcon_core.verb:set package 'rviz_imu_plugin' build argument 'catkin_skip_building_tests' from command line to 'False'
[0.616s] DEBUG:colcon.colcon_core.verb:Building package 'rviz_imu_plugin' with the following arguments: {'ament_cmake_args': None, 'build_base': '/home/duy/ros2_ws/src/imu_tools/build/rviz_imu_plugin', 'catkin_cmake_args': None, 'catkin_skip_building_tests': False, 'cmake_args': None, 'cmake_clean_cache': False, 'cmake_clean_first': False, 'cmake_force_configure': False, 'cmake_target': None, 'cmake_target_skip_unavailable': False, 'install_base': '/home/duy/ros2_ws/src/imu_tools/install/rviz_imu_plugin', 'merge_install': False, 'path': '/home/duy/ros2_ws/src/imu_tools/rviz_imu_plugin', 'symlink_install': False, 'test_result_base': None}
[0.616s] Level 5:colcon.colcon_core.verb:set package 'imu_tools' build argument 'cmake_args' from command line to 'None'
[0.616s] Level 5:colcon.colcon_core.verb:set package 'imu_tools' build argument 'cmake_target' from command line to 'None'
[0.616s] Level 5:colcon.colcon_core.verb:set package 'imu_tools' build argument 'cmake_target_skip_unavailable' from command line to 'False'
[0.616s] Level 5:colcon.colcon_core.verb:set package 'imu_tools' build argument 'cmake_clean_cache' from command line to 'False'
[0.616s] Level 5:colcon.colcon_core.verb:set package 'imu_tools' build argument 'cmake_clean_first' from command line to 'False'
[0.616s] Level 5:colcon.colcon_core.verb:set package 'imu_tools' build argument 'cmake_force_configure' from command line to 'False'
[0.616s] Level 5:colcon.colcon_core.verb:set package 'imu_tools' build argument 'ament_cmake_args' from command line to 'None'
[0.616s] Level 5:colcon.colcon_core.verb:set package 'imu_tools' build argument 'catkin_cmake_args' from command line to 'None'
[0.616s] Level 5:colcon.colcon_core.verb:set package 'imu_tools' build argument 'catkin_skip_building_tests' from command line to 'False'
[0.616s] DEBUG:colcon.colcon_core.verb:Building package 'imu_tools' with the following arguments: {'ament_cmake_args': None, 'build_base': '/home/duy/ros2_ws/src/imu_tools/build/imu_tools', 'catkin_cmake_args': None, 'catkin_skip_building_tests': False, 'cmake_args': None, 'cmake_clean_cache': False, 'cmake_clean_first': False, 'cmake_force_configure': False, 'cmake_target': None, 'cmake_target_skip_unavailable': False, 'install_base': '/home/duy/ros2_ws/src/imu_tools/install/imu_tools', 'merge_install': False, 'path': '/home/duy/ros2_ws/src/imu_tools/imu_tools', 'symlink_install': False, 'test_result_base': None}
[0.617s] INFO:colcon.colcon_core.executor:Executing jobs using 'parallel' executor
[0.618s] DEBUG:colcon.colcon_parallel_executor.executor.parallel:run_until_complete
[0.619s] INFO:colcon.colcon_ros.task.ament_cmake.build:Building ROS package in '/home/duy/ros2_ws/src/imu_tools/imu_complementary_filter' with build type 'ament_cmake'
[0.619s] INFO:colcon.colcon_cmake.task.cmake.build:Building CMake package in '/home/duy/ros2_ws/src/imu_tools/imu_complementary_filter'
[0.629s] INFO:colcon.colcon_core.plugin_system:Skipping extension 'colcon_core.shell.bat': Not used on non-Windows systems
[0.630s] INFO:colcon.colcon_core.shell:Skip shell extension 'powershell' for command environment: Not usable outside of PowerShell
[0.630s] DEBUG:colcon.colcon_core.shell:Skip shell extension 'dsv' for command environment
[0.637s] INFO:colcon.colcon_ros.task.ament_cmake.build:Building ROS package in '/home/duy/ros2_ws/src/imu_tools/imu_filter_madgwick' with build type 'ament_cmake'
[0.637s] INFO:colcon.colcon_cmake.task.cmake.build:Building CMake package in '/home/duy/ros2_ws/src/imu_tools/imu_filter_madgwick'
[0.637s] INFO:colcon.colcon_core.shell:Skip shell extension 'powershell' for command environment: Not usable outside of PowerShell
[0.637s] DEBUG:colcon.colcon_core.shell:Skip shell extension 'dsv' for command environment
[0.644s] INFO:colcon.colcon_ros.task.ament_cmake.build:Building ROS package in '/home/duy/ros2_ws/src/imu_tools/rviz_imu_plugin' with build type 'ament_cmake'
[0.644s] INFO:colcon.colcon_cmake.task.cmake.build:Building CMake package in '/home/duy/ros2_ws/src/imu_tools/rviz_imu_plugin'
[0.645s] INFO:colcon.colcon_core.shell:Skip shell extension 'powershell' for command environment: Not usable outside of PowerShell
[0.645s] DEBUG:colcon.colcon_core.shell:Skip shell extension 'dsv' for command environment
[0.658s] DEBUG:colcon.colcon_core.event_handler.log_command:Invoking command in '/home/duy/ros2_ws/src/imu_tools/build/imu_complementary_filter': CMAKE_PREFIX_PATH=${CMAKE_PREFIX_PATH}:/home/duy/ros2_ws/install/odom_encoder:/opt/ros/jazzy DEBUGINFOD_URLS=https://debuginfod.ubuntu.com /usr/bin/cmake /home/duy/ros2_ws/src/imu_tools/imu_complementary_filter -DCMAKE_INSTALL_PREFIX=/home/duy/ros2_ws/src/imu_tools/install/imu_complementary_filter
[0.662s] DEBUG:colcon.colcon_core.event_handler.log_command:Invoking command in '/home/duy/ros2_ws/src/imu_tools/build/imu_filter_madgwick': CMAKE_PREFIX_PATH=${CMAKE_PREFIX_PATH}:/home/duy/ros2_ws/install/odom_encoder:/opt/ros/jazzy DEBUGINFOD_URLS=https://debuginfod.ubuntu.com /usr/bin/cmake /home/duy/ros2_ws/src/imu_tools/imu_filter_madgwick -DCMAKE_INSTALL_PREFIX=/home/duy/ros2_ws/src/imu_tools/install/imu_filter_madgwick
[0.666s] DEBUG:colcon.colcon_core.event_handler.log_command:Invoking command in '/home/duy/ros2_ws/src/imu_tools/build/rviz_imu_plugin': CMAKE_PREFIX_PATH=${CMAKE_PREFIX_PATH}:/home/duy/ros2_ws/install/odom_encoder:/opt/ros/jazzy DEBUGINFOD_URLS=https://debuginfod.ubuntu.com /usr/bin/cmake /home/duy/ros2_ws/src/imu_tools/rviz_imu_plugin -DCMAKE_INSTALL_PREFIX=/home/duy/ros2_ws/src/imu_tools/install/rviz_imu_plugin
[3.085s] DEBUG:colcon.colcon_core.event_handler.log_command:Invoked command in '/home/duy/ros2_ws/src/imu_tools/build/imu_complementary_filter' returned '0': CMAKE_PREFIX_PATH=${CMAKE_PREFIX_PATH}:/home/duy/ros2_ws/install/odom_encoder:/opt/ros/jazzy DEBUGINFOD_URLS=https://debuginfod.ubuntu.com /usr/bin/cmake /home/duy/ros2_ws/src/imu_tools/imu_complementary_filter -DCMAKE_INSTALL_PREFIX=/home/duy/ros2_ws/src/imu_tools/install/imu_complementary_filter
[3.086s] DEBUG:colcon.colcon_core.event_handler.log_command:Invoking command in '/home/duy/ros2_ws/src/imu_tools/build/imu_complementary_filter': CMAKE_PREFIX_PATH=${CMAKE_PREFIX_PATH}:/home/duy/ros2_ws/install/odom_encoder:/opt/ros/jazzy DEBUGINFOD_URLS=https://debuginfod.ubuntu.com /usr/bin/cmake --build /home/duy/ros2_ws/src/imu_tools/build/imu_complementary_filter -- -j16 -l16
[3.273s] DEBUG:colcon.colcon_core.event_handler.log_command:Invoked command in '/home/duy/ros2_ws/src/imu_tools/build/imu_filter_madgwick' returned '0': CMAKE_PREFIX_PATH=${CMAKE_PREFIX_PATH}:/home/duy/ros2_ws/install/odom_encoder:/opt/ros/jazzy DEBUGINFOD_URLS=https://debuginfod.ubuntu.com /usr/bin/cmake /home/duy/ros2_ws/src/imu_tools/imu_filter_madgwick -DCMAKE_INSTALL_PREFIX=/home/duy/ros2_ws/src/imu_tools/install/imu_filter_madgwick
[3.275s] DEBUG:colcon.colcon_core.event_handler.log_command:Invoking command in '/home/duy/ros2_ws/src/imu_tools/build/imu_filter_madgwick': CMAKE_PREFIX_PATH=${CMAKE_PREFIX_PATH}:/home/duy/ros2_ws/install/odom_encoder:/opt/ros/jazzy DEBUGINFOD_URLS=https://debuginfod.ubuntu.com /usr/bin/cmake --build /home/duy/ros2_ws/src/imu_tools/build/imu_filter_madgwick -- -j16 -l16
[4.150s] DEBUG:colcon.colcon_core.event_handler.log_command:Invoked command in '/home/duy/ros2_ws/src/imu_tools/build/rviz_imu_plugin' returned '0': CMAKE_PREFIX_PATH=${CMAKE_PREFIX_PATH}:/home/duy/ros2_ws/install/odom_encoder:/opt/ros/jazzy DEBUGINFOD_URLS=https://debuginfod.ubuntu.com /usr/bin/cmake /home/duy/ros2_ws/src/imu_tools/rviz_imu_plugin -DCMAKE_INSTALL_PREFIX=/home/duy/ros2_ws/src/imu_tools/install/rviz_imu_plugin
[4.152s] DEBUG:colcon.colcon_core.event_handler.log_command:Invoking command in '/home/duy/ros2_ws/src/imu_tools/build/rviz_imu_plugin': CMAKE_PREFIX_PATH=${CMAKE_PREFIX_PATH}:/home/duy/ros2_ws/install/odom_encoder:/opt/ros/jazzy DEBUGINFOD_URLS=https://debuginfod.ubuntu.com /usr/bin/cmake --build /home/duy/ros2_ws/src/imu_tools/build/rviz_imu_plugin -- -j16 -l16
[21.819s] DEBUG:colcon.colcon_core.event_handler.log_command:Invoked command in '/home/duy/ros2_ws/src/imu_tools/build/rviz_imu_plugin' returned '0': CMAKE_PREFIX_PATH=${CMAKE_PREFIX_PATH}:/home/duy/ros2_ws/install/odom_encoder:/opt/ros/jazzy DEBUGINFOD_URLS=https://debuginfod.ubuntu.com /usr/bin/cmake --build /home/duy/ros2_ws/src/imu_tools/build/rviz_imu_plugin -- -j16 -l16
[21.835s] DEBUG:colcon.colcon_core.event_handler.log_command:Invoking command in '/home/duy/ros2_ws/src/imu_tools/build/rviz_imu_plugin': CMAKE_PREFIX_PATH=${CMAKE_PREFIX_PATH}:/home/duy/ros2_ws/install/odom_encoder:/opt/ros/jazzy DEBUGINFOD_URLS=https://debuginfod.ubuntu.com /usr/bin/cmake --install /home/duy/ros2_ws/src/imu_tools/build/rviz_imu_plugin
[21.867s] Level 1:colcon.colcon_core.environment:create_environment_scripts_only(rviz_imu_plugin)
[21.871s] DEBUG:colcon.colcon_core.event_handler.log_command:Invoked command in '/home/duy/ros2_ws/src/imu_tools/build/rviz_imu_plugin' returned '0': CMAKE_PREFIX_PATH=${CMAKE_PREFIX_PATH}:/home/duy/ros2_ws/install/odom_encoder:/opt/ros/jazzy DEBUGINFOD_URLS=https://debuginfod.ubuntu.com /usr/bin/cmake --install /home/duy/ros2_ws/src/imu_tools/build/rviz_imu_plugin
[21.881s] Level 1:colcon.colcon_core.environment:checking '/home/duy/ros2_ws/src/imu_tools/install/rviz_imu_plugin' for CMake module files
[21.882s] Level 1:colcon.colcon_core.environment:checking '/home/duy/ros2_ws/src/imu_tools/install/rviz_imu_plugin' for CMake config files
[21.882s] Level 1:colcon.colcon_core.shell:create_environment_hook('rviz_imu_plugin', 'cmake_prefix_path')
[21.882s] INFO:colcon.colcon_core.shell:Creating environment hook '/home/duy/ros2_ws/src/imu_tools/install/rviz_imu_plugin/share/rviz_imu_plugin/hook/cmake_prefix_path.ps1'
[21.884s] INFO:colcon.colcon_core.shell:Creating environment descriptor '/home/duy/ros2_ws/src/imu_tools/install/rviz_imu_plugin/share/rviz_imu_plugin/hook/cmake_prefix_path.dsv'
[21.884s] INFO:colcon.colcon_core.shell:Creating environment hook '/home/duy/ros2_ws/src/imu_tools/install/rviz_imu_plugin/share/rviz_imu_plugin/hook/cmake_prefix_path.sh'
[21.886s] Level 1:colcon.colcon_core.environment:checking '/home/duy/ros2_ws/src/imu_tools/install/rviz_imu_plugin/lib'
[21.887s] Level 1:colcon.colcon_core.shell:create_environment_hook('rviz_imu_plugin', 'ld_library_path_lib')
[21.887s] INFO:colcon.colcon_core.shell:Creating environment hook '/home/duy/ros2_ws/src/imu_tools/install/rviz_imu_plugin/share/rviz_imu_plugin/hook/ld_library_path_lib.ps1'
[21.887s] INFO:colcon.colcon_core.shell:Creating environment descriptor '/home/duy/ros2_ws/src/imu_tools/install/rviz_imu_plugin/share/rviz_imu_plugin/hook/ld_library_path_lib.dsv'
[21.888s] INFO:colcon.colcon_core.shell:Creating environment hook '/home/duy/ros2_ws/src/imu_tools/install/rviz_imu_plugin/share/rviz_imu_plugin/hook/ld_library_path_lib.sh'
[21.888s] Level 1:colcon.colcon_core.environment:checking '/home/duy/ros2_ws/src/imu_tools/install/rviz_imu_plugin/bin'
[21.888s] Level 1:colcon.colcon_core.environment:checking '/home/duy/ros2_ws/src/imu_tools/install/rviz_imu_plugin/lib/pkgconfig/rviz_imu_plugin.pc'
[21.888s] Level 1:colcon.colcon_core.environment:checking '/home/duy/ros2_ws/src/imu_tools/install/rviz_imu_plugin/lib/python3.12/site-packages'
[21.888s] Level 1:colcon.colcon_core.environment:checking '/home/duy/ros2_ws/src/imu_tools/install/rviz_imu_plugin/bin'
[21.889s] INFO:colcon.colcon_core.shell:Creating package script '/home/duy/ros2_ws/src/imu_tools/install/rviz_imu_plugin/share/rviz_imu_plugin/package.ps1'
[21.890s] INFO:colcon.colcon_core.shell:Creating package descriptor '/home/duy/ros2_ws/src/imu_tools/install/rviz_imu_plugin/share/rviz_imu_plugin/package.dsv'
[21.890s] INFO:colcon.colcon_core.shell:Creating package script '/home/duy/ros2_ws/src/imu_tools/install/rviz_imu_plugin/share/rviz_imu_plugin/package.sh'
[21.891s] INFO:colcon.colcon_core.shell:Creating package script '/home/duy/ros2_ws/src/imu_tools/install/rviz_imu_plugin/share/rviz_imu_plugin/package.bash'
[21.892s] INFO:colcon.colcon_core.shell:Creating package script '/home/duy/ros2_ws/src/imu_tools/install/rviz_imu_plugin/share/rviz_imu_plugin/package.zsh'
[21.892s] Level 1:colcon.colcon_core.environment:create_file_with_runtime_dependencies(/home/duy/ros2_ws/src/imu_tools/install/rviz_imu_plugin/share/colcon-core/packages/rviz_imu_plugin)
[21.893s] Level 1:colcon.colcon_core.environment:create_environment_scripts_only(rviz_imu_plugin)
[21.894s] Level 1:colcon.colcon_core.environment:checking '/home/duy/ros2_ws/src/imu_tools/install/rviz_imu_plugin' for CMake module files
[21.894s] Level 1:colcon.colcon_core.environment:checking '/home/duy/ros2_ws/src/imu_tools/install/rviz_imu_plugin' for CMake config files
[21.894s] Level 1:colcon.colcon_core.shell:create_environment_hook('rviz_imu_plugin', 'cmake_prefix_path')
[21.895s] INFO:colcon.colcon_core.shell:Creating environment hook '/home/duy/ros2_ws/src/imu_tools/install/rviz_imu_plugin/share/rviz_imu_plugin/hook/cmake_prefix_path.ps1'
[21.895s] INFO:colcon.colcon_core.shell:Creating environment descriptor '/home/duy/ros2_ws/src/imu_tools/install/rviz_imu_plugin/share/rviz_imu_plugin/hook/cmake_prefix_path.dsv'
[21.895s] INFO:colcon.colcon_core.shell:Creating environment hook '/home/duy/ros2_ws/src/imu_tools/install/rviz_imu_plugin/share/rviz_imu_plugin/hook/cmake_prefix_path.sh'
[21.896s] Level 1:colcon.colcon_core.environment:checking '/home/duy/ros2_ws/src/imu_tools/install/rviz_imu_plugin/lib'
[21.896s] Level 1:colcon.colcon_core.shell:create_environment_hook('rviz_imu_plugin', 'ld_library_path_lib')
[21.896s] INFO:colcon.colcon_core.shell:Creating environment hook '/home/duy/ros2_ws/src/imu_tools/install/rviz_imu_plugin/share/rviz_imu_plugin/hook/ld_library_path_lib.ps1'
[21.896s] INFO:colcon.colcon_core.shell:Creating environment descriptor '/home/duy/ros2_ws/src/imu_tools/install/rviz_imu_plugin/share/rviz_imu_plugin/hook/ld_library_path_lib.dsv'
[21.897s] INFO:colcon.colcon_core.shell:Creating environment hook '/home/duy/ros2_ws/src/imu_tools/install/rviz_imu_plugin/share/rviz_imu_plugin/hook/ld_library_path_lib.sh'
[21.897s] Level 1:colcon.colcon_core.environment:checking '/home/duy/ros2_ws/src/imu_tools/install/rviz_imu_plugin/bin'
[21.897s] Level 1:colcon.colcon_core.environment:checking '/home/duy/ros2_ws/src/imu_tools/install/rviz_imu_plugin/lib/pkgconfig/rviz_imu_plugin.pc'
[21.897s] Level 1:colcon.colcon_core.environment:checking '/home/duy/ros2_ws/src/imu_tools/install/rviz_imu_plugin/lib/python3.12/site-packages'
[21.898s] Level 1:colcon.colcon_core.environment:checking '/home/duy/ros2_ws/src/imu_tools/install/rviz_imu_plugin/bin'
[21.898s] INFO:colcon.colcon_core.shell:Creating package script '/home/duy/ros2_ws/src/imu_tools/install/rviz_imu_plugin/share/rviz_imu_plugin/package.ps1'
[21.898s] INFO:colcon.colcon_core.shell:Creating package descriptor '/home/duy/ros2_ws/src/imu_tools/install/rviz_imu_plugin/share/rviz_imu_plugin/package.dsv'
[21.899s] INFO:colcon.colcon_core.shell:Creating package script '/home/duy/ros2_ws/src/imu_tools/install/rviz_imu_plugin/share/rviz_imu_plugin/package.sh'
[21.899s] INFO:colcon.colcon_core.shell:Creating package script '/home/duy/ros2_ws/src/imu_tools/install/rviz_imu_plugin/share/rviz_imu_plugin/package.bash'
[21.899s] INFO:colcon.colcon_core.shell:Creating package script '/home/duy/ros2_ws/src/imu_tools/install/rviz_imu_plugin/share/rviz_imu_plugin/package.zsh'
[21.900s] Level 1:colcon.colcon_core.environment:create_file_with_runtime_dependencies(/home/duy/ros2_ws/src/imu_tools/install/rviz_imu_plugin/share/colcon-core/packages/rviz_imu_plugin)
[23.581s] DEBUG:colcon.colcon_core.event_handler.log_command:Invoked command in '/home/duy/ros2_ws/src/imu_tools/build/imu_complementary_filter' returned '0': CMAKE_PREFIX_PATH=${CMAKE_PREFIX_PATH}:/home/duy/ros2_ws/install/odom_encoder:/opt/ros/jazzy DEBUGINFOD_URLS=https://debuginfod.ubuntu.com /usr/bin/cmake --build /home/duy/ros2_ws/src/imu_tools/build/imu_complementary_filter -- -j16 -l16
[23.582s] DEBUG:colcon.colcon_core.event_handler.log_command:Invoking command in '/home/duy/ros2_ws/src/imu_tools/build/imu_complementary_filter': CMAKE_PREFIX_PATH=${CMAKE_PREFIX_PATH}:/home/duy/ros2_ws/install/odom_encoder:/opt/ros/jazzy DEBUGINFOD_URLS=https://debuginfod.ubuntu.com /usr/bin/cmake --install /home/duy/ros2_ws/src/imu_tools/build/imu_complementary_filter
[23.610s] Level 1:colcon.colcon_core.environment:create_environment_scripts_only(imu_complementary_filter)
[23.611s] Level 1:colcon.colcon_core.environment:checking '/home/duy/ros2_ws/src/imu_tools/install/imu_complementary_filter' for CMake module files
[23.611s] DEBUG:colcon.colcon_core.event_handler.log_command:Invoked command in '/home/duy/ros2_ws/src/imu_tools/build/imu_complementary_filter' returned '0': CMAKE_PREFIX_PATH=${CMAKE_PREFIX_PATH}:/home/duy/ros2_ws/install/odom_encoder:/opt/ros/jazzy DEBUGINFOD_URLS=https://debuginfod.ubuntu.com /usr/bin/cmake --install /home/duy/ros2_ws/src/imu_tools/build/imu_complementary_filter
[23.612s] Level 1:colcon.colcon_core.environment:checking '/home/duy/ros2_ws/src/imu_tools/install/imu_complementary_filter' for CMake config files
[23.612s] Level 1:colcon.colcon_core.shell:create_environment_hook('imu_complementary_filter', 'cmake_prefix_path')
[23.612s] INFO:colcon.colcon_core.shell:Creating environment hook '/home/duy/ros2_ws/src/imu_tools/install/imu_complementary_filter/share/imu_complementary_filter/hook/cmake_prefix_path.ps1'
[23.612s] INFO:colcon.colcon_core.shell:Creating environment descriptor '/home/duy/ros2_ws/src/imu_tools/install/imu_complementary_filter/share/imu_complementary_filter/hook/cmake_prefix_path.dsv'
[23.613s] INFO:colcon.colcon_core.shell:Creating environment hook '/home/duy/ros2_ws/src/imu_tools/install/imu_complementary_filter/share/imu_complementary_filter/hook/cmake_prefix_path.sh'
[23.613s] Level 1:colcon.colcon_core.environment:checking '/home/duy/ros2_ws/src/imu_tools/install/imu_complementary_filter/lib'
[23.613s] Level 1:colcon.colcon_core.shell:create_environment_hook('imu_complementary_filter', 'ld_library_path_lib')
[23.613s] INFO:colcon.colcon_core.shell:Creating environment hook '/home/duy/ros2_ws/src/imu_tools/install/imu_complementary_filter/share/imu_complementary_filter/hook/ld_library_path_lib.ps1'
[23.614s] INFO:colcon.colcon_core.shell:Creating environment descriptor '/home/duy/ros2_ws/src/imu_tools/install/imu_complementary_filter/share/imu_complementary_filter/hook/ld_library_path_lib.dsv'
[23.614s] INFO:colcon.colcon_core.shell:Creating environment hook '/home/duy/ros2_ws/src/imu_tools/install/imu_complementary_filter/share/imu_complementary_filter/hook/ld_library_path_lib.sh'
[23.614s] Level 1:colcon.colcon_core.environment:checking '/home/duy/ros2_ws/src/imu_tools/install/imu_complementary_filter/bin'
[23.614s] Level 1:colcon.colcon_core.environment:checking '/home/duy/ros2_ws/src/imu_tools/install/imu_complementary_filter/lib/pkgconfig/imu_complementary_filter.pc'
[23.614s] Level 1:colcon.colcon_core.environment:checking '/home/duy/ros2_ws/src/imu_tools/install/imu_complementary_filter/lib/python3.12/site-packages'
[23.614s] Level 1:colcon.colcon_core.environment:checking '/home/duy/ros2_ws/src/imu_tools/install/imu_complementary_filter/bin'
[23.615s] INFO:colcon.colcon_core.shell:Creating package script '/home/duy/ros2_ws/src/imu_tools/install/imu_complementary_filter/share/imu_complementary_filter/package.ps1'
[23.615s] INFO:colcon.colcon_core.shell:Creating package descriptor '/home/duy/ros2_ws/src/imu_tools/install/imu_complementary_filter/share/imu_complementary_filter/package.dsv'
[23.615s] INFO:colcon.colcon_core.shell:Creating package script '/home/duy/ros2_ws/src/imu_tools/install/imu_complementary_filter/share/imu_complementary_filter/package.sh'
[23.616s] INFO:colcon.colcon_core.shell:Creating package script '/home/duy/ros2_ws/src/imu_tools/install/imu_complementary_filter/share/imu_complementary_filter/package.bash'
[23.616s] INFO:colcon.colcon_core.shell:Creating package script '/home/duy/ros2_ws/src/imu_tools/install/imu_complementary_filter/share/imu_complementary_filter/package.zsh'
[23.616s] Level 1:colcon.colcon_core.environment:create_file_with_runtime_dependencies(/home/duy/ros2_ws/src/imu_tools/install/imu_complementary_filter/share/colcon-core/packages/imu_complementary_filter)
[23.616s] Level 1:colcon.colcon_core.environment:create_environment_scripts_only(imu_complementary_filter)
[23.616s] Level 1:colcon.colcon_core.environment:checking '/home/duy/ros2_ws/src/imu_tools/install/imu_complementary_filter' for CMake module files
[23.617s] Level 1:colcon.colcon_core.environment:checking '/home/duy/ros2_ws/src/imu_tools/install/imu_complementary_filter' for CMake config files
[23.617s] Level 1:colcon.colcon_core.shell:create_environment_hook('imu_complementary_filter', 'cmake_prefix_path')
[23.617s] INFO:colcon.colcon_core.shell:Creating environment hook '/home/duy/ros2_ws/src/imu_tools/install/imu_complementary_filter/share/imu_complementary_filter/hook/cmake_prefix_path.ps1'
[23.618s] INFO:colcon.colcon_core.shell:Creating environment descriptor '/home/duy/ros2_ws/src/imu_tools/install/imu_complementary_filter/share/imu_complementary_filter/hook/cmake_prefix_path.dsv'
[23.618s] INFO:colcon.colcon_core.shell:Creating environment hook '/home/duy/ros2_ws/src/imu_tools/install/imu_complementary_filter/share/imu_complementary_filter/hook/cmake_prefix_path.sh'
[23.618s] Level 1:colcon.colcon_core.environment:checking '/home/duy/ros2_ws/src/imu_tools/install/imu_complementary_filter/lib'
[23.618s] Level 1:colcon.colcon_core.shell:create_environment_hook('imu_complementary_filter', 'ld_library_path_lib')
[23.618s] INFO:colcon.colcon_core.shell:Creating environment hook '/home/duy/ros2_ws/src/imu_tools/install/imu_complementary_filter/share/imu_complementary_filter/hook/ld_library_path_lib.ps1'
[23.619s] INFO:colcon.colcon_core.shell:Creating environment descriptor '/home/duy/ros2_ws/src/imu_tools/install/imu_complementary_filter/share/imu_complementary_filter/hook/ld_library_path_lib.dsv'
[23.619s] INFO:colcon.colcon_core.shell:Creating environment hook '/home/duy/ros2_ws/src/imu_tools/install/imu_complementary_filter/share/imu_complementary_filter/hook/ld_library_path_lib.sh'
[23.619s] Level 1:colcon.colcon_core.environment:checking '/home/duy/ros2_ws/src/imu_tools/install/imu_complementary_filter/bin'
[23.619s] Level 1:colcon.colcon_core.environment:checking '/home/duy/ros2_ws/src/imu_tools/install/imu_complementary_filter/lib/pkgconfig/imu_complementary_filter.pc'
[23.619s] Level 1:colcon.colcon_core.environment:checking '/home/duy/ros2_ws/src/imu_tools/install/imu_complementary_filter/lib/python3.12/site-packages'
[23.620s] Level 1:colcon.colcon_core.environment:checking '/home/duy/ros2_ws/src/imu_tools/install/imu_complementary_filter/bin'
[23.620s] INFO:colcon.colcon_core.shell:Creating package script '/home/duy/ros2_ws/src/imu_tools/install/imu_complementary_filter/share/imu_complementary_filter/package.ps1'
[23.620s] INFO:colcon.colcon_core.shell:Creating package descriptor '/home/duy/ros2_ws/src/imu_tools/install/imu_complementary_filter/share/imu_complementary_filter/package.dsv'
[23.621s] INFO:colcon.colcon_core.shell:Creating package script '/home/duy/ros2_ws/src/imu_tools/install/imu_complementary_filter/share/imu_complementary_filter/package.sh'
[23.621s] INFO:colcon.colcon_core.shell:Creating package script '/home/duy/ros2_ws/src/imu_tools/install/imu_complementary_filter/share/imu_complementary_filter/package.bash'
[23.621s] INFO:colcon.colcon_core.shell:Creating package script '/home/duy/ros2_ws/src/imu_tools/install/imu_complementary_filter/share/imu_complementary_filter/package.zsh'
[23.622s] Level 1:colcon.colcon_core.environment:create_file_with_runtime_dependencies(/home/duy/ros2_ws/src/imu_tools/install/imu_complementary_filter/share/colcon-core/packages/imu_complementary_filter)
[24.667s] DEBUG:colcon.colcon_core.event_handler.log_command:Invoked command in '/home/duy/ros2_ws/src/imu_tools/build/imu_filter_madgwick' returned '0': CMAKE_PREFIX_PATH=${CMAKE_PREFIX_PATH}:/home/duy/ros2_ws/install/odom_encoder:/opt/ros/jazzy DEBUGINFOD_URLS=https://debuginfod.ubuntu.com /usr/bin/cmake --build /home/duy/ros2_ws/src/imu_tools/build/imu_filter_madgwick -- -j16 -l16
[24.668s] DEBUG:colcon.colcon_core.event_handler.log_command:Invoking command in '/home/duy/ros2_ws/src/imu_tools/build/imu_filter_madgwick': CMAKE_PREFIX_PATH=${CMAKE_PREFIX_PATH}:/home/duy/ros2_ws/install/odom_encoder:/opt/ros/jazzy DEBUGINFOD_URLS=https://debuginfod.ubuntu.com /usr/bin/cmake --install /home/duy/ros2_ws/src/imu_tools/build/imu_filter_madgwick
[24.699s] Level 1:colcon.colcon_core.environment:create_environment_scripts_only(imu_filter_madgwick)
[24.700s] Level 1:colcon.colcon_core.environment:checking '/home/duy/ros2_ws/src/imu_tools/install/imu_filter_madgwick' for CMake module files
[24.700s] DEBUG:colcon.colcon_core.event_handler.log_command:Invoked command in '/home/duy/ros2_ws/src/imu_tools/build/imu_filter_madgwick' returned '0': CMAKE_PREFIX_PATH=${CMAKE_PREFIX_PATH}:/home/duy/ros2_ws/install/odom_encoder:/opt/ros/jazzy DEBUGINFOD_URLS=https://debuginfod.ubuntu.com /usr/bin/cmake --install /home/duy/ros2_ws/src/imu_tools/build/imu_filter_madgwick
[24.701s] Level 1:colcon.colcon_core.environment:checking '/home/duy/ros2_ws/src/imu_tools/install/imu_filter_madgwick' for CMake config files
[24.701s] Level 1:colcon.colcon_core.shell:create_environment_hook('imu_filter_madgwick', 'cmake_prefix_path')
[24.701s] INFO:colcon.colcon_core.shell:Creating environment hook '/home/duy/ros2_ws/src/imu_tools/install/imu_filter_madgwick/share/imu_filter_madgwick/hook/cmake_prefix_path.ps1'
[24.702s] INFO:colcon.colcon_core.shell:Creating environment descriptor '/home/duy/ros2_ws/src/imu_tools/install/imu_filter_madgwick/share/imu_filter_madgwick/hook/cmake_prefix_path.dsv'
[24.702s] INFO:colcon.colcon_core.shell:Creating environment hook '/home/duy/ros2_ws/src/imu_tools/install/imu_filter_madgwick/share/imu_filter_madgwick/hook/cmake_prefix_path.sh'
[24.702s] Level 1:colcon.colcon_core.environment:checking '/home/duy/ros2_ws/src/imu_tools/install/imu_filter_madgwick/lib'
[24.702s] Level 1:colcon.colcon_core.shell:create_environment_hook('imu_filter_madgwick', 'ld_library_path_lib')
[24.703s] INFO:colcon.colcon_core.shell:Creating environment hook '/home/duy/ros2_ws/src/imu_tools/install/imu_filter_madgwick/share/imu_filter_madgwick/hook/ld_library_path_lib.ps1'
[24.703s] INFO:colcon.colcon_core.shell:Creating environment descriptor '/home/duy/ros2_ws/src/imu_tools/install/imu_filter_madgwick/share/imu_filter_madgwick/hook/ld_library_path_lib.dsv'
[24.703s] INFO:colcon.colcon_core.shell:Creating environment hook '/home/duy/ros2_ws/src/imu_tools/install/imu_filter_madgwick/share/imu_filter_madgwick/hook/ld_library_path_lib.sh'
[24.703s] Level 1:colcon.colcon_core.environment:checking '/home/duy/ros2_ws/src/imu_tools/install/imu_filter_madgwick/bin'
[24.704s] Level 1:colcon.colcon_core.environment:checking '/home/duy/ros2_ws/src/imu_tools/install/imu_filter_madgwick/lib/pkgconfig/imu_filter_madgwick.pc'
[24.704s] Level 1:colcon.colcon_core.environment:checking '/home/duy/ros2_ws/src/imu_tools/install/imu_filter_madgwick/lib/python3.12/site-packages'
[24.704s] Level 1:colcon.colcon_core.environment:checking '/home/duy/ros2_ws/src/imu_tools/install/imu_filter_madgwick/bin'
[24.704s] INFO:colcon.colcon_core.shell:Creating package script '/home/duy/ros2_ws/src/imu_tools/install/imu_filter_madgwick/share/imu_filter_madgwick/package.ps1'
[24.704s] INFO:colcon.colcon_core.shell:Creating package descriptor '/home/duy/ros2_ws/src/imu_tools/install/imu_filter_madgwick/share/imu_filter_madgwick/package.dsv'
[24.705s] INFO:colcon.colcon_core.shell:Creating package script '/home/duy/ros2_ws/src/imu_tools/install/imu_filter_madgwick/share/imu_filter_madgwick/package.sh'
[24.705s] INFO:colcon.colcon_core.shell:Creating package script '/home/duy/ros2_ws/src/imu_tools/install/imu_filter_madgwick/share/imu_filter_madgwick/package.bash'
[24.705s] INFO:colcon.colcon_core.shell:Creating package script '/home/duy/ros2_ws/src/imu_tools/install/imu_filter_madgwick/share/imu_filter_madgwick/package.zsh'
[24.705s] Level 1:colcon.colcon_core.environment:create_file_with_runtime_dependencies(/home/duy/ros2_ws/src/imu_tools/install/imu_filter_madgwick/share/colcon-core/packages/imu_filter_madgwick)
[24.706s] Level 1:colcon.colcon_core.environment:create_environment_scripts_only(imu_filter_madgwick)
[24.706s] Level 1:colcon.colcon_core.environment:checking '/home/duy/ros2_ws/src/imu_tools/install/imu_filter_madgwick' for CMake module files
[24.706s] Level 1:colcon.colcon_core.environment:checking '/home/duy/ros2_ws/src/imu_tools/install/imu_filter_madgwick' for CMake config files
[24.707s] Level 1:colcon.colcon_core.shell:create_environment_hook('imu_filter_madgwick', 'cmake_prefix_path')
[24.707s] INFO:colcon.colcon_core.shell:Creating environment hook '/home/duy/ros2_ws/src/imu_tools/install/imu_filter_madgwick/share/imu_filter_madgwick/hook/cmake_prefix_path.ps1'
[24.707s] INFO:colcon.colcon_core.shell:Creating environment descriptor '/home/duy/ros2_ws/src/imu_tools/install/imu_filter_madgwick/share/imu_filter_madgwick/hook/cmake_prefix_path.dsv'
[24.707s] INFO:colcon.colcon_core.shell:Creating environment hook '/home/duy/ros2_ws/src/imu_tools/install/imu_filter_madgwick/share/imu_filter_madgwick/hook/cmake_prefix_path.sh'
[24.708s] Level 1:colcon.colcon_core.environment:checking '/home/duy/ros2_ws/src/imu_tools/install/imu_filter_madgwick/lib'
[24.708s] Level 1:colcon.colcon_core.shell:create_environment_hook('imu_filter_madgwick', 'ld_library_path_lib')
[24.708s] INFO:colcon.colcon_core.shell:Creating environment hook '/home/duy/ros2_ws/src/imu_tools/install/imu_filter_madgwick/share/imu_filter_madgwick/hook/ld_library_path_lib.ps1'
[24.709s] INFO:colcon.colcon_core.shell:Creating environment descriptor '/home/duy/ros2_ws/src/imu_tools/install/imu_filter_madgwick/share/imu_filter_madgwick/hook/ld_library_path_lib.dsv'
[24.709s] INFO:colcon.colcon_core.shell:Creating environment hook '/home/duy/ros2_ws/src/imu_tools/install/imu_filter_madgwick/share/imu_filter_madgwick/hook/ld_library_path_lib.sh'
[24.709s] Level 1:colcon.colcon_core.environment:checking '/home/duy/ros2_ws/src/imu_tools/install/imu_filter_madgwick/bin'
[24.709s] Level 1:colcon.colcon_core.environment:checking '/home/duy/ros2_ws/src/imu_tools/install/imu_filter_madgwick/lib/pkgconfig/imu_filter_madgwick.pc'
[24.709s] Level 1:colcon.colcon_core.environment:checking '/home/duy/ros2_ws/src/imu_tools/install/imu_filter_madgwick/lib/python3.12/site-packages'
[24.710s] Level 1:colcon.colcon_core.environment:checking '/home/duy/ros2_ws/src/imu_tools/install/imu_filter_madgwick/bin'
[24.710s] INFO:colcon.colcon_core.shell:Creating package script '/home/duy/ros2_ws/src/imu_tools/install/imu_filter_madgwick/share/imu_filter_madgwick/package.ps1'
[24.711s] INFO:colcon.colcon_core.shell:Creating package descriptor '/home/duy/ros2_ws/src/imu_tools/install/imu_filter_madgwick/share/imu_filter_madgwick/package.dsv'
[24.711s] INFO:colcon.colcon_core.shell:Creating package script '/home/duy/ros2_ws/src/imu_tools/install/imu_filter_madgwick/share/imu_filter_madgwick/package.sh'
[24.711s] INFO:colcon.colcon_core.shell:Creating package script '/home/duy/ros2_ws/src/imu_tools/install/imu_filter_madgwick/share/imu_filter_madgwick/package.bash'
[24.712s] INFO:colcon.colcon_core.shell:Creating package script '/home/duy/ros2_ws/src/imu_tools/install/imu_filter_madgwick/share/imu_filter_madgwick/package.zsh'
[24.712s] Level 1:colcon.colcon_core.environment:create_file_with_runtime_dependencies(/home/duy/ros2_ws/src/imu_tools/install/imu_filter_madgwick/share/colcon-core/packages/imu_filter_madgwick)
[24.712s] INFO:colcon.colcon_ros.task.ament_cmake.build:Building ROS package in '/home/duy/ros2_ws/src/imu_tools/imu_tools' with build type 'ament_cmake'
[24.712s] INFO:colcon.colcon_cmake.task.cmake.build:Building CMake package in '/home/duy/ros2_ws/src/imu_tools/imu_tools'
[24.712s] INFO:colcon.colcon_core.shell:Skip shell extension 'powershell' for command environment: Not usable outside of PowerShell
[24.712s] DEBUG:colcon.colcon_core.shell:Skip shell extension 'dsv' for command environment
[24.737s] DEBUG:colcon.colcon_core.event_handler.log_command:Invoking command in '/home/duy/ros2_ws/src/imu_tools/build/imu_tools': AMENT_PREFIX_PATH=/home/duy/ros2_ws/src/imu_tools/install/rviz_imu_plugin:/home/duy/ros2_ws/src/imu_tools/install/imu_filter_madgwick:/home/duy/ros2_ws/src/imu_tools/install/imu_complementary_filter:${AMENT_PREFIX_PATH} CMAKE_PREFIX_PATH=/home/duy/ros2_ws/src/imu_tools/install/rviz_imu_plugin:/home/duy/ros2_ws/src/imu_tools/install/imu_filter_madgwick:/home/duy/ros2_ws/src/imu_tools/install/imu_complementary_filter:/home/duy/ros2_ws/install/imu_tools:/home/duy/ros2_ws/install/rviz_imu_plugin:/home/duy/ros2_ws/install/nav2_simple_astar_planner:/home/duy/ros2_ws/install/my_robot_navigation:/home/duy/ros2_ws/install/my_robot_model:/home/duy/ros2_ws/install/my_robot_localization:/home/duy/ros2_ws/install/imu_filter_madgwick:/home/duy/ros2_ws/install/imu_complementary_filter:/opt/ros/jazzy/opt/gz_sim_vendor:/opt/ros/jazzy/opt/gz_sensors_vendor:/opt/ros/jazzy/opt/gz_physics_vendor:/opt/ros/jazzy/opt/sdformat_vendor:/opt/ros/jazzy/opt/gz_gui_vendor:/opt/ros/jazzy/opt/gz_transport_vendor:/opt/ros/jazzy/opt/gz_rendering_vendor:/opt/ros/jazzy/opt/gz_plugin_vendor:/opt/ros/jazzy/opt/gz_fuel_tools_vendor:/opt/ros/jazzy/opt/gz_msgs_vendor:/opt/ros/jazzy/opt/gz_common_vendor:/opt/ros/jazzy/opt/gz_math_vendor:/opt/ros/jazzy/opt/gz_utils_vendor:/opt/ros/jazzy/opt/gz_tools_vendor:/opt/ros/jazzy/opt/gz_ogre_next_vendor:/opt/ros/jazzy/opt/gz_dartsim_vendor:/opt/ros/jazzy/opt/gz_cmake_vendor:/home/duy/ros2_ws/install/odom_encoder:/opt/ros/jazzy DEBUGINFOD_URLS=https://debuginfod.ubuntu.com LD_LIBRARY_PATH=/home/duy/ros2_ws/src/imu_tools/install/rviz_imu_plugin/lib:/home/duy/ros2_ws/src/imu_tools/install/imu_filter_madgwick/lib:/home/duy/ros2_ws/src/imu_tools/install/imu_complementary_filter/lib:${LD_LIBRARY_PATH} /usr/bin/cmake /home/duy/ros2_ws/src/imu_tools/imu_tools -DCMAKE_INSTALL_PREFIX=/home/duy/ros2_ws/src/imu_tools/install/imu_tools
[25.538s] DEBUG:colcon.colcon_core.event_handler.log_command:Invoked command in '/home/duy/ros2_ws/src/imu_tools/build/imu_tools' returned '0': AMENT_PREFIX_PATH=/home/duy/ros2_ws/src/imu_tools/install/rviz_imu_plugin:/home/duy/ros2_ws/src/imu_tools/install/imu_filter_madgwick:/home/duy/ros2_ws/src/imu_tools/install/imu_complementary_filter:${AMENT_PREFIX_PATH} CMAKE_PREFIX_PATH=/home/duy/ros2_ws/src/imu_tools/install/rviz_imu_plugin:/home/duy/ros2_ws/src/imu_tools/install/imu_filter_madgwick:/home/duy/ros2_ws/src/imu_tools/install/imu_complementary_filter:/home/duy/ros2_ws/install/imu_tools:/home/duy/ros2_ws/install/rviz_imu_plugin:/home/duy/ros2_ws/install/nav2_simple_astar_planner:/home/duy/ros2_ws/install/my_robot_navigation:/home/duy/ros2_ws/install/my_robot_model:/home/duy/ros2_ws/install/my_robot_localization:/home/duy/ros2_ws/install/imu_filter_madgwick:/home/duy/ros2_ws/install/imu_complementary_filter:/opt/ros/jazzy/opt/gz_sim_vendor:/opt/ros/jazzy/opt/gz_sensors_vendor:/opt/ros/jazzy/opt/gz_physics_vendor:/opt/ros/jazzy/opt/sdformat_vendor:/opt/ros/jazzy/opt/gz_gui_vendor:/opt/ros/jazzy/opt/gz_transport_vendor:/opt/ros/jazzy/opt/gz_rendering_vendor:/opt/ros/jazzy/opt/gz_plugin_vendor:/opt/ros/jazzy/opt/gz_fuel_tools_vendor:/opt/ros/jazzy/opt/gz_msgs_vendor:/opt/ros/jazzy/opt/gz_common_vendor:/opt/ros/jazzy/opt/gz_math_vendor:/opt/ros/jazzy/opt/gz_utils_vendor:/opt/ros/jazzy/opt/gz_tools_vendor:/opt/ros/jazzy/opt/gz_ogre_next_vendor:/opt/ros/jazzy/opt/gz_dartsim_vendor:/opt/ros/jazzy/opt/gz_cmake_vendor:/home/duy/ros2_ws/install/odom_encoder:/opt/ros/jazzy DEBUGINFOD_URLS=https://debuginfod.ubuntu.com LD_LIBRARY_PATH=/home/duy/ros2_ws/src/imu_tools/install/rviz_imu_plugin/lib:/home/duy/ros2_ws/src/imu_tools/install/imu_filter_madgwick/lib:/home/duy/ros2_ws/src/imu_tools/install/imu_complementary_filter/lib:${LD_LIBRARY_PATH} /usr/bin/cmake /home/duy/ros2_ws/src/imu_tools/imu_tools -DCMAKE_INSTALL_PREFIX=/home/duy/ros2_ws/src/imu_tools/install/imu_tools
[25.539s] DEBUG:colcon.colcon_core.event_handler.log_command:Invoking command in '/home/duy/ros2_ws/src/imu_tools/build/imu_tools': AMENT_PREFIX_PATH=/home/duy/ros2_ws/src/imu_tools/install/rviz_imu_plugin:/home/duy/ros2_ws/src/imu_tools/install/imu_filter_madgwick:/home/duy/ros2_ws/src/imu_tools/install/imu_complementary_filter:${AMENT_PREFIX_PATH} CMAKE_PREFIX_PATH=/home/duy/ros2_ws/src/imu_tools/install/rviz_imu_plugin:/home/duy/ros2_ws/src/imu_tools/install/imu_filter_madgwick:/home/duy/ros2_ws/src/imu_tools/install/imu_complementary_filter:/home/duy/ros2_ws/install/imu_tools:/home/duy/ros2_ws/install/rviz_imu_plugin:/home/duy/ros2_ws/install/nav2_simple_astar_planner:/home/duy/ros2_ws/install/my_robot_navigation:/home/duy/ros2_ws/install/my_robot_model:/home/duy/ros2_ws/install/my_robot_localization:/home/duy/ros2_ws/install/imu_filter_madgwick:/home/duy/ros2_ws/install/imu_complementary_filter:/opt/ros/jazzy/opt/gz_sim_vendor:/opt/ros/jazzy/opt/gz_sensors_vendor:/opt/ros/jazzy/opt/gz_physics_vendor:/opt/ros/jazzy/opt/sdformat_vendor:/opt/ros/jazzy/opt/gz_gui_vendor:/opt/ros/jazzy/opt/gz_transport_vendor:/opt/ros/jazzy/opt/gz_rendering_vendor:/opt/ros/jazzy/opt/gz_plugin_vendor:/opt/ros/jazzy/opt/gz_fuel_tools_vendor:/opt/ros/jazzy/opt/gz_msgs_vendor:/opt/ros/jazzy/opt/gz_common_vendor:/opt/ros/jazzy/opt/gz_math_vendor:/opt/ros/jazzy/opt/gz_utils_vendor:/opt/ros/jazzy/opt/gz_tools_vendor:/opt/ros/jazzy/opt/gz_ogre_next_vendor:/opt/ros/jazzy/opt/gz_dartsim_vendor:/opt/ros/jazzy/opt/gz_cmake_vendor:/home/duy/ros2_ws/install/odom_encoder:/opt/ros/jazzy DEBUGINFOD_URLS=https://debuginfod.ubuntu.com LD_LIBRARY_PATH=/home/duy/ros2_ws/src/imu_tools/install/rviz_imu_plugin/lib:/home/duy/ros2_ws/src/imu_tools/install/imu_filter_madgwick/lib:/home/duy/ros2_ws/src/imu_tools/install/imu_complementary_filter/lib:${LD_LIBRARY_PATH} /usr/bin/cmake --build /home/duy/ros2_ws/src/imu_tools/build/imu_tools -- -j16 -l16
[25.588s] DEBUG:colcon.colcon_core.event_handler.log_command:Invoked command in '/home/duy/ros2_ws/src/imu_tools/build/imu_tools' returned '0': AMENT_PREFIX_PATH=/home/duy/ros2_ws/src/imu_tools/install/rviz_imu_plugin:/home/duy/ros2_ws/src/imu_tools/install/imu_filter_madgwick:/home/duy/ros2_ws/src/imu_tools/install/imu_complementary_filter:${AMENT_PREFIX_PATH} CMAKE_PREFIX_PATH=/home/duy/ros2_ws/src/imu_tools/install/rviz_imu_plugin:/home/duy/ros2_ws/src/imu_tools/install/imu_filter_madgwick:/home/duy/ros2_ws/src/imu_tools/install/imu_complementary_filter:/home/duy/ros2_ws/install/imu_tools:/home/duy/ros2_ws/install/rviz_imu_plugin:/home/duy/ros2_ws/install/nav2_simple_astar_planner:/home/duy/ros2_ws/install/my_robot_navigation:/home/duy/ros2_ws/install/my_robot_model:/home/duy/ros2_ws/install/my_robot_localization:/home/duy/ros2_ws/install/imu_filter_madgwick:/home/duy/ros2_ws/install/imu_complementary_filter:/opt/ros/jazzy/opt/gz_sim_vendor:/opt/ros/jazzy/opt/gz_sensors_vendor:/opt/ros/jazzy/opt/gz_physics_vendor:/opt/ros/jazzy/opt/sdformat_vendor:/opt/ros/jazzy/opt/gz_gui_vendor:/opt/ros/jazzy/opt/gz_transport_vendor:/opt/ros/jazzy/opt/gz_rendering_vendor:/opt/ros/jazzy/opt/gz_plugin_vendor:/opt/ros/jazzy/opt/gz_fuel_tools_vendor:/opt/ros/jazzy/opt/gz_msgs_vendor:/opt/ros/jazzy/opt/gz_common_vendor:/opt/ros/jazzy/opt/gz_math_vendor:/opt/ros/jazzy/opt/gz_utils_vendor:/opt/ros/jazzy/opt/gz_tools_vendor:/opt/ros/jazzy/opt/gz_ogre_next_vendor:/opt/ros/jazzy/opt/gz_dartsim_vendor:/opt/ros/jazzy/opt/gz_cmake_vendor:/home/duy/ros2_ws/install/odom_encoder:/opt/ros/jazzy DEBUGINFOD_URLS=https://debuginfod.ubuntu.com LD_LIBRARY_PATH=/home/duy/ros2_ws/src/imu_tools/install/rviz_imu_plugin/lib:/home/duy/ros2_ws/src/imu_tools/install/imu_filter_madgwick/lib:/home/duy/ros2_ws/src/imu_tools/install/imu_complementary_filter/lib:${LD_LIBRARY_PATH} /usr/bin/cmake --build /home/duy/ros2_ws/src/imu_tools/build/imu_tools -- -j16 -l16
[25.589s] DEBUG:colcon.colcon_core.event_handler.log_command:Invoking command in '/home/duy/ros2_ws/src/imu_tools/build/imu_tools': AMENT_PREFIX_PATH=/home/duy/ros2_ws/src/imu_tools/install/rviz_imu_plugin:/home/duy/ros2_ws/src/imu_tools/install/imu_filter_madgwick:/home/duy/ros2_ws/src/imu_tools/install/imu_complementary_filter:${AMENT_PREFIX_PATH} CMAKE_PREFIX_PATH=/home/duy/ros2_ws/src/imu_tools/install/rviz_imu_plugin:/home/duy/ros2_ws/src/imu_tools/install/imu_filter_madgwick:/home/duy/ros2_ws/src/imu_tools/install/imu_complementary_filter:/home/duy/ros2_ws/install/imu_tools:/home/duy/ros2_ws/install/rviz_imu_plugin:/home/duy/ros2_ws/install/nav2_simple_astar_planner:/home/duy/ros2_ws/install/my_robot_navigation:/home/duy/ros2_ws/install/my_robot_model:/home/duy/ros2_ws/install/my_robot_localization:/home/duy/ros2_ws/install/imu_filter_madgwick:/home/duy/ros2_ws/install/imu_complementary_filter:/opt/ros/jazzy/opt/gz_sim_vendor:/opt/ros/jazzy/opt/gz_sensors_vendor:/opt/ros/jazzy/opt/gz_physics_vendor:/opt/ros/jazzy/opt/sdformat_vendor:/opt/ros/jazzy/opt/gz_gui_vendor:/opt/ros/jazzy/opt/gz_transport_vendor:/opt/ros/jazzy/opt/gz_rendering_vendor:/opt/ros/jazzy/opt/gz_plugin_vendor:/opt/ros/jazzy/opt/gz_fuel_tools_vendor:/opt/ros/jazzy/opt/gz_msgs_vendor:/opt/ros/jazzy/opt/gz_common_vendor:/opt/ros/jazzy/opt/gz_math_vendor:/opt/ros/jazzy/opt/gz_utils_vendor:/opt/ros/jazzy/opt/gz_tools_vendor:/opt/ros/jazzy/opt/gz_ogre_next_vendor:/opt/ros/jazzy/opt/gz_dartsim_vendor:/opt/ros/jazzy/opt/gz_cmake_vendor:/home/duy/ros2_ws/install/odom_encoder:/opt/ros/jazzy DEBUGINFOD_URLS=https://debuginfod.ubuntu.com LD_LIBRARY_PATH=/home/duy/ros2_ws/src/imu_tools/install/rviz_imu_plugin/lib:/home/duy/ros2_ws/src/imu_tools/install/imu_filter_madgwick/lib:/home/duy/ros2_ws/src/imu_tools/install/imu_complementary_filter/lib:${LD_LIBRARY_PATH} /usr/bin/cmake --install /home/duy/ros2_ws/src/imu_tools/build/imu_tools
[25.603s] Level 1:colcon.colcon_core.environment:create_environment_scripts_only(imu_tools)
[25.603s] Level 1:colcon.colcon_core.environment:checking '/home/duy/ros2_ws/src/imu_tools/install/imu_tools' for CMake module files
[25.603s] DEBUG:colcon.colcon_core.event_handler.log_command:Invoked command in '/home/duy/ros2_ws/src/imu_tools/build/imu_tools' returned '0': AMENT_PREFIX_PATH=/home/duy/ros2_ws/src/imu_tools/install/rviz_imu_plugin:/home/duy/ros2_ws/src/imu_tools/install/imu_filter_madgwick:/home/duy/ros2_ws/src/imu_tools/install/imu_complementary_filter:${AMENT_PREFIX_PATH} CMAKE_PREFIX_PATH=/home/duy/ros2_ws/src/imu_tools/install/rviz_imu_plugin:/home/duy/ros2_ws/src/imu_tools/install/imu_filter_madgwick:/home/duy/ros2_ws/src/imu_tools/install/imu_complementary_filter:/home/duy/ros2_ws/install/imu_tools:/home/duy/ros2_ws/install/rviz_imu_plugin:/home/duy/ros2_ws/install/nav2_simple_astar_planner:/home/duy/ros2_ws/install/my_robot_navigation:/home/duy/ros2_ws/install/my_robot_model:/home/duy/ros2_ws/install/my_robot_localization:/home/duy/ros2_ws/install/imu_filter_madgwick:/home/duy/ros2_ws/install/imu_complementary_filter:/opt/ros/jazzy/opt/gz_sim_vendor:/opt/ros/jazzy/opt/gz_sensors_vendor:/opt/ros/jazzy/opt/gz_physics_vendor:/opt/ros/jazzy/opt/sdformat_vendor:/opt/ros/jazzy/opt/gz_gui_vendor:/opt/ros/jazzy/opt/gz_transport_vendor:/opt/ros/jazzy/opt/gz_rendering_vendor:/opt/ros/jazzy/opt/gz_plugin_vendor:/opt/ros/jazzy/opt/gz_fuel_tools_vendor:/opt/ros/jazzy/opt/gz_msgs_vendor:/opt/ros/jazzy/opt/gz_common_vendor:/opt/ros/jazzy/opt/gz_math_vendor:/opt/ros/jazzy/opt/gz_utils_vendor:/opt/ros/jazzy/opt/gz_tools_vendor:/opt/ros/jazzy/opt/gz_ogre_next_vendor:/opt/ros/jazzy/opt/gz_dartsim_vendor:/opt/ros/jazzy/opt/gz_cmake_vendor:/home/duy/ros2_ws/install/odom_encoder:/opt/ros/jazzy DEBUGINFOD_URLS=https://debuginfod.ubuntu.com LD_LIBRARY_PATH=/home/duy/ros2_ws/src/imu_tools/install/rviz_imu_plugin/lib:/home/duy/ros2_ws/src/imu_tools/install/imu_filter_madgwick/lib:/home/duy/ros2_ws/src/imu_tools/install/imu_complementary_filter/lib:${LD_LIBRARY_PATH} /usr/bin/cmake --install /home/duy/ros2_ws/src/imu_tools/build/imu_tools
[25.604s] Level 1:colcon.colcon_core.environment:checking '/home/duy/ros2_ws/src/imu_tools/install/imu_tools' for CMake config files
[25.604s] Level 1:colcon.colcon_core.shell:create_environment_hook('imu_tools', 'cmake_prefix_path')
[25.604s] INFO:colcon.colcon_core.shell:Creating environment hook '/home/duy/ros2_ws/src/imu_tools/install/imu_tools/share/imu_tools/hook/cmake_prefix_path.ps1'
[25.604s] INFO:colcon.colcon_core.shell:Creating environment descriptor '/home/duy/ros2_ws/src/imu_tools/install/imu_tools/share/imu_tools/hook/cmake_prefix_path.dsv'
[25.605s] INFO:colcon.colcon_core.shell:Creating environment hook '/home/duy/ros2_ws/src/imu_tools/install/imu_tools/share/imu_tools/hook/cmake_prefix_path.sh'
[25.605s] Level 1:colcon.colcon_core.environment:checking '/home/duy/ros2_ws/src/imu_tools/install/imu_tools/bin'
[25.605s] Level 1:colcon.colcon_core.environment:checking '/home/duy/ros2_ws/src/imu_tools/install/imu_tools/lib/pkgconfig/imu_tools.pc'
[25.605s] Level 1:colcon.colcon_core.environment:checking '/home/duy/ros2_ws/src/imu_tools/install/imu_tools/lib/python3.12/site-packages'
[25.605s] Level 1:colcon.colcon_core.environment:checking '/home/duy/ros2_ws/src/imu_tools/install/imu_tools/bin'
[25.606s] INFO:colcon.colcon_core.shell:Creating package script '/home/duy/ros2_ws/src/imu_tools/install/imu_tools/share/imu_tools/package.ps1'
[25.606s] INFO:colcon.colcon_core.shell:Creating package descriptor '/home/duy/ros2_ws/src/imu_tools/install/imu_tools/share/imu_tools/package.dsv'
[25.606s] INFO:colcon.colcon_core.shell:Creating package script '/home/duy/ros2_ws/src/imu_tools/install/imu_tools/share/imu_tools/package.sh'
[25.606s] INFO:colcon.colcon_core.shell:Creating package script '/home/duy/ros2_ws/src/imu_tools/install/imu_tools/share/imu_tools/package.bash'
[25.607s] INFO:colcon.colcon_core.shell:Creating package script '/home/duy/ros2_ws/src/imu_tools/install/imu_tools/share/imu_tools/package.zsh'
[25.607s] Level 1:colcon.colcon_core.environment:create_file_with_runtime_dependencies(/home/duy/ros2_ws/src/imu_tools/install/imu_tools/share/colcon-core/packages/imu_tools)
[25.607s] Level 1:colcon.colcon_core.environment:create_environment_scripts_only(imu_tools)
[25.607s] Level 1:colcon.colcon_core.environment:checking '/home/duy/ros2_ws/src/imu_tools/install/imu_tools' for CMake module files
[25.608s] Level 1:colcon.colcon_core.environment:checking '/home/duy/ros2_ws/src/imu_tools/install/imu_tools' for CMake config files
[25.608s] Level 1:colcon.colcon_core.shell:create_environment_hook('imu_tools', 'cmake_prefix_path')
[25.608s] INFO:colcon.colcon_core.shell:Creating environment hook '/home/duy/ros2_ws/src/imu_tools/install/imu_tools/share/imu_tools/hook/cmake_prefix_path.ps1'
[25.608s] INFO:colcon.colcon_core.shell:Creating environment descriptor '/home/duy/ros2_ws/src/imu_tools/install/imu_tools/share/imu_tools/hook/cmake_prefix_path.dsv'
[25.608s] INFO:colcon.colcon_core.shell:Creating environment hook '/home/duy/ros2_ws/src/imu_tools/install/imu_tools/share/imu_tools/hook/cmake_prefix_path.sh'
[25.609s] Level 1:colcon.colcon_core.environment:checking '/home/duy/ros2_ws/src/imu_tools/install/imu_tools/bin'
[25.609s] Level 1:colcon.colcon_core.environment:checking '/home/duy/ros2_ws/src/imu_tools/install/imu_tools/lib/pkgconfig/imu_tools.pc'
[25.609s] Level 1:colcon.colcon_core.environment:checking '/home/duy/ros2_ws/src/imu_tools/install/imu_tools/lib/python3.12/site-packages'
[25.609s] Level 1:colcon.colcon_core.environment:checking '/home/duy/ros2_ws/src/imu_tools/install/imu_tools/bin'
[25.609s] INFO:colcon.colcon_core.shell:Creating package script '/home/duy/ros2_ws/src/imu_tools/install/imu_tools/share/imu_tools/package.ps1'
[25.610s] INFO:colcon.colcon_core.shell:Creating package descriptor '/home/duy/ros2_ws/src/imu_tools/install/imu_tools/share/imu_tools/package.dsv'
[25.610s] INFO:colcon.colcon_core.shell:Creating package script '/home/duy/ros2_ws/src/imu_tools/install/imu_tools/share/imu_tools/package.sh'
[25.610s] INFO:colcon.colcon_core.shell:Creating package script '/home/duy/ros2_ws/src/imu_tools/install/imu_tools/share/imu_tools/package.bash'
[25.610s] INFO:colcon.colcon_core.shell:Creating package script '/home/duy/ros2_ws/src/imu_tools/install/imu_tools/share/imu_tools/package.zsh'
[25.611s] Level 1:colcon.colcon_core.environment:create_file_with_runtime_dependencies(/home/duy/ros2_ws/src/imu_tools/install/imu_tools/share/colcon-core/packages/imu_tools)
[25.611s] DEBUG:colcon.colcon_parallel_executor.executor.parallel:closing loop
[25.611s] DEBUG:colcon.colcon_parallel_executor.executor.parallel:loop closed
[25.611s] DEBUG:colcon.colcon_parallel_executor.executor.parallel:run_until_complete finished with '0'
[25.611s] DEBUG:colcon.colcon_core.event_reactor:joining thread
[25.624s] INFO:colcon.colcon_core.plugin_system:Skipping extension 'colcon_notification.desktop_notification.terminal_notifier': Not used on non-Darwin systems
[25.624s] INFO:colcon.colcon_core.plugin_system:Skipping extension 'colcon_notification.desktop_notification.win32': Not used on non-Windows systems
[25.624s] INFO:colcon.colcon_notification.desktop_notification:Sending desktop notification using 'notify2'
[25.731s] DEBUG:colcon.colcon_core.event_reactor:joined thread
[25.731s] INFO:colcon.colcon_core.shell:Creating prefix script '/home/duy/ros2_ws/src/imu_tools/install/local_setup.ps1'
[25.732s] INFO:colcon.colcon_core.shell:Creating prefix util module '/home/duy/ros2_ws/src/imu_tools/install/_local_setup_util_ps1.py'
[25.733s] INFO:colcon.colcon_core.shell:Creating prefix chain script '/home/duy/ros2_ws/src/imu_tools/install/setup.ps1'
[25.735s] INFO:colcon.colcon_core.shell:Creating prefix script '/home/duy/ros2_ws/src/imu_tools/install/local_setup.sh'
[25.735s] INFO:colcon.colcon_core.shell:Creating prefix util module '/home/duy/ros2_ws/src/imu_tools/install/_local_setup_util_sh.py'
[25.736s] INFO:colcon.colcon_core.shell:Creating prefix chain script '/home/duy/ros2_ws/src/imu_tools/install/setup.sh'
[25.737s] INFO:colcon.colcon_core.shell:Creating prefix script '/home/duy/ros2_ws/src/imu_tools/install/local_setup.bash'
[25.737s] INFO:colcon.colcon_core.shell:Creating prefix chain script '/home/duy/ros2_ws/src/imu_tools/install/setup.bash'
[25.739s] INFO:colcon.colcon_core.shell:Creating prefix script '/home/duy/ros2_ws/src/imu_tools/install/local_setup.zsh'
[25.739s] INFO:colcon.colcon_core.shell:Creating prefix chain script '/home/duy/ros2_ws/src/imu_tools/install/setup.zsh'
