[0.306s] DEBUG:colcon:Command line arguments: ['/usr/bin/colcon', 'build']
[0.306s] DEBUG:colcon:Parsed command line arguments: Namespace(log_base=None, log_level=None, verb_name='build', build_base='build', install_base='install', merge_install=False, symlink_install=False, test_result_base=None, continue_on_error=False, executor='parallel', parallel_workers=16, event_handlers=None, ignore_user_meta=False, metas=['./colcon.meta'], base_paths=['.'], packages_ignore=None, packages_ignore_regex=None, paths=None, packages_up_to=None, packages_up_to_regex=None, packages_above=None, packages_above_and_dependencies=None, packages_above_depth=None, packages_select_by_dep=None, packages_skip_by_dep=None, packages_skip_up_to=None, packages_select_build_failed=False, packages_skip_build_finished=False, packages_select_test_failures=False, packages_skip_test_passed=False, packages_select=None, packages_skip=None, packages_select_regex=None, packages_skip_regex=None, packages_start=None, packages_end=None, allow_overriding=[], cmake_args=None, cmake_target=None, cmake_target_skip_unavailable=False, cmake_clean_cache=False, cmake_clean_first=False, cmake_force_configure=False, ament_cmake_args=None, catkin_cmake_args=None, catkin_skip_building_tests=False, mixin_files=None, mixin=None, verb_parser=<colcon_mixin.mixin.mixin_argument.MixinArgumentDecorator object at 0x75ff3dfeddf0>, verb_extension=<colcon_core.verb.build.BuildVerb object at 0x75ff3dfed9a0>, main=<bound method BuildVerb.main of <colcon_core.verb.build.BuildVerb object at 0x75ff3dfed9a0>>, mixin_verb=('build',))
[0.375s] Level 1:colcon.colcon_core.package_discovery:discover_packages(colcon_meta) check parameters
[0.375s] Level 1:colcon.colcon_core.package_discovery:discover_packages(recursive) check parameters
[0.375s] Level 1:colcon.colcon_core.package_discovery:discover_packages(ignore) check parameters
[0.375s] Level 1:colcon.colcon_core.package_discovery:discover_packages(path) check parameters
[0.375s] Level 1:colcon.colcon_core.package_discovery:discover_packages(colcon_meta) discover
[0.376s] Level 1:colcon.colcon_core.package_discovery:discover_packages(recursive) discover
[0.376s] INFO:colcon.colcon_core.package_discovery:Crawling recursively for packages in '/home/duy/ros2_ws/src/imu_tools'
[0.376s] Level 1:colcon.colcon_core.package_identification:_identify(.) by extensions ['ignore', 'ignore_ament_install']
[0.376s] Level 1:colcon.colcon_core.package_identification:_identify(.) by extension 'ignore'
[0.376s] Level 1:colcon.colcon_core.package_identification:_identify(.) by extension 'ignore_ament_install'
[0.376s] Level 1:colcon.colcon_core.package_identification:_identify(.) by extensions ['colcon_pkg']
[0.376s] Level 1:colcon.colcon_core.package_identification:_identify(.) by extension 'colcon_pkg'
[0.376s] Level 1:colcon.colcon_core.package_identification:_identify(.) by extensions ['colcon_meta']
[0.376s] Level 1:colcon.colcon_core.package_identification:_identify(.) by extension 'colcon_meta'
[0.376s] Level 1:colcon.colcon_core.package_identification:_identify(.) by extensions ['ros']
[0.376s] Level 1:colcon.colcon_core.package_identification:_identify(.) by extension 'ros'
[0.414s] Level 1:colcon.colcon_core.package_identification:_identify(.) by extensions ['cmake', 'python']
[0.414s] Level 1:colcon.colcon_core.package_identification:_identify(.) by extension 'cmake'
[0.414s] Level 1:colcon.colcon_core.package_identification:_identify(.) by extension 'python'
[0.414s] Level 1:colcon.colcon_core.package_identification:_identify(.) by extensions ['python_setup_py']
[0.414s] Level 1:colcon.colcon_core.package_identification:_identify(.) by extension 'python_setup_py'
[0.414s] Level 1:colcon.colcon_core.package_identification:_identify(build) by extensions ['ignore', 'ignore_ament_install']
[0.414s] Level 1:colcon.colcon_core.package_identification:_identify(build) by extension 'ignore'
[0.414s] Level 1:colcon.colcon_core.package_identification:_identify(build) ignored
[0.415s] Level 1:colcon.colcon_core.package_identification:_identify(imu_complementary_filter) by extensions ['ignore', 'ignore_ament_install']
[0.415s] Level 1:colcon.colcon_core.package_identification:_identify(imu_complementary_filter) by extension 'ignore'
[0.415s] Level 1:colcon.colcon_core.package_identification:_identify(imu_complementary_filter) by extension 'ignore_ament_install'
[0.415s] Level 1:colcon.colcon_core.package_identification:_identify(imu_complementary_filter) by extensions ['colcon_pkg']
[0.415s] Level 1:colcon.colcon_core.package_identification:_identify(imu_complementary_filter) by extension 'colcon_pkg'
[0.415s] Level 1:colcon.colcon_core.package_identification:_identify(imu_complementary_filter) by extensions ['colcon_meta']
[0.415s] Level 1:colcon.colcon_core.package_identification:_identify(imu_complementary_filter) by extension 'colcon_meta'
[0.415s] Level 1:colcon.colcon_core.package_identification:_identify(imu_complementary_filter) by extensions ['ros']
[0.415s] Level 1:colcon.colcon_core.package_identification:_identify(imu_complementary_filter) by extension 'ros'
[0.420s] DEBUG:colcon.colcon_core.package_identification:Package 'imu_complementary_filter' with type 'ros.ament_cmake' and name 'imu_complementary_filter'
[0.420s] Level 1:colcon.colcon_core.package_identification:_identify(imu_filter_madgwick) by extensions ['ignore', 'ignore_ament_install']
[0.420s] Level 1:colcon.colcon_core.package_identification:_identify(imu_filter_madgwick) by extension 'ignore'
[0.420s] Level 1:colcon.colcon_core.package_identification:_identify(imu_filter_madgwick) by extension 'ignore_ament_install'
[0.420s] Level 1:colcon.colcon_core.package_identification:_identify(imu_filter_madgwick) by extensions ['colcon_pkg']
[0.420s] Level 1:colcon.colcon_core.package_identification:_identify(imu_filter_madgwick) by extension 'colcon_pkg'
[0.420s] Level 1:colcon.colcon_core.package_identification:_identify(imu_filter_madgwick) by extensions ['colcon_meta']
[0.421s] Level 1:colcon.colcon_core.package_identification:_identify(imu_filter_madgwick) by extension 'colcon_meta'
[0.421s] Level 1:colcon.colcon_core.package_identification:_identify(imu_filter_madgwick) by extensions ['ros']
[0.421s] Level 1:colcon.colcon_core.package_identification:_identify(imu_filter_madgwick) by extension 'ros'
[0.422s] DEBUG:colcon.colcon_core.package_identification:Package 'imu_filter_madgwick' with type 'ros.ament_cmake' and name 'imu_filter_madgwick'
[0.422s] Level 1:colcon.colcon_core.package_identification:_identify(imu_tools) by extensions ['ignore', 'ignore_ament_install']
[0.422s] Level 1:colcon.colcon_core.package_identification:_identify(imu_tools) by extension 'ignore'
[0.423s] Level 1:colcon.colcon_core.package_identification:_identify(imu_tools) by extension 'ignore_ament_install'
[0.423s] Level 1:colcon.colcon_core.package_identification:_identify(imu_tools) by extensions ['colcon_pkg']
[0.423s] Level 1:colcon.colcon_core.package_identification:_identify(imu_tools) by extension 'colcon_pkg'
[0.423s] Level 1:colcon.colcon_core.package_identification:_identify(imu_tools) by extensions ['colcon_meta']
[0.423s] Level 1:colcon.colcon_core.package_identification:_identify(imu_tools) by extension 'colcon_meta'
[0.423s] Level 1:colcon.colcon_core.package_identification:_identify(imu_tools) by extensions ['ros']
[0.423s] Level 1:colcon.colcon_core.package_identification:_identify(imu_tools) by extension 'ros'
[0.424s] DEBUG:colcon.colcon_core.package_identification:Package 'imu_tools' with type 'ros.ament_cmake' and name 'imu_tools'
[0.424s] Level 1:colcon.colcon_core.package_identification:_identify(install) by extensions ['ignore', 'ignore_ament_install']
[0.424s] Level 1:colcon.colcon_core.package_identification:_identify(install) by extension 'ignore'
[0.424s] Level 1:colcon.colcon_core.package_identification:_identify(install) ignored
[0.424s] Level 1:colcon.colcon_core.package_identification:_identify(log) by extensions ['ignore', 'ignore_ament_install']
[0.424s] Level 1:colcon.colcon_core.package_identification:_identify(log) by extension 'ignore'
[0.424s] Level 1:colcon.colcon_core.package_identification:_identify(log) ignored
[0.424s] Level 1:colcon.colcon_core.package_identification:_identify(rviz_imu_plugin) by extensions ['ignore', 'ignore_ament_install']
[0.425s] Level 1:colcon.colcon_core.package_identification:_identify(rviz_imu_plugin) by extension 'ignore'
[0.425s] Level 1:colcon.colcon_core.package_identification:_identify(rviz_imu_plugin) by extension 'ignore_ament_install'
[0.425s] Level 1:colcon.colcon_core.package_identification:_identify(rviz_imu_plugin) by extensions ['colcon_pkg']
[0.425s] Level 1:colcon.colcon_core.package_identification:_identify(rviz_imu_plugin) by extension 'colcon_pkg'
[0.425s] Level 1:colcon.colcon_core.package_identification:_identify(rviz_imu_plugin) by extensions ['colcon_meta']
[0.425s] Level 1:colcon.colcon_core.package_identification:_identify(rviz_imu_plugin) by extension 'colcon_meta'
[0.425s] Level 1:colcon.colcon_core.package_identification:_identify(rviz_imu_plugin) by extensions ['ros']
[0.425s] Level 1:colcon.colcon_core.package_identification:_identify(rviz_imu_plugin) by extension 'ros'
[0.426s] DEBUG:colcon.colcon_core.package_identification:Package 'rviz_imu_plugin' with type 'ros.ament_cmake' and name 'rviz_imu_plugin'
[0.426s] Level 1:colcon.colcon_core.package_discovery:discover_packages(recursive) using defaults
[0.426s] Level 1:colcon.colcon_core.package_discovery:discover_packages(ignore) discover
[0.427s] Level 1:colcon.colcon_core.package_discovery:discover_packages(ignore) using defaults
[0.427s] Level 1:colcon.colcon_core.package_discovery:discover_packages(path) discover
[0.427s] Level 1:colcon.colcon_core.package_discovery:discover_packages(path) using defaults
[0.459s] Level 1:colcon.colcon_core.package_discovery:discover_packages(prefix_path) check parameters
[0.459s] Level 1:colcon.colcon_core.package_discovery:discover_packages(prefix_path) discover
[0.462s] WARNING:colcon.colcon_core.prefix_path.colcon:The path '/home/duy/ros2_ws/src/qt_rviz_dashboard/install' in the environment variable COLCON_PREFIX_PATH doesn't exist
[0.463s] WARNING:colcon.colcon_ros.prefix_path.ament:The path '/home/duy/ros2_ws/install/qt_rviz_dashboard' in the environment variable AMENT_PREFIX_PATH doesn't exist
[0.464s] WARNING:colcon.colcon_ros.prefix_path.ament:The path '/home/duy/ros2_ws/src/qt_rviz_dashboard/install/qt_rviz_dashboard' in the environment variable AMENT_PREFIX_PATH doesn't exist
[0.465s] WARNING:colcon.colcon_ros.prefix_path.catkin:The path '/home/duy/ros2_ws/install/qt_rviz_dashboard' in the environment variable CMAKE_PREFIX_PATH doesn't exist
[0.465s] WARNING:colcon.colcon_ros.prefix_path.catkin:The path '/home/duy/ros2_ws/src/qt_rviz_dashboard/install/qt_rviz_dashboard' in the environment variable CMAKE_PREFIX_PATH doesn't exist
[0.467s] DEBUG:colcon.colcon_installed_package_information.package_discovery:Found 4 installed packages in /home/duy/ros2_ws/src/imu_tools/install
[0.468s] DEBUG:colcon.colcon_installed_package_information.package_discovery:Found 8 installed packages in /home/duy/ros2_ws/install
[0.469s] DEBUG:colcon.colcon_installed_package_information.package_discovery:Found 1 installed packages in /home/duy/ros2_ws/src/odom_encoder/install
[0.470s] DEBUG:colcon.colcon_installed_package_information.package_discovery:Found 12 installed packages in /home/duy/ros2_ws/src/install
[0.472s] DEBUG:colcon.colcon_installed_package_information.package_discovery:Found 1 installed packages in /home/duy/ros2_ws/src/my_robot_localization/install
[0.475s] DEBUG:colcon.colcon_installed_package_information.package_discovery:Found 397 installed packages in /opt/ros/jazzy
[0.478s] Level 1:colcon.colcon_core.package_discovery:discover_packages(prefix_path) using defaults
[0.563s] Level 5:colcon.colcon_core.verb:set package 'imu_complementary_filter' build argument 'cmake_args' from command line to 'None'
[0.563s] Level 5:colcon.colcon_core.verb:set package 'imu_complementary_filter' build argument 'cmake_target' from command line to 'None'
[0.563s] Level 5:colcon.colcon_core.verb:set package 'imu_complementary_filter' build argument 'cmake_target_skip_unavailable' from command line to 'False'
[0.563s] Level 5:colcon.colcon_core.verb:set package 'imu_complementary_filter' build argument 'cmake_clean_cache' from command line to 'False'
[0.563s] Level 5:colcon.colcon_core.verb:set package 'imu_complementary_filter' build argument 'cmake_clean_first' from command line to 'False'
[0.563s] Level 5:colcon.colcon_core.verb:set package 'imu_complementary_filter' build argument 'cmake_force_configure' from command line to 'False'
[0.563s] Level 5:colcon.colcon_core.verb:set package 'imu_complementary_filter' build argument 'ament_cmake_args' from command line to 'None'
[0.563s] Level 5:colcon.colcon_core.verb:set package 'imu_complementary_filter' build argument 'catkin_cmake_args' from command line to 'None'
[0.563s] Level 5:colcon.colcon_core.verb:set package 'imu_complementary_filter' build argument 'catkin_skip_building_tests' from command line to 'False'
[0.563s] DEBUG:colcon.colcon_core.verb:Building package 'imu_complementary_filter' with the following arguments: {'ament_cmake_args': None, 'build_base': '/home/duy/ros2_ws/src/imu_tools/build/imu_complementary_filter', 'catkin_cmake_args': None, 'catkin_skip_building_tests': False, 'cmake_args': None, 'cmake_clean_cache': False, 'cmake_clean_first': False, 'cmake_force_configure': False, 'cmake_target': None, 'cmake_target_skip_unavailable': False, 'install_base': '/home/duy/ros2_ws/src/imu_tools/install/imu_complementary_filter', 'merge_install': False, 'path': '/home/duy/ros2_ws/src/imu_tools/imu_complementary_filter', 'symlink_install': False, 'test_result_base': None}
[0.564s] Level 5:colcon.colcon_core.verb:set package 'imu_filter_madgwick' build argument 'cmake_args' from command line to 'None'
[0.564s] Level 5:colcon.colcon_core.verb:set package 'imu_filter_madgwick' build argument 'cmake_target' from command line to 'None'
[0.564s] Level 5:colcon.colcon_core.verb:set package 'imu_filter_madgwick' build argument 'cmake_target_skip_unavailable' from command line to 'False'
[0.564s] Level 5:colcon.colcon_core.verb:set package 'imu_filter_madgwick' build argument 'cmake_clean_cache' from command line to 'False'
[0.564s] Level 5:colcon.colcon_core.verb:set package 'imu_filter_madgwick' build argument 'cmake_clean_first' from command line to 'False'
[0.564s] Level 5:colcon.colcon_core.verb:set package 'imu_filter_madgwick' build argument 'cmake_force_configure' from command line to 'False'
[0.564s] Level 5:colcon.colcon_core.verb:set package 'imu_filter_madgwick' build argument 'ament_cmake_args' from command line to 'None'
[0.564s] Level 5:colcon.colcon_core.verb:set package 'imu_filter_madgwick' build argument 'catkin_cmake_args' from command line to 'None'
[0.564s] Level 5:colcon.colcon_core.verb:set package 'imu_filter_madgwick' build argument 'catkin_skip_building_tests' from command line to 'False'
[0.564s] DEBUG:colcon.colcon_core.verb:Building package 'imu_filter_madgwick' with the following arguments: {'ament_cmake_args': None, 'build_base': '/home/duy/ros2_ws/src/imu_tools/build/imu_filter_madgwick', 'catkin_cmake_args': None, 'catkin_skip_building_tests': False, 'cmake_args': None, 'cmake_clean_cache': False, 'cmake_clean_first': False, 'cmake_force_configure': False, 'cmake_target': None, 'cmake_target_skip_unavailable': False, 'install_base': '/home/duy/ros2_ws/src/imu_tools/install/imu_filter_madgwick', 'merge_install': False, 'path': '/home/duy/ros2_ws/src/imu_tools/imu_filter_madgwick', 'symlink_install': False, 'test_result_base': None}
[0.564s] Level 5:colcon.colcon_core.verb:set package 'rviz_imu_plugin' build argument 'cmake_args' from command line to 'None'
[0.564s] Level 5:colcon.colcon_core.verb:set package 'rviz_imu_plugin' build argument 'cmake_target' from command line to 'None'
[0.564s] Level 5:colcon.colcon_core.verb:set package 'rviz_imu_plugin' build argument 'cmake_target_skip_unavailable' from command line to 'False'
[0.564s] Level 5:colcon.colcon_core.verb:set package 'rviz_imu_plugin' build argument 'cmake_clean_cache' from command line to 'False'
[0.564s] Level 5:colcon.colcon_core.verb:set package 'rviz_imu_plugin' build argument 'cmake_clean_first' from command line to 'False'
[0.564s] Level 5:colcon.colcon_core.verb:set package 'rviz_imu_plugin' build argument 'cmake_force_configure' from command line to 'False'
[0.564s] Level 5:colcon.colcon_core.verb:set package 'rviz_imu_plugin' build argument 'ament_cmake_args' from command line to 'None'
[0.565s] Level 5:colcon.colcon_core.verb:set package 'rviz_imu_plugin' build argument 'catkin_cmake_args' from command line to 'None'
[0.565s] Level 5:colcon.colcon_core.verb:set package 'rviz_imu_plugin' build argument 'catkin_skip_building_tests' from command line to 'False'
[0.565s] DEBUG:colcon.colcon_core.verb:Building package 'rviz_imu_plugin' with the following arguments: {'ament_cmake_args': None, 'build_base': '/home/duy/ros2_ws/src/imu_tools/build/rviz_imu_plugin', 'catkin_cmake_args': None, 'catkin_skip_building_tests': False, 'cmake_args': None, 'cmake_clean_cache': False, 'cmake_clean_first': False, 'cmake_force_configure': False, 'cmake_target': None, 'cmake_target_skip_unavailable': False, 'install_base': '/home/duy/ros2_ws/src/imu_tools/install/rviz_imu_plugin', 'merge_install': False, 'path': '/home/duy/ros2_ws/src/imu_tools/rviz_imu_plugin', 'symlink_install': False, 'test_result_base': None}
[0.565s] Level 5:colcon.colcon_core.verb:set package 'imu_tools' build argument 'cmake_args' from command line to 'None'
[0.565s] Level 5:colcon.colcon_core.verb:set package 'imu_tools' build argument 'cmake_target' from command line to 'None'
[0.565s] Level 5:colcon.colcon_core.verb:set package 'imu_tools' build argument 'cmake_target_skip_unavailable' from command line to 'False'
[0.565s] Level 5:colcon.colcon_core.verb:set package 'imu_tools' build argument 'cmake_clean_cache' from command line to 'False'
[0.565s] Level 5:colcon.colcon_core.verb:set package 'imu_tools' build argument 'cmake_clean_first' from command line to 'False'
[0.565s] Level 5:colcon.colcon_core.verb:set package 'imu_tools' build argument 'cmake_force_configure' from command line to 'False'
[0.565s] Level 5:colcon.colcon_core.verb:set package 'imu_tools' build argument 'ament_cmake_args' from command line to 'None'
[0.565s] Level 5:colcon.colcon_core.verb:set package 'imu_tools' build argument 'catkin_cmake_args' from command line to 'None'
[0.565s] Level 5:colcon.colcon_core.verb:set package 'imu_tools' build argument 'catkin_skip_building_tests' from command line to 'False'
[0.565s] DEBUG:colcon.colcon_core.verb:Building package 'imu_tools' with the following arguments: {'ament_cmake_args': None, 'build_base': '/home/duy/ros2_ws/src/imu_tools/build/imu_tools', 'catkin_cmake_args': None, 'catkin_skip_building_tests': False, 'cmake_args': None, 'cmake_clean_cache': False, 'cmake_clean_first': False, 'cmake_force_configure': False, 'cmake_target': None, 'cmake_target_skip_unavailable': False, 'install_base': '/home/duy/ros2_ws/src/imu_tools/install/imu_tools', 'merge_install': False, 'path': '/home/duy/ros2_ws/src/imu_tools/imu_tools', 'symlink_install': False, 'test_result_base': None}
[0.565s] INFO:colcon.colcon_core.executor:Executing jobs using 'parallel' executor
[0.567s] DEBUG:colcon.colcon_parallel_executor.executor.parallel:run_until_complete
[0.567s] INFO:colcon.colcon_ros.task.ament_cmake.build:Building ROS package in '/home/duy/ros2_ws/src/imu_tools/imu_complementary_filter' with build type 'ament_cmake'
[0.567s] INFO:colcon.colcon_cmake.task.cmake.build:Building CMake package in '/home/duy/ros2_ws/src/imu_tools/imu_complementary_filter'
[0.576s] INFO:colcon.colcon_core.plugin_system:Skipping extension 'colcon_core.shell.bat': Not used on non-Windows systems
[0.576s] INFO:colcon.colcon_core.shell:Skip shell extension 'powershell' for command environment: Not usable outside of PowerShell
[0.576s] DEBUG:colcon.colcon_core.shell:Skip shell extension 'dsv' for command environment
[0.587s] INFO:colcon.colcon_ros.task.ament_cmake.build:Building ROS package in '/home/duy/ros2_ws/src/imu_tools/imu_filter_madgwick' with build type 'ament_cmake'
[0.587s] INFO:colcon.colcon_cmake.task.cmake.build:Building CMake package in '/home/duy/ros2_ws/src/imu_tools/imu_filter_madgwick'
[0.588s] INFO:colcon.colcon_core.shell:Skip shell extension 'powershell' for command environment: Not usable outside of PowerShell
[0.588s] DEBUG:colcon.colcon_core.shell:Skip shell extension 'dsv' for command environment
[0.598s] INFO:colcon.colcon_ros.task.ament_cmake.build:Building ROS package in '/home/duy/ros2_ws/src/imu_tools/rviz_imu_plugin' with build type 'ament_cmake'
[0.599s] INFO:colcon.colcon_cmake.task.cmake.build:Building CMake package in '/home/duy/ros2_ws/src/imu_tools/rviz_imu_plugin'
[0.599s] INFO:colcon.colcon_core.shell:Skip shell extension 'powershell' for command environment: Not usable outside of PowerShell
[0.599s] DEBUG:colcon.colcon_core.shell:Skip shell extension 'dsv' for command environment
[0.619s] DEBUG:colcon.colcon_core.event_handler.log_command:Invoking command in '/home/duy/ros2_ws/src/imu_tools/build/imu_complementary_filter': CMAKE_PREFIX_PATH=${CMAKE_PREFIX_PATH}:/home/duy/ros2_ws/src/odom_encoder/install/odom_encoder:/home/duy/ros2_ws/install/odom_encoder:/home/duy/ros2_ws/src/install/ros2_opencv:/home/duy/ros2_ws/src/install/odom_encoder:/opt/ros/jazzy DEBUGINFOD_URLS=https://debuginfod.ubuntu.com /usr/bin/cmake --build /home/duy/ros2_ws/src/imu_tools/build/imu_complementary_filter -- -j16 -l16
[0.624s] DEBUG:colcon.colcon_core.event_handler.log_command:Invoking command in '/home/duy/ros2_ws/src/imu_tools/build/imu_filter_madgwick': CMAKE_PREFIX_PATH=${CMAKE_PREFIX_PATH}:/home/duy/ros2_ws/src/odom_encoder/install/odom_encoder:/home/duy/ros2_ws/install/odom_encoder:/home/duy/ros2_ws/src/install/ros2_opencv:/home/duy/ros2_ws/src/install/odom_encoder:/opt/ros/jazzy DEBUGINFOD_URLS=https://debuginfod.ubuntu.com /usr/bin/cmake --build /home/duy/ros2_ws/src/imu_tools/build/imu_filter_madgwick -- -j16 -l16
[0.632s] DEBUG:colcon.colcon_core.event_handler.log_command:Invoking command in '/home/duy/ros2_ws/src/imu_tools/build/rviz_imu_plugin': CMAKE_PREFIX_PATH=${CMAKE_PREFIX_PATH}:/home/duy/ros2_ws/src/odom_encoder/install/odom_encoder:/home/duy/ros2_ws/install/odom_encoder:/home/duy/ros2_ws/src/install/ros2_opencv:/home/duy/ros2_ws/src/install/odom_encoder:/opt/ros/jazzy DEBUGINFOD_URLS=https://debuginfod.ubuntu.com /usr/bin/cmake --build /home/duy/ros2_ws/src/imu_tools/build/rviz_imu_plugin -- -j16 -l16
[0.842s] DEBUG:colcon.colcon_core.event_handler.log_command:Invoked command in '/home/duy/ros2_ws/src/imu_tools/build/imu_filter_madgwick' returned '0': CMAKE_PREFIX_PATH=${CMAKE_PREFIX_PATH}:/home/duy/ros2_ws/src/odom_encoder/install/odom_encoder:/home/duy/ros2_ws/install/odom_encoder:/home/duy/ros2_ws/src/install/ros2_opencv:/home/duy/ros2_ws/src/install/odom_encoder:/opt/ros/jazzy DEBUGINFOD_URLS=https://debuginfod.ubuntu.com /usr/bin/cmake --build /home/duy/ros2_ws/src/imu_tools/build/imu_filter_madgwick -- -j16 -l16
[0.865s] DEBUG:colcon.colcon_core.event_handler.log_command:Invoking command in '/home/duy/ros2_ws/src/imu_tools/build/imu_filter_madgwick': CMAKE_PREFIX_PATH=${CMAKE_PREFIX_PATH}:/home/duy/ros2_ws/src/odom_encoder/install/odom_encoder:/home/duy/ros2_ws/install/odom_encoder:/home/duy/ros2_ws/src/install/ros2_opencv:/home/duy/ros2_ws/src/install/odom_encoder:/opt/ros/jazzy DEBUGINFOD_URLS=https://debuginfod.ubuntu.com /usr/bin/cmake --install /home/duy/ros2_ws/src/imu_tools/build/imu_filter_madgwick
[0.890s] Level 1:colcon.colcon_core.environment:create_environment_scripts_only(imu_filter_madgwick)
[0.891s] DEBUG:colcon.colcon_core.event_handler.log_command:Invoked command in '/home/duy/ros2_ws/src/imu_tools/build/imu_filter_madgwick' returned '0': CMAKE_PREFIX_PATH=${CMAKE_PREFIX_PATH}:/home/duy/ros2_ws/src/odom_encoder/install/odom_encoder:/home/duy/ros2_ws/install/odom_encoder:/home/duy/ros2_ws/src/install/ros2_opencv:/home/duy/ros2_ws/src/install/odom_encoder:/opt/ros/jazzy DEBUGINFOD_URLS=https://debuginfod.ubuntu.com /usr/bin/cmake --install /home/duy/ros2_ws/src/imu_tools/build/imu_filter_madgwick
[0.902s] Level 1:colcon.colcon_core.environment:checking '/home/duy/ros2_ws/src/imu_tools/install/imu_filter_madgwick' for CMake module files
[0.904s] Level 1:colcon.colcon_core.environment:checking '/home/duy/ros2_ws/src/imu_tools/install/imu_filter_madgwick' for CMake config files
[0.904s] Level 1:colcon.colcon_core.shell:create_environment_hook('imu_filter_madgwick', 'cmake_prefix_path')
[0.905s] INFO:colcon.colcon_core.shell:Creating environment hook '/home/duy/ros2_ws/src/imu_tools/install/imu_filter_madgwick/share/imu_filter_madgwick/hook/cmake_prefix_path.ps1'
[0.906s] INFO:colcon.colcon_core.shell:Creating environment descriptor '/home/duy/ros2_ws/src/imu_tools/install/imu_filter_madgwick/share/imu_filter_madgwick/hook/cmake_prefix_path.dsv'
[0.906s] INFO:colcon.colcon_core.shell:Creating environment hook '/home/duy/ros2_ws/src/imu_tools/install/imu_filter_madgwick/share/imu_filter_madgwick/hook/cmake_prefix_path.sh'
[0.908s] Level 1:colcon.colcon_core.environment:checking '/home/duy/ros2_ws/src/imu_tools/install/imu_filter_madgwick/lib'
[0.908s] Level 1:colcon.colcon_core.shell:create_environment_hook('imu_filter_madgwick', 'ld_library_path_lib')
[0.908s] INFO:colcon.colcon_core.shell:Creating environment hook '/home/duy/ros2_ws/src/imu_tools/install/imu_filter_madgwick/share/imu_filter_madgwick/hook/ld_library_path_lib.ps1'
[0.909s] INFO:colcon.colcon_core.shell:Creating environment descriptor '/home/duy/ros2_ws/src/imu_tools/install/imu_filter_madgwick/share/imu_filter_madgwick/hook/ld_library_path_lib.dsv'
[0.910s] INFO:colcon.colcon_core.shell:Creating environment hook '/home/duy/ros2_ws/src/imu_tools/install/imu_filter_madgwick/share/imu_filter_madgwick/hook/ld_library_path_lib.sh'
[0.910s] Level 1:colcon.colcon_core.environment:checking '/home/duy/ros2_ws/src/imu_tools/install/imu_filter_madgwick/bin'
[0.910s] Level 1:colcon.colcon_core.environment:checking '/home/duy/ros2_ws/src/imu_tools/install/imu_filter_madgwick/lib/pkgconfig/imu_filter_madgwick.pc'
[0.911s] Level 1:colcon.colcon_core.environment:checking '/home/duy/ros2_ws/src/imu_tools/install/imu_filter_madgwick/lib/python3.12/site-packages'
[0.911s] Level 1:colcon.colcon_core.environment:checking '/home/duy/ros2_ws/src/imu_tools/install/imu_filter_madgwick/bin'
[0.912s] INFO:colcon.colcon_core.shell:Creating package script '/home/duy/ros2_ws/src/imu_tools/install/imu_filter_madgwick/share/imu_filter_madgwick/package.ps1'
[0.913s] INFO:colcon.colcon_core.shell:Creating package descriptor '/home/duy/ros2_ws/src/imu_tools/install/imu_filter_madgwick/share/imu_filter_madgwick/package.dsv'
[0.914s] INFO:colcon.colcon_core.shell:Creating package script '/home/duy/ros2_ws/src/imu_tools/install/imu_filter_madgwick/share/imu_filter_madgwick/package.sh'
[0.915s] INFO:colcon.colcon_core.shell:Creating package script '/home/duy/ros2_ws/src/imu_tools/install/imu_filter_madgwick/share/imu_filter_madgwick/package.bash'
[0.916s] INFO:colcon.colcon_core.shell:Creating package script '/home/duy/ros2_ws/src/imu_tools/install/imu_filter_madgwick/share/imu_filter_madgwick/package.zsh'
[0.917s] Level 1:colcon.colcon_core.environment:create_file_with_runtime_dependencies(/home/duy/ros2_ws/src/imu_tools/install/imu_filter_madgwick/share/colcon-core/packages/imu_filter_madgwick)
[0.918s] Level 1:colcon.colcon_core.environment:create_environment_scripts_only(imu_filter_madgwick)
[0.918s] Level 1:colcon.colcon_core.environment:checking '/home/duy/ros2_ws/src/imu_tools/install/imu_filter_madgwick' for CMake module files
[0.919s] Level 1:colcon.colcon_core.environment:checking '/home/duy/ros2_ws/src/imu_tools/install/imu_filter_madgwick' for CMake config files
[0.920s] Level 1:colcon.colcon_core.shell:create_environment_hook('imu_filter_madgwick', 'cmake_prefix_path')
[0.920s] INFO:colcon.colcon_core.shell:Creating environment hook '/home/duy/ros2_ws/src/imu_tools/install/imu_filter_madgwick/share/imu_filter_madgwick/hook/cmake_prefix_path.ps1'
[0.921s] INFO:colcon.colcon_core.shell:Creating environment descriptor '/home/duy/ros2_ws/src/imu_tools/install/imu_filter_madgwick/share/imu_filter_madgwick/hook/cmake_prefix_path.dsv'
[0.922s] INFO:colcon.colcon_core.shell:Creating environment hook '/home/duy/ros2_ws/src/imu_tools/install/imu_filter_madgwick/share/imu_filter_madgwick/hook/cmake_prefix_path.sh'
[0.923s] Level 1:colcon.colcon_core.environment:checking '/home/duy/ros2_ws/src/imu_tools/install/imu_filter_madgwick/lib'
[0.923s] Level 1:colcon.colcon_core.shell:create_environment_hook('imu_filter_madgwick', 'ld_library_path_lib')
[0.923s] INFO:colcon.colcon_core.shell:Creating environment hook '/home/duy/ros2_ws/src/imu_tools/install/imu_filter_madgwick/share/imu_filter_madgwick/hook/ld_library_path_lib.ps1'
[0.924s] INFO:colcon.colcon_core.shell:Creating environment descriptor '/home/duy/ros2_ws/src/imu_tools/install/imu_filter_madgwick/share/imu_filter_madgwick/hook/ld_library_path_lib.dsv'
[0.925s] INFO:colcon.colcon_core.shell:Creating environment hook '/home/duy/ros2_ws/src/imu_tools/install/imu_filter_madgwick/share/imu_filter_madgwick/hook/ld_library_path_lib.sh'
[0.926s] Level 1:colcon.colcon_core.environment:checking '/home/duy/ros2_ws/src/imu_tools/install/imu_filter_madgwick/bin'
[0.926s] Level 1:colcon.colcon_core.environment:checking '/home/duy/ros2_ws/src/imu_tools/install/imu_filter_madgwick/lib/pkgconfig/imu_filter_madgwick.pc'
[0.926s] Level 1:colcon.colcon_core.environment:checking '/home/duy/ros2_ws/src/imu_tools/install/imu_filter_madgwick/lib/python3.12/site-packages'
[0.927s] Level 1:colcon.colcon_core.environment:checking '/home/duy/ros2_ws/src/imu_tools/install/imu_filter_madgwick/bin'
[0.928s] INFO:colcon.colcon_core.shell:Creating package script '/home/duy/ros2_ws/src/imu_tools/install/imu_filter_madgwick/share/imu_filter_madgwick/package.ps1'
[0.929s] INFO:colcon.colcon_core.shell:Creating package descriptor '/home/duy/ros2_ws/src/imu_tools/install/imu_filter_madgwick/share/imu_filter_madgwick/package.dsv'
[0.930s] INFO:colcon.colcon_core.shell:Creating package script '/home/duy/ros2_ws/src/imu_tools/install/imu_filter_madgwick/share/imu_filter_madgwick/package.sh'
[0.931s] INFO:colcon.colcon_core.shell:Creating package script '/home/duy/ros2_ws/src/imu_tools/install/imu_filter_madgwick/share/imu_filter_madgwick/package.bash'
[0.932s] INFO:colcon.colcon_core.shell:Creating package script '/home/duy/ros2_ws/src/imu_tools/install/imu_filter_madgwick/share/imu_filter_madgwick/package.zsh'
[0.932s] Level 1:colcon.colcon_core.environment:create_file_with_runtime_dependencies(/home/duy/ros2_ws/src/imu_tools/install/imu_filter_madgwick/share/colcon-core/packages/imu_filter_madgwick)
[0.970s] DEBUG:colcon.colcon_core.event_handler.log_command:Invoked command in '/home/duy/ros2_ws/src/imu_tools/build/rviz_imu_plugin' returned '0': CMAKE_PREFIX_PATH=${CMAKE_PREFIX_PATH}:/home/duy/ros2_ws/src/odom_encoder/install/odom_encoder:/home/duy/ros2_ws/install/odom_encoder:/home/duy/ros2_ws/src/install/ros2_opencv:/home/duy/ros2_ws/src/install/odom_encoder:/opt/ros/jazzy DEBUGINFOD_URLS=https://debuginfod.ubuntu.com /usr/bin/cmake --build /home/duy/ros2_ws/src/imu_tools/build/rviz_imu_plugin -- -j16 -l16
[0.973s] DEBUG:colcon.colcon_core.event_handler.log_command:Invoking command in '/home/duy/ros2_ws/src/imu_tools/build/rviz_imu_plugin': CMAKE_PREFIX_PATH=${CMAKE_PREFIX_PATH}:/home/duy/ros2_ws/src/odom_encoder/install/odom_encoder:/home/duy/ros2_ws/install/odom_encoder:/home/duy/ros2_ws/src/install/ros2_opencv:/home/duy/ros2_ws/src/install/odom_encoder:/opt/ros/jazzy DEBUGINFOD_URLS=https://debuginfod.ubuntu.com /usr/bin/cmake --install /home/duy/ros2_ws/src/imu_tools/build/rviz_imu_plugin
[1.000s] Level 1:colcon.colcon_core.environment:create_environment_scripts_only(rviz_imu_plugin)
[1.001s] Level 1:colcon.colcon_core.environment:checking '/home/duy/ros2_ws/src/imu_tools/install/rviz_imu_plugin' for CMake module files
[1.002s] DEBUG:colcon.colcon_core.event_handler.log_command:Invoked command in '/home/duy/ros2_ws/src/imu_tools/build/rviz_imu_plugin' returned '0': CMAKE_PREFIX_PATH=${CMAKE_PREFIX_PATH}:/home/duy/ros2_ws/src/odom_encoder/install/odom_encoder:/home/duy/ros2_ws/install/odom_encoder:/home/duy/ros2_ws/src/install/ros2_opencv:/home/duy/ros2_ws/src/install/odom_encoder:/opt/ros/jazzy DEBUGINFOD_URLS=https://debuginfod.ubuntu.com /usr/bin/cmake --install /home/duy/ros2_ws/src/imu_tools/build/rviz_imu_plugin
[1.002s] Level 1:colcon.colcon_core.environment:checking '/home/duy/ros2_ws/src/imu_tools/install/rviz_imu_plugin' for CMake config files
[1.003s] Level 1:colcon.colcon_core.shell:create_environment_hook('rviz_imu_plugin', 'cmake_prefix_path')
[1.003s] INFO:colcon.colcon_core.shell:Creating environment hook '/home/duy/ros2_ws/src/imu_tools/install/rviz_imu_plugin/share/rviz_imu_plugin/hook/cmake_prefix_path.ps1'
[1.004s] INFO:colcon.colcon_core.shell:Creating environment descriptor '/home/duy/ros2_ws/src/imu_tools/install/rviz_imu_plugin/share/rviz_imu_plugin/hook/cmake_prefix_path.dsv'
[1.005s] INFO:colcon.colcon_core.shell:Creating environment hook '/home/duy/ros2_ws/src/imu_tools/install/rviz_imu_plugin/share/rviz_imu_plugin/hook/cmake_prefix_path.sh'
[1.006s] Level 1:colcon.colcon_core.environment:checking '/home/duy/ros2_ws/src/imu_tools/install/rviz_imu_plugin/lib'
[1.006s] Level 1:colcon.colcon_core.shell:create_environment_hook('rviz_imu_plugin', 'ld_library_path_lib')
[1.006s] INFO:colcon.colcon_core.shell:Creating environment hook '/home/duy/ros2_ws/src/imu_tools/install/rviz_imu_plugin/share/rviz_imu_plugin/hook/ld_library_path_lib.ps1'
[1.007s] INFO:colcon.colcon_core.shell:Creating environment descriptor '/home/duy/ros2_ws/src/imu_tools/install/rviz_imu_plugin/share/rviz_imu_plugin/hook/ld_library_path_lib.dsv'
[1.007s] INFO:colcon.colcon_core.shell:Creating environment hook '/home/duy/ros2_ws/src/imu_tools/install/rviz_imu_plugin/share/rviz_imu_plugin/hook/ld_library_path_lib.sh'
[1.008s] Level 1:colcon.colcon_core.environment:checking '/home/duy/ros2_ws/src/imu_tools/install/rviz_imu_plugin/bin'
[1.008s] Level 1:colcon.colcon_core.environment:checking '/home/duy/ros2_ws/src/imu_tools/install/rviz_imu_plugin/lib/pkgconfig/rviz_imu_plugin.pc'
[1.008s] Level 1:colcon.colcon_core.environment:checking '/home/duy/ros2_ws/src/imu_tools/install/rviz_imu_plugin/lib/python3.12/site-packages'
[1.009s] Level 1:colcon.colcon_core.environment:checking '/home/duy/ros2_ws/src/imu_tools/install/rviz_imu_plugin/bin'
[1.009s] INFO:colcon.colcon_core.shell:Creating package script '/home/duy/ros2_ws/src/imu_tools/install/rviz_imu_plugin/share/rviz_imu_plugin/package.ps1'
[1.010s] INFO:colcon.colcon_core.shell:Creating package descriptor '/home/duy/ros2_ws/src/imu_tools/install/rviz_imu_plugin/share/rviz_imu_plugin/package.dsv'
[1.011s] INFO:colcon.colcon_core.shell:Creating package script '/home/duy/ros2_ws/src/imu_tools/install/rviz_imu_plugin/share/rviz_imu_plugin/package.sh'
[1.011s] INFO:colcon.colcon_core.shell:Creating package script '/home/duy/ros2_ws/src/imu_tools/install/rviz_imu_plugin/share/rviz_imu_plugin/package.bash'
[1.012s] INFO:colcon.colcon_core.shell:Creating package script '/home/duy/ros2_ws/src/imu_tools/install/rviz_imu_plugin/share/rviz_imu_plugin/package.zsh'
[1.012s] Level 1:colcon.colcon_core.environment:create_file_with_runtime_dependencies(/home/duy/ros2_ws/src/imu_tools/install/rviz_imu_plugin/share/colcon-core/packages/rviz_imu_plugin)
[1.013s] Level 1:colcon.colcon_core.environment:create_environment_scripts_only(rviz_imu_plugin)
[1.013s] Level 1:colcon.colcon_core.environment:checking '/home/duy/ros2_ws/src/imu_tools/install/rviz_imu_plugin' for CMake module files
[1.014s] Level 1:colcon.colcon_core.environment:checking '/home/duy/ros2_ws/src/imu_tools/install/rviz_imu_plugin' for CMake config files
[1.015s] Level 1:colcon.colcon_core.shell:create_environment_hook('rviz_imu_plugin', 'cmake_prefix_path')
[1.015s] INFO:colcon.colcon_core.shell:Creating environment hook '/home/duy/ros2_ws/src/imu_tools/install/rviz_imu_plugin/share/rviz_imu_plugin/hook/cmake_prefix_path.ps1'
[1.016s] INFO:colcon.colcon_core.shell:Creating environment descriptor '/home/duy/ros2_ws/src/imu_tools/install/rviz_imu_plugin/share/rviz_imu_plugin/hook/cmake_prefix_path.dsv'
[1.016s] INFO:colcon.colcon_core.shell:Creating environment hook '/home/duy/ros2_ws/src/imu_tools/install/rviz_imu_plugin/share/rviz_imu_plugin/hook/cmake_prefix_path.sh'
[1.017s] Level 1:colcon.colcon_core.environment:checking '/home/duy/ros2_ws/src/imu_tools/install/rviz_imu_plugin/lib'
[1.017s] Level 1:colcon.colcon_core.shell:create_environment_hook('rviz_imu_plugin', 'ld_library_path_lib')
[1.018s] INFO:colcon.colcon_core.shell:Creating environment hook '/home/duy/ros2_ws/src/imu_tools/install/rviz_imu_plugin/share/rviz_imu_plugin/hook/ld_library_path_lib.ps1'
[1.018s] INFO:colcon.colcon_core.shell:Creating environment descriptor '/home/duy/ros2_ws/src/imu_tools/install/rviz_imu_plugin/share/rviz_imu_plugin/hook/ld_library_path_lib.dsv'
[1.019s] INFO:colcon.colcon_core.shell:Creating environment hook '/home/duy/ros2_ws/src/imu_tools/install/rviz_imu_plugin/share/rviz_imu_plugin/hook/ld_library_path_lib.sh'
[1.020s] Level 1:colcon.colcon_core.environment:checking '/home/duy/ros2_ws/src/imu_tools/install/rviz_imu_plugin/bin'
[1.020s] Level 1:colcon.colcon_core.environment:checking '/home/duy/ros2_ws/src/imu_tools/install/rviz_imu_plugin/lib/pkgconfig/rviz_imu_plugin.pc'
[1.020s] Level 1:colcon.colcon_core.environment:checking '/home/duy/ros2_ws/src/imu_tools/install/rviz_imu_plugin/lib/python3.12/site-packages'
[1.021s] Level 1:colcon.colcon_core.environment:checking '/home/duy/ros2_ws/src/imu_tools/install/rviz_imu_plugin/bin'
[1.021s] INFO:colcon.colcon_core.shell:Creating package script '/home/duy/ros2_ws/src/imu_tools/install/rviz_imu_plugin/share/rviz_imu_plugin/package.ps1'
[1.022s] INFO:colcon.colcon_core.shell:Creating package descriptor '/home/duy/ros2_ws/src/imu_tools/install/rviz_imu_plugin/share/rviz_imu_plugin/package.dsv'
[1.023s] INFO:colcon.colcon_core.shell:Creating package script '/home/duy/ros2_ws/src/imu_tools/install/rviz_imu_plugin/share/rviz_imu_plugin/package.sh'
[1.024s] INFO:colcon.colcon_core.shell:Creating package script '/home/duy/ros2_ws/src/imu_tools/install/rviz_imu_plugin/share/rviz_imu_plugin/package.bash'
[1.024s] INFO:colcon.colcon_core.shell:Creating package script '/home/duy/ros2_ws/src/imu_tools/install/rviz_imu_plugin/share/rviz_imu_plugin/package.zsh'
[1.025s] Level 1:colcon.colcon_core.environment:create_file_with_runtime_dependencies(/home/duy/ros2_ws/src/imu_tools/install/rviz_imu_plugin/share/colcon-core/packages/rviz_imu_plugin)
[15.023s] DEBUG:colcon.colcon_core.event_handler.log_command:Invoked command in '/home/duy/ros2_ws/src/imu_tools/build/imu_complementary_filter' returned '0': CMAKE_PREFIX_PATH=${CMAKE_PREFIX_PATH}:/home/duy/ros2_ws/src/odom_encoder/install/odom_encoder:/home/duy/ros2_ws/install/odom_encoder:/home/duy/ros2_ws/src/install/ros2_opencv:/home/duy/ros2_ws/src/install/odom_encoder:/opt/ros/jazzy DEBUGINFOD_URLS=https://debuginfod.ubuntu.com /usr/bin/cmake --build /home/duy/ros2_ws/src/imu_tools/build/imu_complementary_filter -- -j16 -l16
[15.024s] DEBUG:colcon.colcon_core.event_handler.log_command:Invoking command in '/home/duy/ros2_ws/src/imu_tools/build/imu_complementary_filter': CMAKE_PREFIX_PATH=${CMAKE_PREFIX_PATH}:/home/duy/ros2_ws/src/odom_encoder/install/odom_encoder:/home/duy/ros2_ws/install/odom_encoder:/home/duy/ros2_ws/src/install/ros2_opencv:/home/duy/ros2_ws/src/install/odom_encoder:/opt/ros/jazzy DEBUGINFOD_URLS=https://debuginfod.ubuntu.com /usr/bin/cmake --install /home/duy/ros2_ws/src/imu_tools/build/imu_complementary_filter
[15.054s] Level 1:colcon.colcon_core.environment:create_environment_scripts_only(imu_complementary_filter)
[15.054s] Level 1:colcon.colcon_core.environment:checking '/home/duy/ros2_ws/src/imu_tools/install/imu_complementary_filter' for CMake module files
[15.055s] DEBUG:colcon.colcon_core.event_handler.log_command:Invoked command in '/home/duy/ros2_ws/src/imu_tools/build/imu_complementary_filter' returned '0': CMAKE_PREFIX_PATH=${CMAKE_PREFIX_PATH}:/home/duy/ros2_ws/src/odom_encoder/install/odom_encoder:/home/duy/ros2_ws/install/odom_encoder:/home/duy/ros2_ws/src/install/ros2_opencv:/home/duy/ros2_ws/src/install/odom_encoder:/opt/ros/jazzy DEBUGINFOD_URLS=https://debuginfod.ubuntu.com /usr/bin/cmake --install /home/duy/ros2_ws/src/imu_tools/build/imu_complementary_filter
[15.055s] Level 1:colcon.colcon_core.environment:checking '/home/duy/ros2_ws/src/imu_tools/install/imu_complementary_filter' for CMake config files
[15.055s] Level 1:colcon.colcon_core.shell:create_environment_hook('imu_complementary_filter', 'cmake_prefix_path')
[15.055s] INFO:colcon.colcon_core.shell:Creating environment hook '/home/duy/ros2_ws/src/imu_tools/install/imu_complementary_filter/share/imu_complementary_filter/hook/cmake_prefix_path.ps1'
[15.056s] INFO:colcon.colcon_core.shell:Creating environment descriptor '/home/duy/ros2_ws/src/imu_tools/install/imu_complementary_filter/share/imu_complementary_filter/hook/cmake_prefix_path.dsv'
[15.056s] INFO:colcon.colcon_core.shell:Creating environment hook '/home/duy/ros2_ws/src/imu_tools/install/imu_complementary_filter/share/imu_complementary_filter/hook/cmake_prefix_path.sh'
[15.056s] Level 1:colcon.colcon_core.environment:checking '/home/duy/ros2_ws/src/imu_tools/install/imu_complementary_filter/lib'
[15.056s] Level 1:colcon.colcon_core.shell:create_environment_hook('imu_complementary_filter', 'ld_library_path_lib')
[15.057s] INFO:colcon.colcon_core.shell:Creating environment hook '/home/duy/ros2_ws/src/imu_tools/install/imu_complementary_filter/share/imu_complementary_filter/hook/ld_library_path_lib.ps1'
[15.057s] INFO:colcon.colcon_core.shell:Creating environment descriptor '/home/duy/ros2_ws/src/imu_tools/install/imu_complementary_filter/share/imu_complementary_filter/hook/ld_library_path_lib.dsv'
[15.057s] INFO:colcon.colcon_core.shell:Creating environment hook '/home/duy/ros2_ws/src/imu_tools/install/imu_complementary_filter/share/imu_complementary_filter/hook/ld_library_path_lib.sh'
[15.057s] Level 1:colcon.colcon_core.environment:checking '/home/duy/ros2_ws/src/imu_tools/install/imu_complementary_filter/bin'
[15.057s] Level 1:colcon.colcon_core.environment:checking '/home/duy/ros2_ws/src/imu_tools/install/imu_complementary_filter/lib/pkgconfig/imu_complementary_filter.pc'
[15.058s] Level 1:colcon.colcon_core.environment:checking '/home/duy/ros2_ws/src/imu_tools/install/imu_complementary_filter/lib/python3.12/site-packages'
[15.058s] Level 1:colcon.colcon_core.environment:checking '/home/duy/ros2_ws/src/imu_tools/install/imu_complementary_filter/bin'
[15.058s] INFO:colcon.colcon_core.shell:Creating package script '/home/duy/ros2_ws/src/imu_tools/install/imu_complementary_filter/share/imu_complementary_filter/package.ps1'
[15.058s] INFO:colcon.colcon_core.shell:Creating package descriptor '/home/duy/ros2_ws/src/imu_tools/install/imu_complementary_filter/share/imu_complementary_filter/package.dsv'
[15.059s] INFO:colcon.colcon_core.shell:Creating package script '/home/duy/ros2_ws/src/imu_tools/install/imu_complementary_filter/share/imu_complementary_filter/package.sh'
[15.059s] INFO:colcon.colcon_core.shell:Creating package script '/home/duy/ros2_ws/src/imu_tools/install/imu_complementary_filter/share/imu_complementary_filter/package.bash'
[15.059s] INFO:colcon.colcon_core.shell:Creating package script '/home/duy/ros2_ws/src/imu_tools/install/imu_complementary_filter/share/imu_complementary_filter/package.zsh'
[15.059s] Level 1:colcon.colcon_core.environment:create_file_with_runtime_dependencies(/home/duy/ros2_ws/src/imu_tools/install/imu_complementary_filter/share/colcon-core/packages/imu_complementary_filter)
[15.060s] Level 1:colcon.colcon_core.environment:create_environment_scripts_only(imu_complementary_filter)
[15.060s] Level 1:colcon.colcon_core.environment:checking '/home/duy/ros2_ws/src/imu_tools/install/imu_complementary_filter' for CMake module files
[15.060s] Level 1:colcon.colcon_core.environment:checking '/home/duy/ros2_ws/src/imu_tools/install/imu_complementary_filter' for CMake config files
[15.060s] Level 1:colcon.colcon_core.shell:create_environment_hook('imu_complementary_filter', 'cmake_prefix_path')
[15.061s] INFO:colcon.colcon_core.shell:Creating environment hook '/home/duy/ros2_ws/src/imu_tools/install/imu_complementary_filter/share/imu_complementary_filter/hook/cmake_prefix_path.ps1'
[15.061s] INFO:colcon.colcon_core.shell:Creating environment descriptor '/home/duy/ros2_ws/src/imu_tools/install/imu_complementary_filter/share/imu_complementary_filter/hook/cmake_prefix_path.dsv'
[15.061s] INFO:colcon.colcon_core.shell:Creating environment hook '/home/duy/ros2_ws/src/imu_tools/install/imu_complementary_filter/share/imu_complementary_filter/hook/cmake_prefix_path.sh'
[15.061s] Level 1:colcon.colcon_core.environment:checking '/home/duy/ros2_ws/src/imu_tools/install/imu_complementary_filter/lib'
[15.062s] Level 1:colcon.colcon_core.shell:create_environment_hook('imu_complementary_filter', 'ld_library_path_lib')
[15.062s] INFO:colcon.colcon_core.shell:Creating environment hook '/home/duy/ros2_ws/src/imu_tools/install/imu_complementary_filter/share/imu_complementary_filter/hook/ld_library_path_lib.ps1'
[15.062s] INFO:colcon.colcon_core.shell:Creating environment descriptor '/home/duy/ros2_ws/src/imu_tools/install/imu_complementary_filter/share/imu_complementary_filter/hook/ld_library_path_lib.dsv'
[15.062s] INFO:colcon.colcon_core.shell:Creating environment hook '/home/duy/ros2_ws/src/imu_tools/install/imu_complementary_filter/share/imu_complementary_filter/hook/ld_library_path_lib.sh'
[15.062s] Level 1:colcon.colcon_core.environment:checking '/home/duy/ros2_ws/src/imu_tools/install/imu_complementary_filter/bin'
[15.062s] Level 1:colcon.colcon_core.environment:checking '/home/duy/ros2_ws/src/imu_tools/install/imu_complementary_filter/lib/pkgconfig/imu_complementary_filter.pc'
[15.063s] Level 1:colcon.colcon_core.environment:checking '/home/duy/ros2_ws/src/imu_tools/install/imu_complementary_filter/lib/python3.12/site-packages'
[15.063s] Level 1:colcon.colcon_core.environment:checking '/home/duy/ros2_ws/src/imu_tools/install/imu_complementary_filter/bin'
[15.063s] INFO:colcon.colcon_core.shell:Creating package script '/home/duy/ros2_ws/src/imu_tools/install/imu_complementary_filter/share/imu_complementary_filter/package.ps1'
[15.064s] INFO:colcon.colcon_core.shell:Creating package descriptor '/home/duy/ros2_ws/src/imu_tools/install/imu_complementary_filter/share/imu_complementary_filter/package.dsv'
[15.064s] INFO:colcon.colcon_core.shell:Creating package script '/home/duy/ros2_ws/src/imu_tools/install/imu_complementary_filter/share/imu_complementary_filter/package.sh'
[15.065s] INFO:colcon.colcon_core.shell:Creating package script '/home/duy/ros2_ws/src/imu_tools/install/imu_complementary_filter/share/imu_complementary_filter/package.bash'
[15.065s] INFO:colcon.colcon_core.shell:Creating package script '/home/duy/ros2_ws/src/imu_tools/install/imu_complementary_filter/share/imu_complementary_filter/package.zsh'
[15.065s] Level 1:colcon.colcon_core.environment:create_file_with_runtime_dependencies(/home/duy/ros2_ws/src/imu_tools/install/imu_complementary_filter/share/colcon-core/packages/imu_complementary_filter)
[15.066s] INFO:colcon.colcon_ros.task.ament_cmake.build:Building ROS package in '/home/duy/ros2_ws/src/imu_tools/imu_tools' with build type 'ament_cmake'
[15.066s] INFO:colcon.colcon_cmake.task.cmake.build:Building CMake package in '/home/duy/ros2_ws/src/imu_tools/imu_tools'
[15.066s] INFO:colcon.colcon_core.shell:Skip shell extension 'powershell' for command environment: Not usable outside of PowerShell
[15.066s] DEBUG:colcon.colcon_core.shell:Skip shell extension 'dsv' for command environment
[15.084s] DEBUG:colcon.colcon_core.event_handler.log_command:Invoking command in '/home/duy/ros2_ws/src/imu_tools/build/imu_tools': CMAKE_PREFIX_PATH=/home/duy/ros2_ws/src/imu_tools/install/rviz_imu_plugin:/home/duy/ros2_ws/src/imu_tools/install/imu_filter_madgwick:/home/duy/ros2_ws/src/imu_tools/install/imu_complementary_filter:/home/duy/ros2_ws/src/my_robot_localization/install/my_robot_localization:/home/duy/ros2_ws/src/imu_tools/install/imu_tools:/home/duy/ros2_ws/install/imu_tools:/home/duy/ros2_ws/install/rviz_imu_plugin:/home/duy/ros2_ws/install/imu_filter_madgwick:/home/duy/ros2_ws/install/imu_complementary_filter:/home/duy/ros2_ws/install/qt_rviz_dashboard:/home/duy/ros2_ws/install/my_robot_navigation:/home/duy/ros2_ws/install/my_robot_model:/home/duy/ros2_ws/install/my_robot_localization:/home/duy/ros2_ws/src/install/imu_tools:/home/duy/ros2_ws/src/install/rviz_imu_plugin:/home/duy/ros2_ws/src/install/qt_rviz_dashboard:/home/duy/ros2_ws/src/install/odom_to_tf_ros2:/home/duy/ros2_ws/src/install/nav2_simple_astar_planner:/home/duy/ros2_ws/src/install/my_robot_navigation:/home/duy/ros2_ws/src/install/my_robot_model:/home/duy/ros2_ws/src/install/my_robot_localization:/home/duy/ros2_ws/src/install/imu_filter_madgwick:/home/duy/ros2_ws/src/install/imu_complementary_filter:/home/duy/ros2_ws/src/qt_rviz_dashboard/install/qt_rviz_dashboard:/opt/ros/jazzy/opt/gz_sim_vendor:/opt/ros/jazzy/opt/gz_sensors_vendor:/opt/ros/jazzy/opt/gz_physics_vendor:/opt/ros/jazzy/opt/sdformat_vendor:/opt/ros/jazzy/opt/gz_gui_vendor:/opt/ros/jazzy/opt/gz_transport_vendor:/opt/ros/jazzy/opt/gz_rendering_vendor:/opt/ros/jazzy/opt/gz_plugin_vendor:/opt/ros/jazzy/opt/gz_fuel_tools_vendor:/opt/ros/jazzy/opt/gz_msgs_vendor:/opt/ros/jazzy/opt/gz_common_vendor:/opt/ros/jazzy/opt/gz_math_vendor:/opt/ros/jazzy/opt/gz_utils_vendor:/opt/ros/jazzy/opt/gz_tools_vendor:/opt/ros/jazzy/opt/gz_ogre_next_vendor:/opt/ros/jazzy/opt/gz_dartsim_vendor:/opt/ros/jazzy/opt/gz_cmake_vendor:/home/duy/ros2_ws/src/odom_encoder/install/odom_encoder:/home/duy/ros2_ws/install/odom_encoder:/home/duy/ros2_ws/src/install/ros2_opencv:/home/duy/ros2_ws/src/install/odom_encoder:/opt/ros/jazzy DEBUGINFOD_URLS=https://debuginfod.ubuntu.com /usr/bin/cmake --build /home/duy/ros2_ws/src/imu_tools/build/imu_tools -- -j16 -l16
[15.131s] DEBUG:colcon.colcon_core.event_handler.log_command:Invoked command in '/home/duy/ros2_ws/src/imu_tools/build/imu_tools' returned '0': CMAKE_PREFIX_PATH=/home/duy/ros2_ws/src/imu_tools/install/rviz_imu_plugin:/home/duy/ros2_ws/src/imu_tools/install/imu_filter_madgwick:/home/duy/ros2_ws/src/imu_tools/install/imu_complementary_filter:/home/duy/ros2_ws/src/my_robot_localization/install/my_robot_localization:/home/duy/ros2_ws/src/imu_tools/install/imu_tools:/home/duy/ros2_ws/install/imu_tools:/home/duy/ros2_ws/install/rviz_imu_plugin:/home/duy/ros2_ws/install/imu_filter_madgwick:/home/duy/ros2_ws/install/imu_complementary_filter:/home/duy/ros2_ws/install/qt_rviz_dashboard:/home/duy/ros2_ws/install/my_robot_navigation:/home/duy/ros2_ws/install/my_robot_model:/home/duy/ros2_ws/install/my_robot_localization:/home/duy/ros2_ws/src/install/imu_tools:/home/duy/ros2_ws/src/install/rviz_imu_plugin:/home/duy/ros2_ws/src/install/qt_rviz_dashboard:/home/duy/ros2_ws/src/install/odom_to_tf_ros2:/home/duy/ros2_ws/src/install/nav2_simple_astar_planner:/home/duy/ros2_ws/src/install/my_robot_navigation:/home/duy/ros2_ws/src/install/my_robot_model:/home/duy/ros2_ws/src/install/my_robot_localization:/home/duy/ros2_ws/src/install/imu_filter_madgwick:/home/duy/ros2_ws/src/install/imu_complementary_filter:/home/duy/ros2_ws/src/qt_rviz_dashboard/install/qt_rviz_dashboard:/opt/ros/jazzy/opt/gz_sim_vendor:/opt/ros/jazzy/opt/gz_sensors_vendor:/opt/ros/jazzy/opt/gz_physics_vendor:/opt/ros/jazzy/opt/sdformat_vendor:/opt/ros/jazzy/opt/gz_gui_vendor:/opt/ros/jazzy/opt/gz_transport_vendor:/opt/ros/jazzy/opt/gz_rendering_vendor:/opt/ros/jazzy/opt/gz_plugin_vendor:/opt/ros/jazzy/opt/gz_fuel_tools_vendor:/opt/ros/jazzy/opt/gz_msgs_vendor:/opt/ros/jazzy/opt/gz_common_vendor:/opt/ros/jazzy/opt/gz_math_vendor:/opt/ros/jazzy/opt/gz_utils_vendor:/opt/ros/jazzy/opt/gz_tools_vendor:/opt/ros/jazzy/opt/gz_ogre_next_vendor:/opt/ros/jazzy/opt/gz_dartsim_vendor:/opt/ros/jazzy/opt/gz_cmake_vendor:/home/duy/ros2_ws/src/odom_encoder/install/odom_encoder:/home/duy/ros2_ws/install/odom_encoder:/home/duy/ros2_ws/src/install/ros2_opencv:/home/duy/ros2_ws/src/install/odom_encoder:/opt/ros/jazzy DEBUGINFOD_URLS=https://debuginfod.ubuntu.com /usr/bin/cmake --build /home/duy/ros2_ws/src/imu_tools/build/imu_tools -- -j16 -l16
[15.131s] DEBUG:colcon.colcon_core.event_handler.log_command:Invoking command in '/home/duy/ros2_ws/src/imu_tools/build/imu_tools': CMAKE_PREFIX_PATH=/home/duy/ros2_ws/src/imu_tools/install/rviz_imu_plugin:/home/duy/ros2_ws/src/imu_tools/install/imu_filter_madgwick:/home/duy/ros2_ws/src/imu_tools/install/imu_complementary_filter:/home/duy/ros2_ws/src/my_robot_localization/install/my_robot_localization:/home/duy/ros2_ws/src/imu_tools/install/imu_tools:/home/duy/ros2_ws/install/imu_tools:/home/duy/ros2_ws/install/rviz_imu_plugin:/home/duy/ros2_ws/install/imu_filter_madgwick:/home/duy/ros2_ws/install/imu_complementary_filter:/home/duy/ros2_ws/install/qt_rviz_dashboard:/home/duy/ros2_ws/install/my_robot_navigation:/home/duy/ros2_ws/install/my_robot_model:/home/duy/ros2_ws/install/my_robot_localization:/home/duy/ros2_ws/src/install/imu_tools:/home/duy/ros2_ws/src/install/rviz_imu_plugin:/home/duy/ros2_ws/src/install/qt_rviz_dashboard:/home/duy/ros2_ws/src/install/odom_to_tf_ros2:/home/duy/ros2_ws/src/install/nav2_simple_astar_planner:/home/duy/ros2_ws/src/install/my_robot_navigation:/home/duy/ros2_ws/src/install/my_robot_model:/home/duy/ros2_ws/src/install/my_robot_localization:/home/duy/ros2_ws/src/install/imu_filter_madgwick:/home/duy/ros2_ws/src/install/imu_complementary_filter:/home/duy/ros2_ws/src/qt_rviz_dashboard/install/qt_rviz_dashboard:/opt/ros/jazzy/opt/gz_sim_vendor:/opt/ros/jazzy/opt/gz_sensors_vendor:/opt/ros/jazzy/opt/gz_physics_vendor:/opt/ros/jazzy/opt/sdformat_vendor:/opt/ros/jazzy/opt/gz_gui_vendor:/opt/ros/jazzy/opt/gz_transport_vendor:/opt/ros/jazzy/opt/gz_rendering_vendor:/opt/ros/jazzy/opt/gz_plugin_vendor:/opt/ros/jazzy/opt/gz_fuel_tools_vendor:/opt/ros/jazzy/opt/gz_msgs_vendor:/opt/ros/jazzy/opt/gz_common_vendor:/opt/ros/jazzy/opt/gz_math_vendor:/opt/ros/jazzy/opt/gz_utils_vendor:/opt/ros/jazzy/opt/gz_tools_vendor:/opt/ros/jazzy/opt/gz_ogre_next_vendor:/opt/ros/jazzy/opt/gz_dartsim_vendor:/opt/ros/jazzy/opt/gz_cmake_vendor:/home/duy/ros2_ws/src/odom_encoder/install/odom_encoder:/home/duy/ros2_ws/install/odom_encoder:/home/duy/ros2_ws/src/install/ros2_opencv:/home/duy/ros2_ws/src/install/odom_encoder:/opt/ros/jazzy DEBUGINFOD_URLS=https://debuginfod.ubuntu.com /usr/bin/cmake --install /home/duy/ros2_ws/src/imu_tools/build/imu_tools
[15.143s] Level 1:colcon.colcon_core.environment:create_environment_scripts_only(imu_tools)
[15.143s] Level 1:colcon.colcon_core.environment:checking '/home/duy/ros2_ws/src/imu_tools/install/imu_tools' for CMake module files
[15.143s] DEBUG:colcon.colcon_core.event_handler.log_command:Invoked command in '/home/duy/ros2_ws/src/imu_tools/build/imu_tools' returned '0': CMAKE_PREFIX_PATH=/home/duy/ros2_ws/src/imu_tools/install/rviz_imu_plugin:/home/duy/ros2_ws/src/imu_tools/install/imu_filter_madgwick:/home/duy/ros2_ws/src/imu_tools/install/imu_complementary_filter:/home/duy/ros2_ws/src/my_robot_localization/install/my_robot_localization:/home/duy/ros2_ws/src/imu_tools/install/imu_tools:/home/duy/ros2_ws/install/imu_tools:/home/duy/ros2_ws/install/rviz_imu_plugin:/home/duy/ros2_ws/install/imu_filter_madgwick:/home/duy/ros2_ws/install/imu_complementary_filter:/home/duy/ros2_ws/install/qt_rviz_dashboard:/home/duy/ros2_ws/install/my_robot_navigation:/home/duy/ros2_ws/install/my_robot_model:/home/duy/ros2_ws/install/my_robot_localization:/home/duy/ros2_ws/src/install/imu_tools:/home/duy/ros2_ws/src/install/rviz_imu_plugin:/home/duy/ros2_ws/src/install/qt_rviz_dashboard:/home/duy/ros2_ws/src/install/odom_to_tf_ros2:/home/duy/ros2_ws/src/install/nav2_simple_astar_planner:/home/duy/ros2_ws/src/install/my_robot_navigation:/home/duy/ros2_ws/src/install/my_robot_model:/home/duy/ros2_ws/src/install/my_robot_localization:/home/duy/ros2_ws/src/install/imu_filter_madgwick:/home/duy/ros2_ws/src/install/imu_complementary_filter:/home/duy/ros2_ws/src/qt_rviz_dashboard/install/qt_rviz_dashboard:/opt/ros/jazzy/opt/gz_sim_vendor:/opt/ros/jazzy/opt/gz_sensors_vendor:/opt/ros/jazzy/opt/gz_physics_vendor:/opt/ros/jazzy/opt/sdformat_vendor:/opt/ros/jazzy/opt/gz_gui_vendor:/opt/ros/jazzy/opt/gz_transport_vendor:/opt/ros/jazzy/opt/gz_rendering_vendor:/opt/ros/jazzy/opt/gz_plugin_vendor:/opt/ros/jazzy/opt/gz_fuel_tools_vendor:/opt/ros/jazzy/opt/gz_msgs_vendor:/opt/ros/jazzy/opt/gz_common_vendor:/opt/ros/jazzy/opt/gz_math_vendor:/opt/ros/jazzy/opt/gz_utils_vendor:/opt/ros/jazzy/opt/gz_tools_vendor:/opt/ros/jazzy/opt/gz_ogre_next_vendor:/opt/ros/jazzy/opt/gz_dartsim_vendor:/opt/ros/jazzy/opt/gz_cmake_vendor:/home/duy/ros2_ws/src/odom_encoder/install/odom_encoder:/home/duy/ros2_ws/install/odom_encoder:/home/duy/ros2_ws/src/install/ros2_opencv:/home/duy/ros2_ws/src/install/odom_encoder:/opt/ros/jazzy DEBUGINFOD_URLS=https://debuginfod.ubuntu.com /usr/bin/cmake --install /home/duy/ros2_ws/src/imu_tools/build/imu_tools
[15.143s] Level 1:colcon.colcon_core.environment:checking '/home/duy/ros2_ws/src/imu_tools/install/imu_tools' for CMake config files
[15.144s] Level 1:colcon.colcon_core.shell:create_environment_hook('imu_tools', 'cmake_prefix_path')
[15.144s] INFO:colcon.colcon_core.shell:Creating environment hook '/home/duy/ros2_ws/src/imu_tools/install/imu_tools/share/imu_tools/hook/cmake_prefix_path.ps1'
[15.144s] INFO:colcon.colcon_core.shell:Creating environment descriptor '/home/duy/ros2_ws/src/imu_tools/install/imu_tools/share/imu_tools/hook/cmake_prefix_path.dsv'
[15.144s] INFO:colcon.colcon_core.shell:Creating environment hook '/home/duy/ros2_ws/src/imu_tools/install/imu_tools/share/imu_tools/hook/cmake_prefix_path.sh'
[15.145s] Level 1:colcon.colcon_core.environment:checking '/home/duy/ros2_ws/src/imu_tools/install/imu_tools/bin'
[15.145s] Level 1:colcon.colcon_core.environment:checking '/home/duy/ros2_ws/src/imu_tools/install/imu_tools/lib/pkgconfig/imu_tools.pc'
[15.145s] Level 1:colcon.colcon_core.environment:checking '/home/duy/ros2_ws/src/imu_tools/install/imu_tools/lib/python3.12/site-packages'
[15.145s] Level 1:colcon.colcon_core.environment:checking '/home/duy/ros2_ws/src/imu_tools/install/imu_tools/bin'
[15.145s] INFO:colcon.colcon_core.shell:Creating package script '/home/duy/ros2_ws/src/imu_tools/install/imu_tools/share/imu_tools/package.ps1'
[15.146s] INFO:colcon.colcon_core.shell:Creating package descriptor '/home/duy/ros2_ws/src/imu_tools/install/imu_tools/share/imu_tools/package.dsv'
[15.146s] INFO:colcon.colcon_core.shell:Creating package script '/home/duy/ros2_ws/src/imu_tools/install/imu_tools/share/imu_tools/package.sh'
[15.146s] INFO:colcon.colcon_core.shell:Creating package script '/home/duy/ros2_ws/src/imu_tools/install/imu_tools/share/imu_tools/package.bash'
[15.147s] INFO:colcon.colcon_core.shell:Creating package script '/home/duy/ros2_ws/src/imu_tools/install/imu_tools/share/imu_tools/package.zsh'
[15.147s] Level 1:colcon.colcon_core.environment:create_file_with_runtime_dependencies(/home/duy/ros2_ws/src/imu_tools/install/imu_tools/share/colcon-core/packages/imu_tools)
[15.147s] Level 1:colcon.colcon_core.environment:create_environment_scripts_only(imu_tools)
[15.147s] Level 1:colcon.colcon_core.environment:checking '/home/duy/ros2_ws/src/imu_tools/install/imu_tools' for CMake module files
[15.148s] Level 1:colcon.colcon_core.environment:checking '/home/duy/ros2_ws/src/imu_tools/install/imu_tools' for CMake config files
[15.148s] Level 1:colcon.colcon_core.shell:create_environment_hook('imu_tools', 'cmake_prefix_path')
[15.148s] INFO:colcon.colcon_core.shell:Creating environment hook '/home/duy/ros2_ws/src/imu_tools/install/imu_tools/share/imu_tools/hook/cmake_prefix_path.ps1'
[15.148s] INFO:colcon.colcon_core.shell:Creating environment descriptor '/home/duy/ros2_ws/src/imu_tools/install/imu_tools/share/imu_tools/hook/cmake_prefix_path.dsv'
[15.148s] INFO:colcon.colcon_core.shell:Creating environment hook '/home/duy/ros2_ws/src/imu_tools/install/imu_tools/share/imu_tools/hook/cmake_prefix_path.sh'
[15.149s] Level 1:colcon.colcon_core.environment:checking '/home/duy/ros2_ws/src/imu_tools/install/imu_tools/bin'
[15.149s] Level 1:colcon.colcon_core.environment:checking '/home/duy/ros2_ws/src/imu_tools/install/imu_tools/lib/pkgconfig/imu_tools.pc'
[15.149s] Level 1:colcon.colcon_core.environment:checking '/home/duy/ros2_ws/src/imu_tools/install/imu_tools/lib/python3.12/site-packages'
[15.149s] Level 1:colcon.colcon_core.environment:checking '/home/duy/ros2_ws/src/imu_tools/install/imu_tools/bin'
[15.149s] INFO:colcon.colcon_core.shell:Creating package script '/home/duy/ros2_ws/src/imu_tools/install/imu_tools/share/imu_tools/package.ps1'
[15.150s] INFO:colcon.colcon_core.shell:Creating package descriptor '/home/duy/ros2_ws/src/imu_tools/install/imu_tools/share/imu_tools/package.dsv'
[15.150s] INFO:colcon.colcon_core.shell:Creating package script '/home/duy/ros2_ws/src/imu_tools/install/imu_tools/share/imu_tools/package.sh'
[15.150s] INFO:colcon.colcon_core.shell:Creating package script '/home/duy/ros2_ws/src/imu_tools/install/imu_tools/share/imu_tools/package.bash'
[15.151s] INFO:colcon.colcon_core.shell:Creating package script '/home/duy/ros2_ws/src/imu_tools/install/imu_tools/share/imu_tools/package.zsh'
[15.151s] Level 1:colcon.colcon_core.environment:create_file_with_runtime_dependencies(/home/duy/ros2_ws/src/imu_tools/install/imu_tools/share/colcon-core/packages/imu_tools)
[15.151s] DEBUG:colcon.colcon_parallel_executor.executor.parallel:closing loop
[15.151s] DEBUG:colcon.colcon_parallel_executor.executor.parallel:loop closed
[15.151s] DEBUG:colcon.colcon_parallel_executor.executor.parallel:run_until_complete finished with '0'
[15.151s] DEBUG:colcon.colcon_core.event_reactor:joining thread
[15.158s] INFO:colcon.colcon_core.plugin_system:Skipping extension 'colcon_notification.desktop_notification.terminal_notifier': Not used on non-Darwin systems
[15.158s] INFO:colcon.colcon_core.plugin_system:Skipping extension 'colcon_notification.desktop_notification.win32': Not used on non-Windows systems
[15.158s] INFO:colcon.colcon_notification.desktop_notification:Sending desktop notification using 'notify2'
[15.176s] DEBUG:colcon.colcon_core.event_reactor:joined thread
[15.176s] INFO:colcon.colcon_core.shell:Creating prefix script '/home/duy/ros2_ws/src/imu_tools/install/local_setup.ps1'
[15.177s] INFO:colcon.colcon_core.shell:Creating prefix util module '/home/duy/ros2_ws/src/imu_tools/install/_local_setup_util_ps1.py'
[15.178s] INFO:colcon.colcon_core.shell:Creating prefix chain script '/home/duy/ros2_ws/src/imu_tools/install/setup.ps1'
[15.180s] INFO:colcon.colcon_core.shell:Creating prefix script '/home/duy/ros2_ws/src/imu_tools/install/local_setup.sh'
[15.180s] INFO:colcon.colcon_core.shell:Creating prefix util module '/home/duy/ros2_ws/src/imu_tools/install/_local_setup_util_sh.py'
[15.181s] INFO:colcon.colcon_core.shell:Creating prefix chain script '/home/duy/ros2_ws/src/imu_tools/install/setup.sh'
[15.182s] INFO:colcon.colcon_core.shell:Creating prefix script '/home/duy/ros2_ws/src/imu_tools/install/local_setup.bash'
[15.183s] INFO:colcon.colcon_core.shell:Creating prefix chain script '/home/duy/ros2_ws/src/imu_tools/install/setup.bash'
[15.184s] INFO:colcon.colcon_core.shell:Creating prefix script '/home/duy/ros2_ws/src/imu_tools/install/local_setup.zsh'
[15.185s] INFO:colcon.colcon_core.shell:Creating prefix chain script '/home/duy/ros2_ws/src/imu_tools/install/setup.zsh'
